

================================================================
== Vivado HLS Report for 'kmeans'
================================================================
* Date:           Fri Jul 22 17:48:54 2022

* Version:        2020.1 (Build 2897737 on Wed May 27 20:21:37 MDT 2020)
* Project:        kmeans_proj
* Solution:       solution4
* Product family: zynq
* Target device:  xc7z020-clg484-1


================================================================
== Performance Estimates
================================================================
+ Timing: 
    * Summary: 
    +--------+----------+-----------+------------+
    |  Clock |  Target  | Estimated | Uncertainty|
    +--------+----------+-----------+------------+
    |ap_clk  | 10.00 ns | 10.784 ns |   1.25 ns  |
    +--------+----------+-----------+------------+

+ Latency: 
    * Summary: 
    +---------+---------+----------+----------+-----+-----+---------+
    |  Latency (cycles) |  Latency (absolute) |  Interval | Pipeline|
    |   min   |   max   |    min   |    max   | min | max |   Type  |
    +---------+---------+----------+----------+-----+-----+---------+
    |      244|      284| 2.631 us | 3.063 us |  244|  284|   none  |
    +---------+---------+----------+----------+-----+-----+---------+

    + Detail: 
        * Instance: 
        +----------------------------+------------+---------+---------+----------+----------+-----+-----+---------+
        |                            |            |  Latency (cycles) |  Latency (absolute) |  Interval | Pipeline|
        |          Instance          |   Module   |   min   |   max   |    min   |    max   | min | max |   Type  |
        +----------------------------+------------+---------+---------+----------+----------+-----+-----+---------+
        |grp_abs_custom_fu_879       |abs_custom  |        0|        0|   0 ns   |   0 ns   |    0|    0|   none  |
        |grp_abs_custom_fu_884       |abs_custom  |        0|        0|   0 ns   |   0 ns   |    0|    0|   none  |
        |grp_abs_custom_fu_889       |abs_custom  |        0|        0|   0 ns   |   0 ns   |    0|    0|   none  |
        |grp_abs_custom_fu_894       |abs_custom  |        0|        0|   0 ns   |   0 ns   |    0|    0|   none  |
        |grp_abs_custom_fu_899       |abs_custom  |        0|        0|   0 ns   |   0 ns   |    0|    0|   none  |
        |grp_abs_custom_fu_904       |abs_custom  |        0|        0|   0 ns   |   0 ns   |    0|    0|   none  |
        |grp_abs_custom_fu_909       |abs_custom  |        0|        0|   0 ns   |   0 ns   |    0|    0|   none  |
        |grp_abs_custom_fu_914       |abs_custom  |        0|        0|   0 ns   |   0 ns   |    0|    0|   none  |
        |p_022_23_abs_custom_fu_919  |abs_custom  |        0|        0|   0 ns   |   0 ns   |    0|    0|   none  |
        |p_021_23_abs_custom_fu_924  |abs_custom  |        0|        0|   0 ns   |   0 ns   |    0|    0|   none  |
        |p_020_23_abs_custom_fu_929  |abs_custom  |        0|        0|   0 ns   |   0 ns   |    0|    0|   none  |
        |p_0_23_abs_custom_fu_934    |abs_custom  |        0|        0|   0 ns   |   0 ns   |    0|    0|   none  |
        +----------------------------+------------+---------+---------+----------+----------+-----+-----+---------+

        * Loop: 
        +-------------------------+---------+---------+-----------+-----------+-----------+------+----------+
        |                         |  Latency (cycles) | Iteration |  Initiation Interval  | Trip |          |
        |        Loop Name        |   min   |   max   |  Latency  |  achieved |   target  | Count| Pipelined|
        +-------------------------+---------+---------+-----------+-----------+-----------+------+----------+
        |- Loop 1                 |        2|        2|          1|          -|          -|     2|    no    |
        |- kmeans_distance_outer  |       32|       32|         16|          -|          -|     2|    no    |
        |- Loop 3                 |      206|      246| 103 ~ 123 |          -|          -|     2|    no    |
        | + Loop 3.1              |      100|      100|          2|          -|          -|    50|    no    |
        +-------------------------+---------+---------+-----------+-----------+-----------+------+----------+



================================================================
== Utilization Estimates
================================================================
* Summary: 
+-----------------+---------+-------+--------+-------+-----+
|       Name      | BRAM_18K| DSP48E|   FF   |  LUT  | URAM|
+-----------------+---------+-------+--------+-------+-----+
|DSP              |        -|      -|       -|      -|    -|
|Expression       |        -|      -|       0|   3190|    -|
|FIFO             |        -|      -|       -|      -|    -|
|Instance         |        -|      -|     454|    770|    -|
|Memory           |        1|      -|      78|     22|    0|
|Multiplexer      |        -|      -|       -|   1227|    -|
|Register         |        -|      -|    2083|      -|    -|
+-----------------+---------+-------+--------+-------+-----+
|Total            |        1|      0|    2615|   5209|    0|
+-----------------+---------+-------+--------+-------+-----+
|Available        |      280|    220|  106400|  53200|    0|
+-----------------+---------+-------+--------+-------+-----+
|Utilization (%)  |    ~0   |      0|       2|      9|    0|
+-----------------+---------+-------+--------+-------+-----+

+ Detail: 
    * Instance: 
    +----------------------------+----------------------+---------+-------+-----+-----+-----+
    |          Instance          |        Module        | BRAM_18K| DSP48E|  FF | LUT | URAM|
    +----------------------------+----------------------+---------+-------+-----+-----+-----+
    |grp_abs_custom_fu_879       |abs_custom            |        0|      0|    0|   41|    0|
    |grp_abs_custom_fu_884       |abs_custom            |        0|      0|    0|   41|    0|
    |grp_abs_custom_fu_889       |abs_custom            |        0|      0|    0|   41|    0|
    |grp_abs_custom_fu_894       |abs_custom            |        0|      0|    0|   41|    0|
    |grp_abs_custom_fu_899       |abs_custom            |        0|      0|    0|   41|    0|
    |grp_abs_custom_fu_904       |abs_custom            |        0|      0|    0|   41|    0|
    |grp_abs_custom_fu_909       |abs_custom            |        0|      0|    0|   41|    0|
    |grp_abs_custom_fu_914       |abs_custom            |        0|      0|    0|   41|    0|
    |p_022_23_abs_custom_fu_919  |abs_custom            |        0|      0|    0|   41|    0|
    |p_021_23_abs_custom_fu_924  |abs_custom            |        0|      0|    0|   41|    0|
    |p_020_23_abs_custom_fu_929  |abs_custom            |        0|      0|    0|   41|    0|
    |p_0_23_abs_custom_fu_934    |abs_custom            |        0|      0|    0|   41|    0|
    |kmeans_sdiv_18s_1cud_U2     |kmeans_sdiv_18s_1cud  |        0|      0|  227|  139|    0|
    |kmeans_sdiv_18s_1cud_U3     |kmeans_sdiv_18s_1cud  |        0|      0|  227|  139|    0|
    +----------------------------+----------------------+---------+-------+-----+-----+-----+
    |Total                       |                      |        0|      0|  454|  770|    0|
    +----------------------------+----------------------+---------+-------+-----+-----+-----+

    * DSP48E: 
    N/A

    * Memory: 
    +-------------------+----------------------+---------+----+----+-----+------+-----+------+-------------+
    |       Memory      |        Module        | BRAM_18K| FF | LUT| URAM| Words| Bits| Banks| W*Bits*Banks|
    +-------------------+----------------------+---------+----+----+-----+------+-----+------+-------------+
    |data_cluster_id_U  |kmeans_data_clustbkb  |        1|   0|   0|    0|    50|    1|     1|           50|
    |x_data_V_U         |kmeans_x_data_V       |        0|  39|  11|    0|    50|   13|     1|          650|
    |y_data_V_U         |kmeans_y_data_V       |        0|  39|  11|    0|    50|   13|     1|          650|
    +-------------------+----------------------+---------+----+----+-----+------+-----+------+-------------+
    |Total              |                      |        1|  78|  22|    0|   150|   27|     3|         1350|
    +-------------------+----------------------+---------+----+----+-----+------+-----+------+-------------+

    * FIFO: 
    N/A

    * Expression: 
    +-----------------------------+----------+-------+---+----+------------+------------+
    |        Variable Name        | Operation| DSP48E| FF| LUT| Bitwidth P0| Bitwidth P1|
    +-----------------------------+----------+-------+---+----+------------+------------+
    |add_ln30_10_fu_1427_p2       |     +    |      0|  0|  15|           6|           4|
    |add_ln30_11_fu_1495_p2       |     +    |      0|  0|  15|           6|           4|
    |add_ln30_12_fu_1507_p2       |     +    |      0|  0|  15|           6|           4|
    |add_ln30_13_fu_1575_p2       |     +    |      0|  0|  15|           6|           4|
    |add_ln30_14_fu_1587_p2       |     +    |      0|  0|  15|           7|           4|
    |add_ln30_15_fu_1660_p2       |     +    |      0|  0|  15|           7|           5|
    |add_ln30_16_fu_1671_p2       |     +    |      0|  0|  15|           7|           5|
    |add_ln30_17_fu_1738_p2       |     +    |      0|  0|  15|           7|           5|
    |add_ln30_18_fu_1749_p2       |     +    |      0|  0|  15|           7|           5|
    |add_ln30_19_fu_1816_p2       |     +    |      0|  0|  15|           7|           5|
    |add_ln30_1_fu_1095_p2        |     +    |      0|  0|  15|           6|           2|
    |add_ln30_20_fu_1827_p2       |     +    |      0|  0|  15|           7|           5|
    |add_ln30_21_fu_1894_p2       |     +    |      0|  0|  15|           7|           5|
    |add_ln30_22_fu_1905_p2       |     +    |      0|  0|  15|           7|           5|
    |add_ln30_23_fu_1916_p2       |     +    |      0|  0|  15|           7|           5|
    |add_ln30_24_fu_1598_p2       |     +    |      0|  0|  15|           6|           5|
    |add_ln30_2_fu_1107_p2        |     +    |      0|  0|  15|           6|           2|
    |add_ln30_3_fu_1175_p2        |     +    |      0|  0|  15|           6|           3|
    |add_ln30_4_fu_1187_p2        |     +    |      0|  0|  15|           6|           3|
    |add_ln30_5_fu_1255_p2        |     +    |      0|  0|  15|           6|           3|
    |add_ln30_6_fu_1267_p2        |     +    |      0|  0|  15|           6|           3|
    |add_ln30_7_fu_1335_p2        |     +    |      0|  0|  15|           6|           4|
    |add_ln30_8_fu_1347_p2        |     +    |      0|  0|  15|           6|           4|
    |add_ln30_9_fu_1415_p2        |     +    |      0|  0|  15|           6|           4|
    |add_ln30_fu_1027_p2          |     +    |      0|  0|  15|           6|           1|
    |add_ln703_24_fu_2017_p2      |     +    |      0|  0|  24|          17|          17|
    |add_ln703_49_fu_2011_p2      |     +    |      0|  0|  24|          17|          17|
    |count_fu_2120_p2             |     +    |      0|  0|  23|          16|           1|
    |grp_fu_939_p2                |     +    |      0|  0|  24|          17|          17|
    |grp_fu_945_p2                |     +    |      0|  0|  24|          17|          17|
    |grp_fu_957_p2                |     +    |      0|  0|  24|          17|          17|
    |grp_fu_963_p2                |     +    |      0|  0|  24|          17|          17|
    |i_1_fu_2035_p2               |     +    |      0|  0|  10|           2|           1|
    |i_fu_981_p2                  |     +    |      0|  0|  10|           2|           1|
    |j_fu_2047_p2                 |     +    |      0|  0|  15|           6|           1|
    |mean_value_x_V_fu_2104_p2    |     +    |      0|  0|  24|          17|          17|
    |mean_value_y_V_fu_2114_p2    |     +    |      0|  0|  24|          17|          17|
    |sub_ln703_10_fu_1137_p2      |     -    |      0|  0|  24|          17|          17|
    |sub_ln703_11_fu_1142_p2      |     -    |      0|  0|  24|          17|          17|
    |sub_ln703_12_fu_1151_p2      |     -    |      0|  0|  24|          17|          17|
    |sub_ln703_13_fu_1160_p2      |     -    |      0|  0|  24|          17|          17|
    |sub_ln703_14_fu_1165_p2      |     -    |      0|  0|  24|          17|          17|
    |sub_ln703_15_fu_1170_p2      |     -    |      0|  0|  24|          17|          17|
    |sub_ln703_16_fu_1203_p2      |     -    |      0|  0|  24|          17|          17|
    |sub_ln703_17_fu_1212_p2      |     -    |      0|  0|  24|          17|          17|
    |sub_ln703_18_fu_1217_p2      |     -    |      0|  0|  24|          17|          17|
    |sub_ln703_19_fu_1222_p2      |     -    |      0|  0|  24|          17|          17|
    |sub_ln703_1_fu_1052_p2       |     -    |      0|  0|  24|          17|          17|
    |sub_ln703_20_fu_1231_p2      |     -    |      0|  0|  24|          17|          17|
    |sub_ln703_21_fu_1240_p2      |     -    |      0|  0|  24|          17|          17|
    |sub_ln703_22_fu_1245_p2      |     -    |      0|  0|  24|          17|          17|
    |sub_ln703_23_fu_1250_p2      |     -    |      0|  0|  24|          17|          17|
    |sub_ln703_24_fu_1283_p2      |     -    |      0|  0|  24|          17|          17|
    |sub_ln703_25_fu_1292_p2      |     -    |      0|  0|  24|          17|          17|
    |sub_ln703_26_fu_1297_p2      |     -    |      0|  0|  24|          17|          17|
    |sub_ln703_27_fu_1302_p2      |     -    |      0|  0|  24|          17|          17|
    |sub_ln703_28_fu_1311_p2      |     -    |      0|  0|  24|          17|          17|
    |sub_ln703_29_fu_1320_p2      |     -    |      0|  0|  24|          17|          17|
    |sub_ln703_2_fu_1057_p2       |     -    |      0|  0|  24|          17|          17|
    |sub_ln703_30_fu_1325_p2      |     -    |      0|  0|  24|          17|          17|
    |sub_ln703_31_fu_1330_p2      |     -    |      0|  0|  24|          17|          17|
    |sub_ln703_32_fu_1363_p2      |     -    |      0|  0|  24|          17|          17|
    |sub_ln703_33_fu_1372_p2      |     -    |      0|  0|  24|          17|          17|
    |sub_ln703_34_fu_1377_p2      |     -    |      0|  0|  24|          17|          17|
    |sub_ln703_35_fu_1382_p2      |     -    |      0|  0|  24|          17|          17|
    |sub_ln703_36_fu_1391_p2      |     -    |      0|  0|  24|          17|          17|
    |sub_ln703_37_fu_1400_p2      |     -    |      0|  0|  24|          17|          17|
    |sub_ln703_38_fu_1405_p2      |     -    |      0|  0|  24|          17|          17|
    |sub_ln703_39_fu_1410_p2      |     -    |      0|  0|  24|          17|          17|
    |sub_ln703_3_fu_1062_p2       |     -    |      0|  0|  24|          17|          17|
    |sub_ln703_40_fu_1443_p2      |     -    |      0|  0|  24|          17|          17|
    |sub_ln703_41_fu_1452_p2      |     -    |      0|  0|  24|          17|          17|
    |sub_ln703_42_fu_1457_p2      |     -    |      0|  0|  24|          17|          17|
    |sub_ln703_43_fu_1462_p2      |     -    |      0|  0|  24|          17|          17|
    |sub_ln703_44_fu_1471_p2      |     -    |      0|  0|  24|          17|          17|
    |sub_ln703_45_fu_1480_p2      |     -    |      0|  0|  24|          17|          17|
    |sub_ln703_46_fu_1485_p2      |     -    |      0|  0|  24|          17|          17|
    |sub_ln703_47_fu_1490_p2      |     -    |      0|  0|  24|          17|          17|
    |sub_ln703_48_fu_1523_p2      |     -    |      0|  0|  24|          17|          17|
    |sub_ln703_49_fu_1532_p2      |     -    |      0|  0|  24|          17|          17|
    |sub_ln703_4_fu_1071_p2       |     -    |      0|  0|  24|          17|          17|
    |sub_ln703_50_fu_1537_p2      |     -    |      0|  0|  24|          17|          17|
    |sub_ln703_51_fu_1542_p2      |     -    |      0|  0|  24|          17|          17|
    |sub_ln703_52_fu_1551_p2      |     -    |      0|  0|  24|          17|          17|
    |sub_ln703_53_fu_1560_p2      |     -    |      0|  0|  24|          17|          17|
    |sub_ln703_54_fu_1565_p2      |     -    |      0|  0|  24|          17|          17|
    |sub_ln703_55_fu_1570_p2      |     -    |      0|  0|  24|          17|          17|
    |sub_ln703_56_fu_1608_p2      |     -    |      0|  0|  24|          17|          17|
    |sub_ln703_57_fu_1617_p2      |     -    |      0|  0|  24|          17|          17|
    |sub_ln703_58_fu_1622_p2      |     -    |      0|  0|  24|          17|          17|
    |sub_ln703_59_fu_1627_p2      |     -    |      0|  0|  24|          17|          17|
    |sub_ln703_5_fu_1080_p2       |     -    |      0|  0|  24|          17|          17|
    |sub_ln703_60_fu_1636_p2      |     -    |      0|  0|  24|          17|          17|
    |sub_ln703_61_fu_1645_p2      |     -    |      0|  0|  24|          17|          17|
    |sub_ln703_62_fu_1650_p2      |     -    |      0|  0|  24|          17|          17|
    |sub_ln703_63_fu_1655_p2      |     -    |      0|  0|  24|          17|          17|
    |sub_ln703_64_fu_1686_p2      |     -    |      0|  0|  24|          17|          17|
    |sub_ln703_65_fu_1695_p2      |     -    |      0|  0|  24|          17|          17|
    |sub_ln703_66_fu_1700_p2      |     -    |      0|  0|  24|          17|          17|
    |sub_ln703_67_fu_1705_p2      |     -    |      0|  0|  24|          17|          17|
    |sub_ln703_68_fu_1714_p2      |     -    |      0|  0|  24|          17|          17|
    |sub_ln703_69_fu_1723_p2      |     -    |      0|  0|  24|          17|          17|
    |sub_ln703_6_fu_1085_p2       |     -    |      0|  0|  24|          17|          17|
    |sub_ln703_70_fu_1728_p2      |     -    |      0|  0|  24|          17|          17|
    |sub_ln703_71_fu_1733_p2      |     -    |      0|  0|  24|          17|          17|
    |sub_ln703_72_fu_1764_p2      |     -    |      0|  0|  24|          17|          17|
    |sub_ln703_73_fu_1773_p2      |     -    |      0|  0|  24|          17|          17|
    |sub_ln703_74_fu_1778_p2      |     -    |      0|  0|  24|          17|          17|
    |sub_ln703_75_fu_1783_p2      |     -    |      0|  0|  24|          17|          17|
    |sub_ln703_76_fu_1792_p2      |     -    |      0|  0|  24|          17|          17|
    |sub_ln703_77_fu_1801_p2      |     -    |      0|  0|  24|          17|          17|
    |sub_ln703_78_fu_1806_p2      |     -    |      0|  0|  24|          17|          17|
    |sub_ln703_79_fu_1811_p2      |     -    |      0|  0|  24|          17|          17|
    |sub_ln703_7_fu_1090_p2       |     -    |      0|  0|  24|          17|          17|
    |sub_ln703_80_fu_1842_p2      |     -    |      0|  0|  24|          17|          17|
    |sub_ln703_81_fu_1851_p2      |     -    |      0|  0|  24|          17|          17|
    |sub_ln703_82_fu_1856_p2      |     -    |      0|  0|  24|          17|          17|
    |sub_ln703_83_fu_1861_p2      |     -    |      0|  0|  24|          17|          17|
    |sub_ln703_84_fu_1870_p2      |     -    |      0|  0|  24|          17|          17|
    |sub_ln703_85_fu_1879_p2      |     -    |      0|  0|  24|          17|          17|
    |sub_ln703_86_fu_1884_p2      |     -    |      0|  0|  24|          17|          17|
    |sub_ln703_87_fu_1889_p2      |     -    |      0|  0|  24|          17|          17|
    |sub_ln703_88_fu_1931_p2      |     -    |      0|  0|  24|          17|          17|
    |sub_ln703_89_fu_1940_p2      |     -    |      0|  0|  24|          17|          17|
    |sub_ln703_8_fu_1123_p2       |     -    |      0|  0|  24|          17|          17|
    |sub_ln703_90_fu_1945_p2      |     -    |      0|  0|  24|          17|          17|
    |sub_ln703_91_fu_1950_p2      |     -    |      0|  0|  24|          17|          17|
    |sub_ln703_92_fu_1959_p2      |     -    |      0|  0|  24|          17|          17|
    |sub_ln703_93_fu_1968_p2      |     -    |      0|  0|  24|          17|          17|
    |sub_ln703_94_fu_1973_p2      |     -    |      0|  0|  24|          17|          17|
    |sub_ln703_95_fu_1978_p2      |     -    |      0|  0|  24|          17|          17|
    |sub_ln703_96_fu_1987_p2      |     -    |      0|  0|  24|          17|          17|
    |sub_ln703_97_fu_1996_p2      |     -    |      0|  0|  24|          17|          17|
    |sub_ln703_98_fu_2001_p2      |     -    |      0|  0|  24|          17|          17|
    |sub_ln703_99_fu_2006_p2      |     -    |      0|  0|  24|          17|          17|
    |sub_ln703_9_fu_1132_p2       |     -    |      0|  0|  24|          17|          17|
    |sub_ln703_fu_1043_p2         |     -    |      0|  0|  24|          17|          17|
    |grp_fu_951_p2                |   icmp   |      0|  0|  18|          17|          17|
    |grp_fu_969_p2                |   icmp   |      0|  0|  18|          17|          17|
    |icmp_ln1495_24_fu_2023_p2    |   icmp   |      0|  0|  18|          17|          17|
    |icmp_ln19_fu_975_p2          |   icmp   |      0|  0|   9|           2|           3|
    |icmp_ln30_fu_1015_p2         |   icmp   |      0|  0|  11|           6|           5|
    |icmp_ln44_fu_2029_p2         |   icmp   |      0|  0|   9|           2|           3|
    |icmp_ln49_fu_2041_p2         |   icmp   |      0|  0|  11|           6|           5|
    |icmp_ln50_fu_2094_p2         |   icmp   |      0|  0|   8|           2|           2|
    |icmp_ln57_fu_2060_p2         |   icmp   |      0|  0|  13|          16|           1|
    |count_1_fu_2142_p3           |  select  |      0|  0|  16|           1|          16|
    |mean_value_x_V_1_fu_2126_p3  |  select  |      0|  0|  17|           1|          17|
    |mean_value_y_V_1_fu_2134_p3  |  select  |      0|  0|  17|           1|          17|
    +-----------------------------+----------+-------+---+----+------------+------------+
    |Total                        |          |      0|  0|3190|        2110|        2059|
    +-----------------------------+----------+-------+---+----+------------+------------+

    * Multiplexer: 
    +--------------------------------+-----+-----------+-----+-----------+
    |              Name              | LUT | Input Size| Bits| Total Bits|
    +--------------------------------+-----+-----------+-----+-----------+
    |ap_NS_fsm                       |  193|         44|    1|         44|
    |centroids_x_V_address0          |   15|          3|    1|          3|
    |centroids_x_V_address1          |   15|          3|    1|          3|
    |centroids_y_V_address0          |   15|          3|    1|          3|
    |centroids_y_V_address1          |   15|          3|    1|          3|
    |data_cluster_id_address0        |   59|         14|    6|         84|
    |data_cluster_id_address1        |   59|         14|    6|         84|
    |data_cluster_id_d0              |   59|         14|    1|         14|
    |data_cluster_id_d1              |   56|         13|    1|         13|
    |grp_abs_custom_fu_879_number_V  |   56|         13|   17|        221|
    |grp_abs_custom_fu_884_number_V  |   56|         13|   17|        221|
    |grp_abs_custom_fu_889_number_V  |   56|         13|   17|        221|
    |grp_abs_custom_fu_894_number_V  |   56|         13|   17|        221|
    |grp_abs_custom_fu_899_number_V  |   56|         13|   17|        221|
    |grp_abs_custom_fu_904_number_V  |   56|         13|   17|        221|
    |grp_abs_custom_fu_909_number_V  |   56|         13|   17|        221|
    |grp_abs_custom_fu_914_number_V  |   56|         13|   17|        221|
    |i_1_0_reg_808                   |    9|          2|    6|         12|
    |i_2_reg_820                     |    9|          2|    2|          4|
    |j_1_reg_856                     |    9|          2|    6|         12|
    |p_Val2_1_reg_797                |    9|          2|    2|          4|
    |p_Val2_5_reg_844                |    9|          2|   17|         34|
    |p_Val2_s_reg_832                |    9|          2|   17|         34|
    |tmp_V_reg_867                   |    9|          2|   16|         32|
    |x_data_V_address0               |   59|         14|    6|         84|
    |x_data_V_address1               |   56|         13|    6|         78|
    |y_data_V_address0               |   59|         14|    6|         84|
    |y_data_V_address1               |   56|         13|    6|         78|
    +--------------------------------+-----+-----------+-----+-----------+
    |Total                           | 1227|        283|  245|       2475|
    +--------------------------------+-----+-----------+-----+-----------+

    * Register: 
    +-------------------------------+----+----+-----+-----------+
    |              Name             | FF | LUT| Bits| Const Bits|
    +-------------------------------+----+----+-----+-----------+
    |add_ln30_24_reg_2887           |   6|   0|    6|          0|
    |ap_CS_fsm                      |  43|   0|   43|          0|
    |centroids_x_V_load_1_reg_2232  |  17|   0|   17|          0|
    |centroids_x_V_load_reg_2174    |  17|   0|   17|          0|
    |centroids_y_V_load_1_reg_2261  |  17|   0|   17|          0|
    |centroids_y_V_load_reg_2203    |  17|   0|   17|          0|
    |i_1_0_cast1_reg_2290           |   6|   0|    7|          1|
    |i_1_0_reg_808                  |   6|   0|    6|          0|
    |i_1_reg_3315                   |   2|   0|    2|          0|
    |i_2_reg_820                    |   2|   0|    2|          0|
    |icmp_ln1495_10_reg_2807        |   1|   0|    1|          0|
    |icmp_ln1495_11_reg_2812        |   1|   0|    1|          0|
    |icmp_ln1495_12_reg_2892        |   1|   0|    1|          0|
    |icmp_ln1495_13_reg_2897        |   1|   0|    1|          0|
    |icmp_ln1495_14_reg_2972        |   1|   0|    1|          0|
    |icmp_ln1495_15_reg_2977        |   1|   0|    1|          0|
    |icmp_ln1495_16_reg_3052        |   1|   0|    1|          0|
    |icmp_ln1495_17_reg_3057        |   1|   0|    1|          0|
    |icmp_ln1495_18_reg_3132        |   1|   0|    1|          0|
    |icmp_ln1495_19_reg_3137        |   1|   0|    1|          0|
    |icmp_ln1495_1_reg_2412         |   1|   0|    1|          0|
    |icmp_ln1495_20_reg_3227        |   1|   0|    1|          0|
    |icmp_ln1495_21_reg_3232        |   1|   0|    1|          0|
    |icmp_ln1495_22_reg_3297        |   1|   0|    1|          0|
    |icmp_ln1495_23_reg_3302        |   1|   0|    1|          0|
    |icmp_ln1495_24_reg_3307        |   1|   0|    1|          0|
    |icmp_ln1495_2_reg_2487         |   1|   0|    1|          0|
    |icmp_ln1495_3_reg_2492         |   1|   0|    1|          0|
    |icmp_ln1495_4_reg_2567         |   1|   0|    1|          0|
    |icmp_ln1495_5_reg_2572         |   1|   0|    1|          0|
    |icmp_ln1495_6_reg_2647         |   1|   0|    1|          0|
    |icmp_ln1495_7_reg_2652         |   1|   0|    1|          0|
    |icmp_ln1495_8_reg_2727         |   1|   0|    1|          0|
    |icmp_ln1495_9_reg_2732         |   1|   0|    1|          0|
    |icmp_ln1495_reg_2407           |   1|   0|    1|          0|
    |icmp_ln57_reg_3343             |   1|   0|    1|          0|
    |j_1_reg_856                    |   6|   0|    6|          0|
    |j_reg_3323                     |   6|   0|    6|          0|
    |p_Val2_1_reg_797               |   2|   0|    2|          0|
    |p_Val2_5_reg_844               |  17|   0|   17|          0|
    |p_Val2_s_reg_832               |  17|   0|   17|          0|
    |sub_ln703_10_reg_2427          |  17|   0|   17|          0|
    |sub_ln703_11_reg_2432          |  17|   0|   17|          0|
    |sub_ln703_12_reg_2437          |  17|   0|   17|          0|
    |sub_ln703_13_reg_2442          |  17|   0|   17|          0|
    |sub_ln703_14_reg_2447          |  17|   0|   17|          0|
    |sub_ln703_15_reg_2452          |  17|   0|   17|          0|
    |sub_ln703_16_reg_2497          |  17|   0|   17|          0|
    |sub_ln703_17_reg_2502          |  17|   0|   17|          0|
    |sub_ln703_18_reg_2507          |  17|   0|   17|          0|
    |sub_ln703_19_reg_2512          |  17|   0|   17|          0|
    |sub_ln703_1_reg_2342           |  17|   0|   17|          0|
    |sub_ln703_20_reg_2517          |  17|   0|   17|          0|
    |sub_ln703_21_reg_2522          |  17|   0|   17|          0|
    |sub_ln703_22_reg_2527          |  17|   0|   17|          0|
    |sub_ln703_23_reg_2532          |  17|   0|   17|          0|
    |sub_ln703_24_reg_2577          |  17|   0|   17|          0|
    |sub_ln703_25_reg_2582          |  17|   0|   17|          0|
    |sub_ln703_26_reg_2587          |  17|   0|   17|          0|
    |sub_ln703_27_reg_2592          |  17|   0|   17|          0|
    |sub_ln703_28_reg_2597          |  17|   0|   17|          0|
    |sub_ln703_29_reg_2602          |  17|   0|   17|          0|
    |sub_ln703_2_reg_2347           |  17|   0|   17|          0|
    |sub_ln703_30_reg_2607          |  17|   0|   17|          0|
    |sub_ln703_31_reg_2612          |  17|   0|   17|          0|
    |sub_ln703_32_reg_2657          |  17|   0|   17|          0|
    |sub_ln703_33_reg_2662          |  17|   0|   17|          0|
    |sub_ln703_34_reg_2667          |  17|   0|   17|          0|
    |sub_ln703_35_reg_2672          |  17|   0|   17|          0|
    |sub_ln703_36_reg_2677          |  17|   0|   17|          0|
    |sub_ln703_37_reg_2682          |  17|   0|   17|          0|
    |sub_ln703_38_reg_2687          |  17|   0|   17|          0|
    |sub_ln703_39_reg_2692          |  17|   0|   17|          0|
    |sub_ln703_3_reg_2352           |  17|   0|   17|          0|
    |sub_ln703_40_reg_2737          |  17|   0|   17|          0|
    |sub_ln703_41_reg_2742          |  17|   0|   17|          0|
    |sub_ln703_42_reg_2747          |  17|   0|   17|          0|
    |sub_ln703_43_reg_2752          |  17|   0|   17|          0|
    |sub_ln703_44_reg_2757          |  17|   0|   17|          0|
    |sub_ln703_45_reg_2762          |  17|   0|   17|          0|
    |sub_ln703_46_reg_2767          |  17|   0|   17|          0|
    |sub_ln703_47_reg_2772          |  17|   0|   17|          0|
    |sub_ln703_48_reg_2817          |  17|   0|   17|          0|
    |sub_ln703_49_reg_2822          |  17|   0|   17|          0|
    |sub_ln703_4_reg_2357           |  17|   0|   17|          0|
    |sub_ln703_50_reg_2827          |  17|   0|   17|          0|
    |sub_ln703_51_reg_2832          |  17|   0|   17|          0|
    |sub_ln703_52_reg_2837          |  17|   0|   17|          0|
    |sub_ln703_53_reg_2842          |  17|   0|   17|          0|
    |sub_ln703_54_reg_2847          |  17|   0|   17|          0|
    |sub_ln703_55_reg_2852          |  17|   0|   17|          0|
    |sub_ln703_56_reg_2902          |  17|   0|   17|          0|
    |sub_ln703_57_reg_2907          |  17|   0|   17|          0|
    |sub_ln703_58_reg_2912          |  17|   0|   17|          0|
    |sub_ln703_59_reg_2917          |  17|   0|   17|          0|
    |sub_ln703_5_reg_2362           |  17|   0|   17|          0|
    |sub_ln703_60_reg_2922          |  17|   0|   17|          0|
    |sub_ln703_61_reg_2927          |  17|   0|   17|          0|
    |sub_ln703_62_reg_2932          |  17|   0|   17|          0|
    |sub_ln703_63_reg_2937          |  17|   0|   17|          0|
    |sub_ln703_64_reg_2982          |  17|   0|   17|          0|
    |sub_ln703_65_reg_2987          |  17|   0|   17|          0|
    |sub_ln703_66_reg_2992          |  17|   0|   17|          0|
    |sub_ln703_67_reg_2997          |  17|   0|   17|          0|
    |sub_ln703_68_reg_3002          |  17|   0|   17|          0|
    |sub_ln703_69_reg_3007          |  17|   0|   17|          0|
    |sub_ln703_6_reg_2367           |  17|   0|   17|          0|
    |sub_ln703_70_reg_3012          |  17|   0|   17|          0|
    |sub_ln703_71_reg_3017          |  17|   0|   17|          0|
    |sub_ln703_72_reg_3062          |  17|   0|   17|          0|
    |sub_ln703_73_reg_3067          |  17|   0|   17|          0|
    |sub_ln703_74_reg_3072          |  17|   0|   17|          0|
    |sub_ln703_75_reg_3077          |  17|   0|   17|          0|
    |sub_ln703_76_reg_3082          |  17|   0|   17|          0|
    |sub_ln703_77_reg_3087          |  17|   0|   17|          0|
    |sub_ln703_78_reg_3092          |  17|   0|   17|          0|
    |sub_ln703_79_reg_3097          |  17|   0|   17|          0|
    |sub_ln703_7_reg_2372           |  17|   0|   17|          0|
    |sub_ln703_80_reg_3142          |  17|   0|   17|          0|
    |sub_ln703_81_reg_3147          |  17|   0|   17|          0|
    |sub_ln703_82_reg_3152          |  17|   0|   17|          0|
    |sub_ln703_83_reg_3157          |  17|   0|   17|          0|
    |sub_ln703_84_reg_3162          |  17|   0|   17|          0|
    |sub_ln703_85_reg_3167          |  17|   0|   17|          0|
    |sub_ln703_86_reg_3172          |  17|   0|   17|          0|
    |sub_ln703_87_reg_3177          |  17|   0|   17|          0|
    |sub_ln703_88_reg_3237          |  17|   0|   17|          0|
    |sub_ln703_89_reg_3242          |  17|   0|   17|          0|
    |sub_ln703_8_reg_2417           |  17|   0|   17|          0|
    |sub_ln703_90_reg_3247          |  17|   0|   17|          0|
    |sub_ln703_91_reg_3252          |  17|   0|   17|          0|
    |sub_ln703_92_reg_3257          |  17|   0|   17|          0|
    |sub_ln703_93_reg_3262          |  17|   0|   17|          0|
    |sub_ln703_94_reg_3267          |  17|   0|   17|          0|
    |sub_ln703_95_reg_3272          |  17|   0|   17|          0|
    |sub_ln703_96_reg_3277          |  17|   0|   17|          0|
    |sub_ln703_97_reg_3282          |  17|   0|   17|          0|
    |sub_ln703_98_reg_3287          |  17|   0|   17|          0|
    |sub_ln703_99_reg_3292          |  17|   0|   17|          0|
    |sub_ln703_9_reg_2422           |  17|   0|   17|          0|
    |sub_ln703_reg_2337             |  17|   0|   17|          0|
    |tmp_V_reg_867                  |  16|   0|   16|          0|
    |zext_ln31_10_reg_2697          |   6|   0|   64|         58|
    |zext_ln31_11_reg_2712          |   6|   0|   64|         58|
    |zext_ln31_12_reg_2777          |   6|   0|   64|         58|
    |zext_ln31_13_reg_2792          |   6|   0|   64|         58|
    |zext_ln31_14_reg_2857          |   6|   0|   64|         58|
    |zext_ln31_15_reg_2872          |   7|   0|   64|         57|
    |zext_ln31_16_reg_2942          |   7|   0|   64|         57|
    |zext_ln31_17_reg_2957          |   7|   0|   64|         57|
    |zext_ln31_18_reg_3022          |   7|   0|   64|         57|
    |zext_ln31_19_reg_3037          |   7|   0|   64|         57|
    |zext_ln31_1_reg_2322           |   6|   0|   64|         58|
    |zext_ln31_20_reg_3102          |   7|   0|   64|         57|
    |zext_ln31_21_reg_3117          |   7|   0|   64|         57|
    |zext_ln31_22_reg_3182          |   7|   0|   64|         57|
    |zext_ln31_23_reg_3197          |   7|   0|   64|         57|
    |zext_ln31_24_reg_3212          |   7|   0|   64|         57|
    |zext_ln31_2_reg_2377           |   6|   0|   64|         58|
    |zext_ln31_3_reg_2392           |   6|   0|   64|         58|
    |zext_ln31_4_reg_2457           |   6|   0|   64|         58|
    |zext_ln31_5_reg_2472           |   6|   0|   64|         58|
    |zext_ln31_6_reg_2537           |   6|   0|   64|         58|
    |zext_ln31_7_reg_2552           |   6|   0|   64|         58|
    |zext_ln31_8_reg_2617           |   6|   0|   64|         58|
    |zext_ln31_9_reg_2632           |   6|   0|   64|         58|
    |zext_ln31_reg_2307             |   6|   0|   64|         58|
    +-------------------------------+----+----+-----+-----------+
    |Total                          |2083|   0| 3524|       1441|
    +-------------------------------+----+----+-----+-----------+



================================================================
== Interface
================================================================
* Summary: 
+------------------------+-----+-----+------------+---------------+--------------+
|        RTL Ports       | Dir | Bits|  Protocol  | Source Object |    C Type    |
+------------------------+-----+-----+------------+---------------+--------------+
|ap_clk                  |  in |    1| ap_ctrl_hs |     kmeans    | return value |
|ap_rst                  |  in |    1| ap_ctrl_hs |     kmeans    | return value |
|ap_start                |  in |    1| ap_ctrl_hs |     kmeans    | return value |
|ap_done                 | out |    1| ap_ctrl_hs |     kmeans    | return value |
|ap_idle                 | out |    1| ap_ctrl_hs |     kmeans    | return value |
|ap_ready                | out |    1| ap_ctrl_hs |     kmeans    | return value |
|centroids_x_V_address0  | out |    1|  ap_memory | centroids_x_V |     array    |
|centroids_x_V_ce0       | out |    1|  ap_memory | centroids_x_V |     array    |
|centroids_x_V_we0       | out |    1|  ap_memory | centroids_x_V |     array    |
|centroids_x_V_d0        | out |   17|  ap_memory | centroids_x_V |     array    |
|centroids_x_V_q0        |  in |   17|  ap_memory | centroids_x_V |     array    |
|centroids_x_V_address1  | out |    1|  ap_memory | centroids_x_V |     array    |
|centroids_x_V_ce1       | out |    1|  ap_memory | centroids_x_V |     array    |
|centroids_x_V_we1       | out |    1|  ap_memory | centroids_x_V |     array    |
|centroids_x_V_d1        | out |   17|  ap_memory | centroids_x_V |     array    |
|centroids_x_V_q1        |  in |   17|  ap_memory | centroids_x_V |     array    |
|centroids_y_V_address0  | out |    1|  ap_memory | centroids_y_V |     array    |
|centroids_y_V_ce0       | out |    1|  ap_memory | centroids_y_V |     array    |
|centroids_y_V_we0       | out |    1|  ap_memory | centroids_y_V |     array    |
|centroids_y_V_d0        | out |   17|  ap_memory | centroids_y_V |     array    |
|centroids_y_V_q0        |  in |   17|  ap_memory | centroids_y_V |     array    |
|centroids_y_V_address1  | out |    1|  ap_memory | centroids_y_V |     array    |
|centroids_y_V_ce1       | out |    1|  ap_memory | centroids_y_V |     array    |
|centroids_y_V_we1       | out |    1|  ap_memory | centroids_y_V |     array    |
|centroids_y_V_d1        | out |   17|  ap_memory | centroids_y_V |     array    |
|centroids_y_V_q1        |  in |   17|  ap_memory | centroids_y_V |     array    |
+------------------------+-----+-----+------------+---------------+--------------+

