

================================================================
== Vivado HLS Report for 'kmeans'
================================================================
* Date:           Sat Jul 16 10:30:30 2022

* Version:        2020.1 (Build 2897737 on Wed May 27 20:21:37 MDT 2020)
* Project:        comp4601_proj
* Solution:       1-original-code
* Product family: zynq
* Target device:  xc7z020-clg484-1


================================================================
== Performance Estimates
================================================================
+ Timing: 
    * Summary: 
    +--------+----------+----------+------------+
    |  Clock |  Target  | Estimated| Uncertainty|
    +--------+----------+----------+------------+
    |ap_clk  | 10.00 ns | 9.514 ns |   1.25 ns  |
    +--------+----------+----------+------------+

+ Latency: 
    * Summary: 
    +---------+---------+----------+----------+--------+--------+---------+
    |  Latency (cycles) |  Latency (absolute) |     Interval    | Pipeline|
    |   min   |   max   |    min   |    max   |   min  |   max  |   Type  |
    +---------+---------+----------+----------+--------+--------+---------+
    |   496014|   500014| 4.960 ms | 5.000 ms |  496014|  500014|   none  |
    +---------+---------+----------+----------+--------+--------+---------+

    + Detail: 
        * Instance: 
        +---------------------------------+----------------------+---------+---------+----------+----------+-----+-----+----------+
        |                                 |                      |  Latency (cycles) |  Latency (absolute) |  Interval | Pipeline |
        |             Instance            |        Module        |   min   |   max   |    min   |    max   | min | max |   Type   |
        +---------------------------------+----------------------+---------+---------+----------+----------+-----+-----+----------+
        |grp_pow_generic_double_s_fu_304  |pow_generic_double_s  |       66|       66| 0.660 us | 0.660 us |    1|    1| function |
        |grp_pow_generic_double_s_fu_333  |pow_generic_double_s  |       66|       66| 0.660 us | 0.660 us |    1|    1| function |
        |grp_pow_generic_double_s_fu_362  |pow_generic_double_s  |       66|       66| 0.660 us | 0.660 us |    1|    1| function |
        |grp_pow_generic_double_s_fu_391  |pow_generic_double_s  |       66|       66| 0.660 us | 0.660 us |    1|    1| function |
        +---------------------------------+----------------------+---------+---------+----------+----------+-----+-----+----------+

        * Loop: 
        +-----------------+---------+---------+-------------+-----------+-----------+------+----------+
        |                 |  Latency (cycles) |  Iteration  |  Initiation Interval  | Trip |          |
        |    Loop Name    |   min   |   max   |   Latency   |  achieved |   target  | Count| Pipelined|
        +-----------------+---------+---------+-------------+-----------+-----------+------+----------+
        |- Loop 1         |       12|       12|            6|          -|          -|     2|    no    |
        |- Loop 2         |   496000|   500000| 4960 ~ 5000 |          -|          -|   100|    no    |
        | + Loop 2.1      |     4250|     4250|           85|          -|          -|    50|    no    |
        | + Loop 2.2      |      706|      746|  353 ~ 373  |          -|          -|     2|    no    |
        |  ++ Loop 2.2.1  |      350|      350|            7|          -|          -|    50|    no    |
        +-----------------+---------+---------+-------------+-----------+-----------+------+----------+



================================================================
== Utilization Estimates
================================================================
* Summary: 
+-----------------+---------+-------+--------+-------+-----+
|       Name      | BRAM_18K| DSP48E|   FF   |  LUT  | URAM|
+-----------------+---------+-------+--------+-------+-----+
|DSP              |        -|      -|       -|      -|    -|
|Expression       |        -|      -|       0|    343|    -|
|FIFO             |        -|      -|       -|      -|    -|
|Instance         |      268|    294|   81694|  40685|    -|
|Memory           |        2|      -|       2|      1|    0|
|Multiplexer      |        -|      -|       -|    815|    -|
|Register         |        -|      -|    1369|      -|    -|
+-----------------+---------+-------+--------+-------+-----+
|Total            |      270|    294|   83065|  41844|    0|
+-----------------+---------+-------+--------+-------+-----+
|Available        |      280|    220|  106400|  53200|    0|
+-----------------+---------+-------+--------+-------+-----+
|Utilization (%)  |       96|    133|      78|     78|    0|
+-----------------+---------+-------+--------+-------+-----+

+ Detail: 
    * Instance: 
    +---------------------------------+----------------------+---------+-------+-------+------+-----+
    |             Instance            |        Module        | BRAM_18K| DSP48E|   FF  |  LUT | URAM|
    +---------------------------------+----------------------+---------+-------+-------+------+-----+
    |kmeans_dadd_64ns_JfO_U56         |kmeans_dadd_64ns_JfO  |        0|      3|    445|  1149|    0|
    |kmeans_dadd_64ns_JfO_U57         |kmeans_dadd_64ns_JfO  |        0|      3|    445|  1149|    0|
    |kmeans_faddfsub_3CeG_U42         |kmeans_faddfsub_3CeG  |        0|      2|    205|   390|    0|
    |kmeans_faddfsub_3CeG_U43         |kmeans_faddfsub_3CeG  |        0|      2|    205|   390|    0|
    |kmeans_fcmp_32ns_IfE_U55         |kmeans_fcmp_32ns_IfE  |        0|      0|     66|   239|    0|
    |kmeans_fdiv_32ns_Ee0_U46         |kmeans_fdiv_32ns_Ee0  |        0|      0|    761|   994|    0|
    |kmeans_fdiv_32ns_Ee0_U47         |kmeans_fdiv_32ns_Ee0  |        0|      0|    761|   994|    0|
    |kmeans_fpext_32nsHfu_U51         |kmeans_fpext_32nsHfu  |        0|      0|    100|   138|    0|
    |kmeans_fpext_32nsHfu_U52         |kmeans_fpext_32nsHfu  |        0|      0|    100|   138|    0|
    |kmeans_fpext_32nsHfu_U53         |kmeans_fpext_32nsHfu  |        0|      0|    100|   138|    0|
    |kmeans_fpext_32nsHfu_U54         |kmeans_fpext_32nsHfu  |        0|      0|    100|   138|    0|
    |kmeans_fptrunc_64Gfk_U49         |kmeans_fptrunc_64Gfk  |        0|      0|    128|   277|    0|
    |kmeans_fptrunc_64Gfk_U50         |kmeans_fptrunc_64Gfk  |        0|      0|    128|   277|    0|
    |kmeans_fsub_32ns_DeQ_U44         |kmeans_fsub_32ns_DeQ  |        0|      2|    205|   390|    0|
    |kmeans_fsub_32ns_DeQ_U45         |kmeans_fsub_32ns_DeQ  |        0|      2|    205|   390|    0|
    |kmeans_sitofp_32nFfa_U48         |kmeans_sitofp_32nFfa  |        0|      0|    340|   554|    0|
    |grp_pow_generic_double_s_fu_304  |pow_generic_double_s  |       67|     70|  19350|  8235|    0|
    |grp_pow_generic_double_s_fu_333  |pow_generic_double_s  |       67|     70|  19350|  8235|    0|
    |grp_pow_generic_double_s_fu_362  |pow_generic_double_s  |       67|     70|  19350|  8235|    0|
    |grp_pow_generic_double_s_fu_391  |pow_generic_double_s  |       67|     70|  19350|  8235|    0|
    +---------------------------------+----------------------+---------+-------+-------+------+-----+
    |Total                            |                      |      268|    294|  81694| 40685|    0|
    +---------------------------------+----------------------+---------+-------+-------+------+-----+

    * DSP48E: 
    N/A

    * Memory: 
    +-------------------+----------------------+---------+---+----+-----+------+-----+------+-------------+
    |       Memory      |        Module        | BRAM_18K| FF| LUT| URAM| Words| Bits| Banks| W*Bits*Banks|
    +-------------------+----------------------+---------+---+----+-----+------+-----+------+-------------+
    |data_cluster_id_U  |kmeans_data_clustBew  |        0|  2|   1|    0|    50|    1|     1|           50|
    |x_data_U           |kmeans_x_data         |        1|  0|   0|    0|    50|   32|     1|         1600|
    |y_data_U           |kmeans_y_data         |        1|  0|   0|    0|    50|   32|     1|         1600|
    +-------------------+----------------------+---------+---+----+-----+------+-----+------+-------------+
    |Total              |                      |        2|  2|   1|    0|   150|   65|     3|         3250|
    +-------------------+----------------------+---------+---+----+-----+------+-----+------+-------------+

    * FIFO: 
    N/A

    * Expression: 
    +--------------------------+----------+-------+---+----+------------+------------+
    |       Variable Name      | Operation| DSP48E| FF| LUT| Bitwidth P0| Bitwidth P1|
    +--------------------------+----------+-------+---+----+------------+------------+
    |count_fu_679_p2           |     +    |      0|  0|  39|          32|           1|
    |i_3_fu_541_p2             |     +    |      0|  0|  15|           6|           1|
    |i_4_fu_638_p2             |     +    |      0|  0|  10|           2|           1|
    |i_fu_511_p2               |     +    |      0|  0|  10|           2|           1|
    |interation_fu_529_p2      |     +    |      0|  0|  15|           7|           1|
    |j_fu_650_p2               |     +    |      0|  0|  15|           6|           1|
    |and_ln29_fu_619_p2        |    and   |      0|  0|   2|           1|           1|
    |data_cluster_id_d0        |    and   |      0|  0|   2|           1|           1|
    |icmp_ln13_fu_505_p2       |   icmp   |      0|  0|   9|           2|           3|
    |icmp_ln21_fu_523_p2       |   icmp   |      0|  0|  11|           7|           6|
    |icmp_ln24_fu_535_p2       |   icmp   |      0|  0|  11|           6|           5|
    |icmp_ln29_1_fu_593_p2     |   icmp   |      0|  0|  18|          23|           1|
    |icmp_ln29_2_fu_599_p2     |   icmp   |      0|  0|  11|           8|           2|
    |icmp_ln29_3_fu_605_p2     |   icmp   |      0|  0|  18|          23|           1|
    |icmp_ln29_fu_587_p2       |   icmp   |      0|  0|  11|           8|           2|
    |icmp_ln38_fu_632_p2       |   icmp   |      0|  0|   9|           2|           3|
    |icmp_ln43_fu_644_p2       |   icmp   |      0|  0|  11|           6|           5|
    |icmp_ln44_fu_673_p2       |   icmp   |      0|  0|   8|           2|           2|
    |icmp_ln51_fu_663_p2       |   icmp   |      0|  0|  18|          32|           1|
    |or_ln29_1_fu_615_p2       |    or    |      0|  0|   2|           1|           1|
    |or_ln29_fu_611_p2         |    or    |      0|  0|   2|           1|           1|
    |count_1_fu_685_p3         |  select  |      0|  0|  32|           1|          32|
    |mean_value_x_1_fu_700_p3  |  select  |      0|  0|  32|           1|          32|
    |mean_value_y_1_fu_693_p3  |  select  |      0|  0|  32|           1|          32|
    +--------------------------+----------+-------+---+----+------------+------------+
    |Total                     |          |      0|  0| 343|         181|         137|
    +--------------------------+----------+-------+---+----+------------+------------+

    * Multiplexer: 
    +--------------------------+-----+-----------+-----+-----------+
    |           Name           | LUT | Input Size| Bits| Total Bits|
    +--------------------------+-----+-----------+-----+-----------+
    |ap_NS_fsm                 |  533|        124|    1|        124|
    |centroids_x_address0      |   15|          3|    1|          3|
    |centroids_x_address1      |   15|          3|    1|          3|
    |centroids_y_address0      |   15|          3|    1|          3|
    |centroids_y_address1      |   15|          3|    1|          3|
    |count_0_reg_281           |    9|          2|   32|         64|
    |data_cluster_id_address0  |   15|          3|    6|         18|
    |grp_fu_420_opcode         |   15|          3|    2|          6|
    |grp_fu_420_p0             |   15|          3|   32|         96|
    |grp_fu_420_p1             |   15|          3|   32|         96|
    |grp_fu_424_opcode         |   15|          3|    2|          6|
    |grp_fu_424_p0             |   15|          3|   32|         96|
    |grp_fu_424_p1             |   15|          3|   32|         96|
    |grp_fu_450_p0             |   15|          3|   32|         96|
    |i_0_reg_211               |    9|          2|    2|          4|
    |i_1_reg_234               |    9|          2|    6|         12|
    |i_2_reg_245               |    9|          2|    2|          4|
    |interation_0_reg_223      |    9|          2|    7|         14|
    |j_1_reg_293               |    9|          2|    6|         12|
    |mean_value_x_0_reg_269    |    9|          2|   32|         64|
    |mean_value_y_0_reg_257    |    9|          2|   32|         64|
    |x_data_address0           |   15|          3|    6|         18|
    |y_data_address0           |   15|          3|    6|         18|
    +--------------------------+-----+-----------+-----+-----------+
    |Total                     |  815|        182|  306|        920|
    +--------------------------+-----+-----------+-----+-----------+

    * Register: 
    +----------------------------------------------+-----+----+-----+-----------+
    |                     Name                     |  FF | LUT| Bits| Const Bits|
    +----------------------------------------------+-----+----+-----+-----------+
    |ap_CS_fsm                                     |  123|   0|  123|          0|
    |centroids_x_load_1_reg_744                    |   32|   0|   32|          0|
    |centroids_x_load_reg_734                      |   32|   0|   32|          0|
    |centroids_y_load_1_reg_749                    |   32|   0|   32|          0|
    |centroids_y_load_reg_739                      |   32|   0|   32|          0|
    |count_0_reg_281                               |   32|   0|   32|          0|
    |count_1_reg_920                               |   32|   0|   32|          0|
    |distance_reg_853                              |   32|   0|   32|          0|
    |grp_pow_generic_double_s_fu_304_ap_start_reg  |    1|   0|    1|          0|
    |grp_pow_generic_double_s_fu_333_ap_start_reg  |    1|   0|    1|          0|
    |grp_pow_generic_double_s_fu_362_ap_start_reg  |    1|   0|    1|          0|
    |grp_pow_generic_double_s_fu_391_ap_start_reg  |    1|   0|    1|          0|
    |i_0_reg_211                                   |    2|   0|    2|          0|
    |i_1_reg_234                                   |    6|   0|    6|          0|
    |i_2_reg_245                                   |    2|   0|    2|          0|
    |i_3_reg_757                                   |    6|   0|    6|          0|
    |i_4_reg_882                                   |    2|   0|    2|          0|
    |i_reg_721                                     |    2|   0|    2|          0|
    |icmp_ln29_1_reg_864                           |    1|   0|    1|          0|
    |icmp_ln29_2_reg_869                           |    1|   0|    1|          0|
    |icmp_ln29_3_reg_874                           |    1|   0|    1|          0|
    |icmp_ln29_reg_859                             |    1|   0|    1|          0|
    |icmp_ln44_reg_914                             |    1|   0|    1|          0|
    |icmp_ln51_reg_910                             |    1|   0|    1|          0|
    |interation_0_reg_223                          |    7|   0|    7|          0|
    |interation_reg_729                            |    7|   0|    7|          0|
    |j_1_reg_293                                   |    6|   0|    6|          0|
    |j_reg_890                                     |    6|   0|    6|          0|
    |mean_value_x_0_reg_269                        |   32|   0|   32|          0|
    |mean_value_y_0_reg_257                        |   32|   0|   32|          0|
    |min_distance_reg_847                          |   32|   0|   32|          0|
    |reg_486                                       |   32|   0|   32|          0|
    |reg_493                                       |   32|   0|   32|          0|
    |tmp_2_reg_782                                 |   32|   0|   32|          0|
    |tmp_4_reg_837                                 |   64|   0|   64|          0|
    |tmp_5_reg_787                                 |   32|   0|   32|          0|
    |tmp_7_reg_792                                 |   32|   0|   32|          0|
    |tmp_8_reg_935                                 |   32|   0|   32|          0|
    |tmp_9_reg_842                                 |   64|   0|   64|          0|
    |tmp_i4_reg_822                                |   64|   0|   64|          0|
    |tmp_i5_reg_827                                |   64|   0|   64|          0|
    |tmp_i6_reg_832                                |   64|   0|   64|          0|
    |tmp_i_reg_817                                 |   64|   0|   64|          0|
    |tmp_s_reg_777                                 |   32|   0|   32|          0|
    |x_assign_1_reg_802                            |   64|   0|   64|          0|
    |x_assign_2_reg_807                            |   64|   0|   64|          0|
    |x_assign_3_reg_812                            |   64|   0|   64|          0|
    |x_assign_reg_797                              |   64|   0|   64|          0|
    |zext_ln25_reg_762                             |    6|   0|   64|         58|
    +----------------------------------------------+-----+----+-----+-----------+
    |Total                                         | 1369|   0| 1427|         58|
    +----------------------------------------------+-----+----+-----+-----------+



================================================================
== Interface
================================================================
* Summary: 
+----------------------+-----+-----+------------+--------------+--------------+
|       RTL Ports      | Dir | Bits|  Protocol  | Source Object|    C Type    |
+----------------------+-----+-----+------------+--------------+--------------+
|ap_clk                |  in |    1| ap_ctrl_hs |    kmeans    | return value |
|ap_rst                |  in |    1| ap_ctrl_hs |    kmeans    | return value |
|ap_start              |  in |    1| ap_ctrl_hs |    kmeans    | return value |
|ap_done               | out |    1| ap_ctrl_hs |    kmeans    | return value |
|ap_idle               | out |    1| ap_ctrl_hs |    kmeans    | return value |
|ap_ready              | out |    1| ap_ctrl_hs |    kmeans    | return value |
|centroids_x_address0  | out |    1|  ap_memory |  centroids_x |     array    |
|centroids_x_ce0       | out |    1|  ap_memory |  centroids_x |     array    |
|centroids_x_we0       | out |    1|  ap_memory |  centroids_x |     array    |
|centroids_x_d0        | out |   32|  ap_memory |  centroids_x |     array    |
|centroids_x_q0        |  in |   32|  ap_memory |  centroids_x |     array    |
|centroids_x_address1  | out |    1|  ap_memory |  centroids_x |     array    |
|centroids_x_ce1       | out |    1|  ap_memory |  centroids_x |     array    |
|centroids_x_we1       | out |    1|  ap_memory |  centroids_x |     array    |
|centroids_x_d1        | out |   32|  ap_memory |  centroids_x |     array    |
|centroids_x_q1        |  in |   32|  ap_memory |  centroids_x |     array    |
|centroids_y_address0  | out |    1|  ap_memory |  centroids_y |     array    |
|centroids_y_ce0       | out |    1|  ap_memory |  centroids_y |     array    |
|centroids_y_we0       | out |    1|  ap_memory |  centroids_y |     array    |
|centroids_y_d0        | out |   32|  ap_memory |  centroids_y |     array    |
|centroids_y_q0        |  in |   32|  ap_memory |  centroids_y |     array    |
|centroids_y_address1  | out |    1|  ap_memory |  centroids_y |     array    |
|centroids_y_ce1       | out |    1|  ap_memory |  centroids_y |     array    |
|centroids_y_we1       | out |    1|  ap_memory |  centroids_y |     array    |
|centroids_y_d1        | out |   32|  ap_memory |  centroids_y |     array    |
|centroids_y_q1        |  in |   32|  ap_memory |  centroids_y |     array    |
+----------------------+-----+-----+------------+--------------+--------------+

