

================================================================
== Vivado HLS Report for 'kmeans'
================================================================
* Date:           Sat Jul 16 10:35:52 2022

* Version:        2020.1 (Build 2897737 on Wed May 27 20:21:37 MDT 2020)
* Project:        comp4601_proj
* Solution:       3-change-pow-to-abs
* Product family: zynq
* Target device:  xc7z020-clg484-1


================================================================
== Performance Estimates
================================================================
+ Timing: 
    * Summary: 
    +--------+----------+----------+------------+
    |  Clock |  Target  | Estimated| Uncertainty|
    +--------+----------+----------+------------+
    |ap_clk  | 10.00 ns | 8.735 ns |   1.25 ns  |
    +--------+----------+----------+------------+

+ Latency: 
    * Summary: 
    +---------+---------+-----------+-----------+------+------+---------+
    |  Latency (cycles) |   Latency (absolute)  |   Interval  | Pipeline|
    |   min   |   max   |    min    |    max    |  min |  max |   Type  |
    +---------+---------+-----------+-----------+------+------+---------+
    |     1522|     1562| 15.220 us | 15.620 us |  1522|  1562|   none  |
    +---------+---------+-----------+-----------+------+------+---------+

    + Detail: 
        * Instance: 
        N/A

        * Loop: 
        +-------------+---------+---------+-----------+-----------+-----------+------+----------+
        |             |  Latency (cycles) | Iteration |  Initiation Interval  | Trip |          |
        |  Loop Name  |   min   |   max   |  Latency  |  achieved |   target  | Count| Pipelined|
        +-------------+---------+---------+-----------+-----------+-----------+------+----------+
        |- Loop 1     |       12|       12|          6|          -|          -|     2|    no    |
        |- Loop 2     |      800|      800|         16|          -|          -|    50|    no    |
        |- Loop 3     |      706|      746| 353 ~ 373 |          -|          -|     2|    no    |
        | + Loop 3.1  |      350|      350|          7|          -|          -|    50|    no    |
        +-------------+---------+---------+-----------+-----------+-----------+------+----------+



================================================================
== Utilization Estimates
================================================================
* Summary: 
+-----------------+---------+-------+--------+-------+-----+
|       Name      | BRAM_18K| DSP48E|   FF   |  LUT  | URAM|
+-----------------+---------+-------+--------+-------+-----+
|DSP              |        -|      -|       -|      -|    -|
|Expression       |        -|      -|       0|    709|    -|
|FIFO             |        -|      -|       -|      -|    -|
|Instance         |        -|      8|    2946|   5058|    -|
|Memory           |        2|      -|       2|      1|    0|
|Multiplexer      |        -|      -|       -|    575|    -|
|Register         |        -|      -|     705|      -|    -|
+-----------------+---------+-------+--------+-------+-----+
|Total            |        2|      8|    3653|   6343|    0|
+-----------------+---------+-------+--------+-------+-----+
|Available        |      280|    220|  106400|  53200|    0|
+-----------------+---------+-------+--------+-------+-----+
|Utilization (%)  |    ~0   |      3|       3|     11|    0|
+-----------------+---------+-------+--------+-------+-----+

+ Detail: 
    * Instance: 
    +--------------------------+----------------------+---------+-------+-----+-----+-----+
    |         Instance         |        Module        | BRAM_18K| DSP48E|  FF | LUT | URAM|
    +--------------------------+----------------------+---------+-------+-----+-----+-----+
    |kmeans_faddfsub_3cud_U1   |kmeans_faddfsub_3cud  |        0|      2|  205|  390|    0|
    |kmeans_faddfsub_3cud_U2   |kmeans_faddfsub_3cud  |        0|      2|  205|  390|    0|
    |kmeans_fcmp_32ns_g8j_U8   |kmeans_fcmp_32ns_g8j  |        0|      0|   66|  239|    0|
    |kmeans_fcmp_32ns_g8j_U9   |kmeans_fcmp_32ns_g8j  |        0|      0|   66|  239|    0|
    |kmeans_fcmp_32ns_g8j_U10  |kmeans_fcmp_32ns_g8j  |        0|      0|   66|  239|    0|
    |kmeans_fcmp_32ns_g8j_U11  |kmeans_fcmp_32ns_g8j  |        0|      0|   66|  239|    0|
    |kmeans_fdiv_32ns_eOg_U5   |kmeans_fdiv_32ns_eOg  |        0|      0|  761|  994|    0|
    |kmeans_fdiv_32ns_eOg_U6   |kmeans_fdiv_32ns_eOg  |        0|      0|  761|  994|    0|
    |kmeans_fsub_32ns_dEe_U3   |kmeans_fsub_32ns_dEe  |        0|      2|  205|  390|    0|
    |kmeans_fsub_32ns_dEe_U4   |kmeans_fsub_32ns_dEe  |        0|      2|  205|  390|    0|
    |kmeans_sitofp_32nfYi_U7   |kmeans_sitofp_32nfYi  |        0|      0|  340|  554|    0|
    +--------------------------+----------------------+---------+-------+-----+-----+-----+
    |Total                     |                      |        0|      8| 2946| 5058|    0|
    +--------------------------+----------------------+---------+-------+-----+-----+-----+

    * DSP48E: 
    N/A

    * Memory: 
    +-------------------+----------------------+---------+---+----+-----+------+-----+------+-------------+
    |       Memory      |        Module        | BRAM_18K| FF| LUT| URAM| Words| Bits| Banks| W*Bits*Banks|
    +-------------------+----------------------+---------+---+----+-----+------+-----+------+-------------+
    |data_cluster_id_U  |kmeans_data_clustbkb  |        0|  2|   1|    0|    50|    1|     1|           50|
    |x_data_U           |kmeans_x_data         |        1|  0|   0|    0|    50|   32|     1|         1600|
    |y_data_U           |kmeans_y_data         |        1|  0|   0|    0|    50|   32|     1|         1600|
    +-------------------+----------------------+---------+---+----+-----+------+-----+------+-------------+
    |Total              |                      |        2|  2|   1|    0|   150|   65|     3|         3250|
    +-------------------+----------------------+---------+---+----+-----+------+-----+------+-------------+

    * FIFO: 
    N/A

    * Expression: 
    +-------------------------+----------+-------+---+----+------------+------------+
    |      Variable Name      | Operation| DSP48E| FF| LUT| Bitwidth P0| Bitwidth P1|
    +-------------------------+----------+-------+---+----+------------+------------+
    |add_ln27_fu_372_p2       |     +    |      0|  0|  15|           6|           1|
    |add_ln41_fu_707_p2       |     +    |      0|  0|  10|           2|           1|
    |add_ln46_fu_719_p2       |     +    |      0|  0|  15|           6|           1|
    |add_ln50_fu_748_p2       |     +    |      0|  0|  39|          32|           1|
    |i_fu_354_p2              |     +    |      0|  0|  10|           2|           1|
    |and_ln32_fu_688_p2       |    and   |      0|  0|   2|           1|           1|
    |and_ln4_1_fu_480_p2      |    and   |      0|  0|   2|           1|           1|
    |and_ln4_2_fu_539_p2      |    and   |      0|  0|   2|           1|           1|
    |and_ln4_3_fu_597_p2      |    and   |      0|  0|   2|           1|           1|
    |and_ln4_fu_420_p2        |    and   |      0|  0|   2|           1|           1|
    |data_cluster_id_d0       |    and   |      0|  0|   2|           1|           1|
    |icmp_ln16_fu_348_p2      |   icmp   |      0|  0|   9|           2|           3|
    |icmp_ln27_fu_366_p2      |   icmp   |      0|  0|  11|           6|           5|
    |icmp_ln32_1_fu_662_p2    |   icmp   |      0|  0|  18|          23|           1|
    |icmp_ln32_2_fu_668_p2    |   icmp   |      0|  0|  11|           8|           2|
    |icmp_ln32_3_fu_674_p2    |   icmp   |      0|  0|  18|          23|           1|
    |icmp_ln32_fu_656_p2      |   icmp   |      0|  0|  11|           8|           2|
    |icmp_ln41_fu_701_p2      |   icmp   |      0|  0|   9|           2|           3|
    |icmp_ln46_fu_713_p2      |   icmp   |      0|  0|  11|           6|           5|
    |icmp_ln47_fu_742_p2      |   icmp   |      0|  0|   8|           2|           2|
    |icmp_ln4_1_fu_408_p2     |   icmp   |      0|  0|  18|          23|           1|
    |icmp_ln4_2_fu_462_p2     |   icmp   |      0|  0|  11|           8|           2|
    |icmp_ln4_3_fu_468_p2     |   icmp   |      0|  0|  18|          23|           1|
    |icmp_ln4_4_fu_521_p2     |   icmp   |      0|  0|  11|           8|           2|
    |icmp_ln4_5_fu_527_p2     |   icmp   |      0|  0|  18|          23|           1|
    |icmp_ln4_6_fu_579_p2     |   icmp   |      0|  0|  11|           8|           2|
    |icmp_ln4_7_fu_585_p2     |   icmp   |      0|  0|  18|          23|           1|
    |icmp_ln4_fu_402_p2       |   icmp   |      0|  0|  11|           8|           2|
    |icmp_ln54_fu_732_p2      |   icmp   |      0|  0|  18|          32|           1|
    |or_ln32_1_fu_684_p2      |    or    |      0|  0|   2|           1|           1|
    |or_ln32_fu_680_p2        |    or    |      0|  0|   2|           1|           1|
    |or_ln4_1_fu_474_p2       |    or    |      0|  0|   2|           1|           1|
    |or_ln4_2_fu_533_p2       |    or    |      0|  0|   2|           1|           1|
    |or_ln4_3_fu_591_p2       |    or    |      0|  0|   2|           1|           1|
    |or_ln4_fu_414_p2         |    or    |      0|  0|   2|           1|           1|
    |select_ln47_1_fu_769_p3  |  select  |      0|  0|  32|           1|          32|
    |select_ln47_2_fu_754_p3  |  select  |      0|  0|  32|           1|          32|
    |select_ln47_fu_762_p3    |  select  |      0|  0|  32|           1|          32|
    |select_ln4_1_fu_496_p3   |  select  |      0|  0|  32|           1|          32|
    |select_ln4_2_fu_555_p3   |  select  |      0|  0|  32|           1|          32|
    |select_ln4_3_fu_613_p3   |  select  |      0|  0|  32|           1|          32|
    |select_ln4_fu_436_p3     |  select  |      0|  0|  32|           1|          32|
    |xor_ln4_1_fu_486_p2      |    xor   |      0|  0|  33|          32|          33|
    |xor_ln4_2_fu_545_p2      |    xor   |      0|  0|  33|          32|          33|
    |xor_ln4_3_fu_603_p2      |    xor   |      0|  0|  33|          32|          33|
    |xor_ln4_fu_426_p2        |    xor   |      0|  0|  33|          32|          33|
    +-------------------------+----------+-------+---+----+------------+------------+
    |Total                    |          |      0|  0| 709|         431|         410|
    +-------------------------+----------+-------+---+----+------------+------------+

    * Multiplexer: 
    +--------------------------+-----+-----------+-----+-----------+
    |           Name           | LUT | Input Size| Bits| Total Bits|
    +--------------------------+-----+-----------+-----+-----------+
    |ap_NS_fsm                 |  233|         54|    1|         54|
    |centroids_x_address0      |   15|          3|    1|          3|
    |centroids_x_address1      |   15|          3|    1|          3|
    |centroids_y_address0      |   15|          3|    1|          3|
    |centroids_y_address1      |   15|          3|    1|          3|
    |count_0_0_reg_238         |    9|          2|   32|         64|
    |data_cluster_id_address0  |   15|          3|    6|         18|
    |grp_fu_261_opcode         |   15|          3|    2|          6|
    |grp_fu_261_p0             |   21|          4|   32|        128|
    |grp_fu_261_p1             |   21|          4|   32|        128|
    |grp_fu_265_opcode         |   15|          3|    2|          6|
    |grp_fu_265_p0             |   21|          4|   32|        128|
    |grp_fu_265_p1             |   21|          4|   32|        128|
    |grp_fu_291_p0             |   15|          3|   32|         96|
    |grp_fu_297_opcode         |   15|          3|    5|         15|
    |grp_fu_297_p0             |   15|          3|   32|         96|
    |grp_fu_297_p1             |   15|          3|   32|         96|
    |i_0_reg_179               |    9|          2|    2|          4|
    |i_1_0_reg_191             |    9|          2|    6|         12|
    |i_2_0_reg_202             |    9|          2|    2|          4|
    |j_1_0_reg_250             |    9|          2|    6|         12|
    |mean_value_x_0_0_reg_226  |    9|          2|   32|         64|
    |mean_value_y_0_0_reg_214  |    9|          2|   32|         64|
    |x_data_address0           |   15|          3|    6|         18|
    |y_data_address0           |   15|          3|    6|         18|
    +--------------------------+-----+-----------+-----+-----------+
    |Total                     |  575|        123|  368|       1171|
    +--------------------------+-----+-----------+-----+-----------+

    * Register: 
    +----------------------------+----+----+-----+-----------+
    |            Name            | FF | LUT| Bits| Const Bits|
    +----------------------------+----+----+-----+-----------+
    |add_ln27_reg_818            |   6|   0|    6|          0|
    |add_ln41_reg_895            |   2|   0|    2|          0|
    |add_ln46_reg_903            |   6|   0|    6|          0|
    |ap_CS_fsm                   |  53|   0|   53|          0|
    |centroids_x_load_1_reg_805  |  32|   0|   32|          0|
    |centroids_x_load_reg_795    |  32|   0|   32|          0|
    |centroids_y_load_1_reg_810  |  32|   0|   32|          0|
    |centroids_y_load_reg_800    |  32|   0|   32|          0|
    |count_0_0_reg_238           |  32|   0|   32|          0|
    |i_0_reg_179                 |   2|   0|    2|          0|
    |i_1_0_reg_191               |   6|   0|    6|          0|
    |i_2_0_reg_202               |   2|   0|    2|          0|
    |i_reg_790                   |   2|   0|    2|          0|
    |icmp_ln32_1_reg_877         |   1|   0|    1|          0|
    |icmp_ln32_2_reg_882         |   1|   0|    1|          0|
    |icmp_ln32_3_reg_887         |   1|   0|    1|          0|
    |icmp_ln32_reg_872           |   1|   0|    1|          0|
    |icmp_ln47_reg_927           |   1|   0|    1|          0|
    |icmp_ln54_reg_923           |   1|   0|    1|          0|
    |j_1_0_reg_250               |   6|   0|    6|          0|
    |mean_value_x_0_0_reg_226    |  32|   0|   32|          0|
    |mean_value_y_0_0_reg_214    |  32|   0|   32|          0|
    |number_assign_2_reg_838     |  32|   0|   32|          0|
    |number_assign_3_reg_845     |  32|   0|   32|          0|
    |reg_317                     |  32|   0|   32|          0|
    |reg_324                     |  32|   0|   32|          0|
    |reg_331                     |  32|   0|   32|          0|
    |reg_337                     |  32|   0|   32|          0|
    |select_ln47_2_reg_933       |  32|   0|   32|          0|
    |select_ln4_1_reg_857        |  32|   0|   32|          0|
    |select_ln4_2_reg_862        |  32|   0|   32|          0|
    |select_ln4_3_reg_867        |  32|   0|   32|          0|
    |select_ln4_reg_852          |  32|   0|   32|          0|
    |tmp_5_reg_948               |  32|   0|   32|          0|
    |zext_ln28_reg_823           |   6|   0|   64|         58|
    +----------------------------+----+----+-----+-----------+
    |Total                       | 705|   0|  763|         58|
    +----------------------------+----+----+-----+-----------+



================================================================
== Interface
================================================================
* Summary: 
+----------------------+-----+-----+------------+--------------+--------------+
|       RTL Ports      | Dir | Bits|  Protocol  | Source Object|    C Type    |
+----------------------+-----+-----+------------+--------------+--------------+
|ap_clk                |  in |    1| ap_ctrl_hs |    kmeans    | return value |
|ap_rst                |  in |    1| ap_ctrl_hs |    kmeans    | return value |
|ap_start              |  in |    1| ap_ctrl_hs |    kmeans    | return value |
|ap_done               | out |    1| ap_ctrl_hs |    kmeans    | return value |
|ap_idle               | out |    1| ap_ctrl_hs |    kmeans    | return value |
|ap_ready              | out |    1| ap_ctrl_hs |    kmeans    | return value |
|centroids_x_address0  | out |    1|  ap_memory |  centroids_x |     array    |
|centroids_x_ce0       | out |    1|  ap_memory |  centroids_x |     array    |
|centroids_x_we0       | out |    1|  ap_memory |  centroids_x |     array    |
|centroids_x_d0        | out |   32|  ap_memory |  centroids_x |     array    |
|centroids_x_q0        |  in |   32|  ap_memory |  centroids_x |     array    |
|centroids_x_address1  | out |    1|  ap_memory |  centroids_x |     array    |
|centroids_x_ce1       | out |    1|  ap_memory |  centroids_x |     array    |
|centroids_x_we1       | out |    1|  ap_memory |  centroids_x |     array    |
|centroids_x_d1        | out |   32|  ap_memory |  centroids_x |     array    |
|centroids_x_q1        |  in |   32|  ap_memory |  centroids_x |     array    |
|centroids_y_address0  | out |    1|  ap_memory |  centroids_y |     array    |
|centroids_y_ce0       | out |    1|  ap_memory |  centroids_y |     array    |
|centroids_y_we0       | out |    1|  ap_memory |  centroids_y |     array    |
|centroids_y_d0        | out |   32|  ap_memory |  centroids_y |     array    |
|centroids_y_q0        |  in |   32|  ap_memory |  centroids_y |     array    |
|centroids_y_address1  | out |    1|  ap_memory |  centroids_y |     array    |
|centroids_y_ce1       | out |    1|  ap_memory |  centroids_y |     array    |
|centroids_y_we1       | out |    1|  ap_memory |  centroids_y |     array    |
|centroids_y_d1        | out |   32|  ap_memory |  centroids_y |     array    |
|centroids_y_q1        |  in |   32|  ap_memory |  centroids_y |     array    |
+----------------------+-----+-----+------------+--------------+--------------+

