

================================================================
== Vivado HLS Report for 'kmeans'
================================================================
* Date:           Sat Jul 16 10:33:28 2022

* Version:        2020.1 (Build 2897737 on Wed May 27 20:21:37 MDT 2020)
* Project:        comp4601_proj
* Solution:       2-reduced-n-size
* Product family: zynq
* Target device:  xc7z020-clg484-1


================================================================
== Performance Estimates
================================================================
+ Timing: 
    * Summary: 
    +--------+----------+----------+------------+
    |  Clock |  Target  | Estimated| Uncertainty|
    +--------+----------+----------+------------+
    |ap_clk  | 10.00 ns | 9.514 ns |   1.25 ns  |
    +--------+----------+----------+------------+

+ Latency: 
    * Summary: 
    +---------+---------+-----------+-----------+------+------+---------+
    |  Latency (cycles) |   Latency (absolute)  |   Interval  | Pipeline|
    |   min   |   max   |    min    |    max    |  min |  max |   Type  |
    +---------+---------+-----------+-----------+------+------+---------+
    |     4972|     5012| 49.720 us | 50.120 us |  4972|  5012|   none  |
    +---------+---------+-----------+-----------+------+------+---------+

    + Detail: 
        * Instance: 
        +---------------------------------+----------------------+---------+---------+----------+----------+-----+-----+----------+
        |                                 |                      |  Latency (cycles) |  Latency (absolute) |  Interval | Pipeline |
        |             Instance            |        Module        |   min   |   max   |    min   |    max   | min | max |   Type   |
        +---------------------------------+----------------------+---------+---------+----------+----------+-----+-----+----------+
        |grp_pow_generic_double_s_fu_285  |pow_generic_double_s  |       66|       66| 0.660 us | 0.660 us |    1|    1| function |
        |grp_pow_generic_double_s_fu_314  |pow_generic_double_s  |       66|       66| 0.660 us | 0.660 us |    1|    1| function |
        |grp_pow_generic_double_s_fu_343  |pow_generic_double_s  |       66|       66| 0.660 us | 0.660 us |    1|    1| function |
        |grp_pow_generic_double_s_fu_372  |pow_generic_double_s  |       66|       66| 0.660 us | 0.660 us |    1|    1| function |
        +---------------------------------+----------------------+---------+---------+----------+----------+-----+-----+----------+

        * Loop: 
        +-------------+---------+---------+-----------+-----------+-----------+------+----------+
        |             |  Latency (cycles) | Iteration |  Initiation Interval  | Trip |          |
        |  Loop Name  |   min   |   max   |  Latency  |  achieved |   target  | Count| Pipelined|
        +-------------+---------+---------+-----------+-----------+-----------+------+----------+
        |- Loop 1     |       12|       12|          6|          -|          -|     2|    no    |
        |- Loop 2     |     4250|     4250|         85|          -|          -|    50|    no    |
        |- Loop 3     |      706|      746| 353 ~ 373 |          -|          -|     2|    no    |
        | + Loop 3.1  |      350|      350|          7|          -|          -|    50|    no    |
        +-------------+---------+---------+-----------+-----------+-----------+------+----------+



================================================================
== Utilization Estimates
================================================================
* Summary: 
+-----------------+---------+-------+--------+-------+-----+
|       Name      | BRAM_18K| DSP48E|   FF   |  LUT  | URAM|
+-----------------+---------+-------+--------+-------+-----+
|DSP              |        -|      -|       -|      -|    -|
|Expression       |        -|      -|       0|    317|    -|
|FIFO             |        -|      -|       -|      -|    -|
|Instance         |      268|    294|   81694|  40685|    -|
|Memory           |        2|      -|       2|      1|    0|
|Multiplexer      |        -|      -|       -|    803|    -|
|Register         |        -|      -|    1354|      -|    -|
+-----------------+---------+-------+--------+-------+-----+
|Total            |      270|    294|   83050|  41806|    0|
+-----------------+---------+-------+--------+-------+-----+
|Available        |      280|    220|  106400|  53200|    0|
+-----------------+---------+-------+--------+-------+-----+
|Utilization (%)  |       96|    133|      78|     78|    0|
+-----------------+---------+-------+--------+-------+-----+

+ Detail: 
    * Instance: 
    +---------------------------------+----------------------+---------+-------+-------+------+-----+
    |             Instance            |        Module        | BRAM_18K| DSP48E|   FF  |  LUT | URAM|
    +---------------------------------+----------------------+---------+-------+-------+------+-----+
    |kmeans_dadd_64ns_JfO_U56         |kmeans_dadd_64ns_JfO  |        0|      3|    445|  1149|    0|
    |kmeans_dadd_64ns_JfO_U57         |kmeans_dadd_64ns_JfO  |        0|      3|    445|  1149|    0|
    |kmeans_faddfsub_3CeG_U42         |kmeans_faddfsub_3CeG  |        0|      2|    205|   390|    0|
    |kmeans_faddfsub_3CeG_U43         |kmeans_faddfsub_3CeG  |        0|      2|    205|   390|    0|
    |kmeans_fcmp_32ns_IfE_U55         |kmeans_fcmp_32ns_IfE  |        0|      0|     66|   239|    0|
    |kmeans_fdiv_32ns_Ee0_U46         |kmeans_fdiv_32ns_Ee0  |        0|      0|    761|   994|    0|
    |kmeans_fdiv_32ns_Ee0_U47         |kmeans_fdiv_32ns_Ee0  |        0|      0|    761|   994|    0|
    |kmeans_fpext_32nsHfu_U51         |kmeans_fpext_32nsHfu  |        0|      0|    100|   138|    0|
    |kmeans_fpext_32nsHfu_U52         |kmeans_fpext_32nsHfu  |        0|      0|    100|   138|    0|
    |kmeans_fpext_32nsHfu_U53         |kmeans_fpext_32nsHfu  |        0|      0|    100|   138|    0|
    |kmeans_fpext_32nsHfu_U54         |kmeans_fpext_32nsHfu  |        0|      0|    100|   138|    0|
    |kmeans_fptrunc_64Gfk_U49         |kmeans_fptrunc_64Gfk  |        0|      0|    128|   277|    0|
    |kmeans_fptrunc_64Gfk_U50         |kmeans_fptrunc_64Gfk  |        0|      0|    128|   277|    0|
    |kmeans_fsub_32ns_DeQ_U44         |kmeans_fsub_32ns_DeQ  |        0|      2|    205|   390|    0|
    |kmeans_fsub_32ns_DeQ_U45         |kmeans_fsub_32ns_DeQ  |        0|      2|    205|   390|    0|
    |kmeans_sitofp_32nFfa_U48         |kmeans_sitofp_32nFfa  |        0|      0|    340|   554|    0|
    |grp_pow_generic_double_s_fu_285  |pow_generic_double_s  |       67|     70|  19350|  8235|    0|
    |grp_pow_generic_double_s_fu_314  |pow_generic_double_s  |       67|     70|  19350|  8235|    0|
    |grp_pow_generic_double_s_fu_343  |pow_generic_double_s  |       67|     70|  19350|  8235|    0|
    |grp_pow_generic_double_s_fu_372  |pow_generic_double_s  |       67|     70|  19350|  8235|    0|
    +---------------------------------+----------------------+---------+-------+-------+------+-----+
    |Total                            |                      |      268|    294|  81694| 40685|    0|
    +---------------------------------+----------------------+---------+-------+-------+------+-----+

    * DSP48E: 
    N/A

    * Memory: 
    +-------------------+----------------------+---------+---+----+-----+------+-----+------+-------------+
    |       Memory      |        Module        | BRAM_18K| FF| LUT| URAM| Words| Bits| Banks| W*Bits*Banks|
    +-------------------+----------------------+---------+---+----+-----+------+-----+------+-------------+
    |data_cluster_id_U  |kmeans_data_clustBew  |        0|  2|   1|    0|    50|    1|     1|           50|
    |x_data_U           |kmeans_x_data         |        1|  0|   0|    0|    50|   32|     1|         1600|
    |y_data_U           |kmeans_y_data         |        1|  0|   0|    0|    50|   32|     1|         1600|
    +-------------------+----------------------+---------+---+----+-----+------+-----+------+-------------+
    |Total              |                      |        2|  2|   1|    0|   150|   65|     3|         3250|
    +-------------------+----------------------+---------+---+----+-----+------+-----+------+-------------+

    * FIFO: 
    N/A

    * Expression: 
    +-------------------------+----------+-------+---+----+------------+------------+
    |      Variable Name      | Operation| DSP48E| FF| LUT| Bitwidth P0| Bitwidth P1|
    +-------------------------+----------+-------+---+----+------------+------------+
    |add_ln24_fu_510_p2       |     +    |      0|  0|  15|           6|           1|
    |add_ln38_fu_607_p2       |     +    |      0|  0|  10|           2|           1|
    |add_ln43_fu_619_p2       |     +    |      0|  0|  15|           6|           1|
    |add_ln47_fu_648_p2       |     +    |      0|  0|  39|          32|           1|
    |i_fu_492_p2              |     +    |      0|  0|  10|           2|           1|
    |and_ln29_fu_588_p2       |    and   |      0|  0|   2|           1|           1|
    |data_cluster_id_d0       |    and   |      0|  0|   2|           1|           1|
    |icmp_ln13_fu_486_p2      |   icmp   |      0|  0|   9|           2|           3|
    |icmp_ln24_fu_504_p2      |   icmp   |      0|  0|  11|           6|           5|
    |icmp_ln29_1_fu_562_p2    |   icmp   |      0|  0|  18|          23|           1|
    |icmp_ln29_2_fu_568_p2    |   icmp   |      0|  0|  11|           8|           2|
    |icmp_ln29_3_fu_574_p2    |   icmp   |      0|  0|  18|          23|           1|
    |icmp_ln29_fu_556_p2      |   icmp   |      0|  0|  11|           8|           2|
    |icmp_ln38_fu_601_p2      |   icmp   |      0|  0|   9|           2|           3|
    |icmp_ln43_fu_613_p2      |   icmp   |      0|  0|  11|           6|           5|
    |icmp_ln44_fu_642_p2      |   icmp   |      0|  0|   8|           2|           2|
    |icmp_ln51_fu_632_p2      |   icmp   |      0|  0|  18|          32|           1|
    |or_ln29_1_fu_584_p2      |    or    |      0|  0|   2|           1|           1|
    |or_ln29_fu_580_p2        |    or    |      0|  0|   2|           1|           1|
    |select_ln44_1_fu_669_p3  |  select  |      0|  0|  32|           1|          32|
    |select_ln44_2_fu_654_p3  |  select  |      0|  0|  32|           1|          32|
    |select_ln44_fu_662_p3    |  select  |      0|  0|  32|           1|          32|
    +-------------------------+----------+-------+---+----+------------+------------+
    |Total                    |          |      0|  0| 317|         167|         130|
    +-------------------------+----------+-------+---+----+------------+------------+

    * Multiplexer: 
    +--------------------------+-----+-----------+-----+-----------+
    |           Name           | LUT | Input Size| Bits| Total Bits|
    +--------------------------+-----+-----------+-----+-----------+
    |ap_NS_fsm                 |  530|        123|    1|        123|
    |centroids_x_address0      |   15|          3|    1|          3|
    |centroids_x_address1      |   15|          3|    1|          3|
    |centroids_y_address0      |   15|          3|    1|          3|
    |centroids_y_address1      |   15|          3|    1|          3|
    |count_0_0_reg_262         |    9|          2|   32|         64|
    |data_cluster_id_address0  |   15|          3|    6|         18|
    |grp_fu_401_opcode         |   15|          3|    2|          6|
    |grp_fu_401_p0             |   15|          3|   32|         96|
    |grp_fu_401_p1             |   15|          3|   32|         96|
    |grp_fu_405_opcode         |   15|          3|    2|          6|
    |grp_fu_405_p0             |   15|          3|   32|         96|
    |grp_fu_405_p1             |   15|          3|   32|         96|
    |grp_fu_431_p0             |   15|          3|   32|         96|
    |i_0_reg_203               |    9|          2|    2|          4|
    |i_1_0_reg_215             |    9|          2|    6|         12|
    |i_2_0_reg_226             |    9|          2|    2|          4|
    |j_1_0_reg_274             |    9|          2|    6|         12|
    |mean_value_x_0_0_reg_250  |    9|          2|   32|         64|
    |mean_value_y_0_0_reg_238  |    9|          2|   32|         64|
    |x_data_address0           |   15|          3|    6|         18|
    |y_data_address0           |   15|          3|    6|         18|
    +--------------------------+-----+-----------+-----+-----------+
    |Total                     |  803|        179|  299|        905|
    +--------------------------+-----+-----------+-----+-----------+

    * Register: 
    +----------------------------------------------+-----+----+-----+-----------+
    |                     Name                     |  FF | LUT| Bits| Const Bits|
    +----------------------------------------------+-----+----+-----+-----------+
    |add_ln24_reg_718                              |    6|   0|    6|          0|
    |add_ln38_reg_843                              |    2|   0|    2|          0|
    |add_ln43_reg_851                              |    6|   0|    6|          0|
    |ap_CS_fsm                                     |  122|   0|  122|          0|
    |centroids_x_load_1_reg_705                    |   32|   0|   32|          0|
    |centroids_x_load_reg_695                      |   32|   0|   32|          0|
    |centroids_y_load_1_reg_710                    |   32|   0|   32|          0|
    |centroids_y_load_reg_700                      |   32|   0|   32|          0|
    |count_0_0_reg_262                             |   32|   0|   32|          0|
    |distance_reg_814                              |   32|   0|   32|          0|
    |grp_pow_generic_double_s_fu_285_ap_start_reg  |    1|   0|    1|          0|
    |grp_pow_generic_double_s_fu_314_ap_start_reg  |    1|   0|    1|          0|
    |grp_pow_generic_double_s_fu_343_ap_start_reg  |    1|   0|    1|          0|
    |grp_pow_generic_double_s_fu_372_ap_start_reg  |    1|   0|    1|          0|
    |i_0_reg_203                                   |    2|   0|    2|          0|
    |i_1_0_reg_215                                 |    6|   0|    6|          0|
    |i_2_0_reg_226                                 |    2|   0|    2|          0|
    |i_reg_690                                     |    2|   0|    2|          0|
    |icmp_ln29_1_reg_825                           |    1|   0|    1|          0|
    |icmp_ln29_2_reg_830                           |    1|   0|    1|          0|
    |icmp_ln29_3_reg_835                           |    1|   0|    1|          0|
    |icmp_ln29_reg_820                             |    1|   0|    1|          0|
    |icmp_ln44_reg_875                             |    1|   0|    1|          0|
    |icmp_ln51_reg_871                             |    1|   0|    1|          0|
    |j_1_0_reg_274                                 |    6|   0|    6|          0|
    |mean_value_x_0_0_reg_250                      |   32|   0|   32|          0|
    |mean_value_y_0_0_reg_238                      |   32|   0|   32|          0|
    |min_distance_s_reg_808                        |   32|   0|   32|          0|
    |reg_467                                       |   32|   0|   32|          0|
    |reg_474                                       |   32|   0|   32|          0|
    |select_ln44_2_reg_881                         |   32|   0|   32|          0|
    |tmp_1_reg_748                                 |   32|   0|   32|          0|
    |tmp_2_reg_743                                 |   32|   0|   32|          0|
    |tmp_3_reg_753                                 |   32|   0|   32|          0|
    |tmp_4_reg_798                                 |   64|   0|   64|          0|
    |tmp_5_reg_896                                 |   32|   0|   32|          0|
    |tmp_8_reg_803                                 |   64|   0|   64|          0|
    |tmp_i1_reg_783                                |   64|   0|   64|          0|
    |tmp_i2_reg_788                                |   64|   0|   64|          0|
    |tmp_i3_reg_793                                |   64|   0|   64|          0|
    |tmp_i_reg_778                                 |   64|   0|   64|          0|
    |tmp_s_reg_738                                 |   32|   0|   32|          0|
    |x_assign_1_reg_763                            |   64|   0|   64|          0|
    |x_assign_2_reg_768                            |   64|   0|   64|          0|
    |x_assign_3_reg_773                            |   64|   0|   64|          0|
    |x_assign_reg_758                              |   64|   0|   64|          0|
    |zext_ln25_reg_723                             |    6|   0|   64|         58|
    +----------------------------------------------+-----+----+-----+-----------+
    |Total                                         | 1354|   0| 1412|         58|
    +----------------------------------------------+-----+----+-----+-----------+



================================================================
== Interface
================================================================
* Summary: 
+----------------------+-----+-----+------------+--------------+--------------+
|       RTL Ports      | Dir | Bits|  Protocol  | Source Object|    C Type    |
+----------------------+-----+-----+------------+--------------+--------------+
|ap_clk                |  in |    1| ap_ctrl_hs |    kmeans    | return value |
|ap_rst                |  in |    1| ap_ctrl_hs |    kmeans    | return value |
|ap_start              |  in |    1| ap_ctrl_hs |    kmeans    | return value |
|ap_done               | out |    1| ap_ctrl_hs |    kmeans    | return value |
|ap_idle               | out |    1| ap_ctrl_hs |    kmeans    | return value |
|ap_ready              | out |    1| ap_ctrl_hs |    kmeans    | return value |
|centroids_x_address0  | out |    1|  ap_memory |  centroids_x |     array    |
|centroids_x_ce0       | out |    1|  ap_memory |  centroids_x |     array    |
|centroids_x_we0       | out |    1|  ap_memory |  centroids_x |     array    |
|centroids_x_d0        | out |   32|  ap_memory |  centroids_x |     array    |
|centroids_x_q0        |  in |   32|  ap_memory |  centroids_x |     array    |
|centroids_x_address1  | out |    1|  ap_memory |  centroids_x |     array    |
|centroids_x_ce1       | out |    1|  ap_memory |  centroids_x |     array    |
|centroids_x_we1       | out |    1|  ap_memory |  centroids_x |     array    |
|centroids_x_d1        | out |   32|  ap_memory |  centroids_x |     array    |
|centroids_x_q1        |  in |   32|  ap_memory |  centroids_x |     array    |
|centroids_y_address0  | out |    1|  ap_memory |  centroids_y |     array    |
|centroids_y_ce0       | out |    1|  ap_memory |  centroids_y |     array    |
|centroids_y_we0       | out |    1|  ap_memory |  centroids_y |     array    |
|centroids_y_d0        | out |   32|  ap_memory |  centroids_y |     array    |
|centroids_y_q0        |  in |   32|  ap_memory |  centroids_y |     array    |
|centroids_y_address1  | out |    1|  ap_memory |  centroids_y |     array    |
|centroids_y_ce1       | out |    1|  ap_memory |  centroids_y |     array    |
|centroids_y_we1       | out |    1|  ap_memory |  centroids_y |     array    |
|centroids_y_d1        | out |   32|  ap_memory |  centroids_y |     array    |
|centroids_y_q1        |  in |   32|  ap_memory |  centroids_y |     array    |
+----------------------+-----+-----+------------+--------------+--------------+

