==============================================================
Vivado(TM) HLS - High-Level Synthesis from C, C++ and SystemC v2020.1 (64-bit)
Copyright 1986-2020 Xilinx, Inc. All Rights Reserved.
==============================================================
INFO: [SYN 201-201] Setting up clock 'default' with a period of 10ns.
INFO: [HLS 200-10] Setting target device to 'xc7z020-clg484-1'
INFO: [SIM 211-2] *************** CSIM start ***************
INFO: [SIM 211-4] CSIM will launch GCC as the compiler.
INFO: [SIM 211-1] CSim done with 0 errors.
INFO: [SIM 211-3] *************** CSIM finish ***************
==============================================================
Vivado(TM) HLS - High-Level Synthesis from C, C++ and SystemC v2020.1 (64-bit)
Copyright 1986-2020 Xilinx, Inc. All Rights Reserved.
==============================================================
INFO: [SYN 201-201] Setting up clock 'default' with a period of 10ns.
INFO: [HLS 200-10] Setting target device to 'xc7z020-clg484-1'
INFO: [SCHED 204-61] Option 'relax_ii_for_timing' is enabled, will increase II to preserve clock frequency constraints.
INFO: [HLS 200-10] Analyzing design file 'kmeans.cpp' ... 
INFO: [HLS 200-111] Finished Linking Time (s): cpu = 00:00:03 ; elapsed = 00:00:10 . Memory (MB): peak = 992.473 ; gain = 898.965
INFO: [HLS 200-111] Finished Checking Pragmas Time (s): cpu = 00:00:03 ; elapsed = 00:00:10 . Memory (MB): peak = 992.473 ; gain = 898.965
INFO: [HLS 200-10] Starting code transformations ...
INFO: [HLS 200-111] Finished Standard Transforms Time (s): cpu = 00:00:03 ; elapsed = 00:00:10 . Memory (MB): peak = 992.473 ; gain = 898.965
INFO: [HLS 200-10] Checking synthesizability ...
INFO: [XFORM 203-602] Inlining function 'abs_custom' into 'kmeans' (kmeans.cpp:28) automatically.
INFO: [HLS 200-111] Finished Checking Synthesizability Time (s): cpu = 00:00:03 ; elapsed = 00:00:10 . Memory (MB): peak = 992.473 ; gain = 898.965
INFO: [XFORM 203-502] Unrolling small iteration loop 'Loop-2' (kmeans.cpp:24) in function 'kmeans' automatically.
INFO: [XFORM 203-502] Unrolling small iteration loop 'Loop-2.1.1' (kmeans.cpp:30) in function 'kmeans' automatically.
INFO: [HLS 200-489] Unrolling loop 'Loop-2' (kmeans.cpp:24) in function 'kmeans' completely with a factor of 1.
INFO: [HLS 200-489] Unrolling loop 'Loop-2.1.1' (kmeans.cpp:30) in function 'kmeans' completely with a factor of 1.
INFO: [XFORM 203-602] Inlining function 'abs_custom' into 'kmeans' (kmeans.cpp:28) automatically.
INFO: [XFORM 203-401] Performing if-conversion on hyperblock from (kmeans.cpp:28:34) to (kmeans.cpp:27:28) in function 'kmeans'... converting 9 basic blocks.
INFO: [XFORM 203-401] Performing if-conversion on hyperblock from (kmeans.cpp:47:17) to (kmeans.cpp:46:32) in function 'kmeans'... converting 3 basic blocks.
INFO: [HLS 200-111] Finished Pre-synthesis Time (s): cpu = 00:00:03 ; elapsed = 00:00:10 . Memory (MB): peak = 992.473 ; gain = 898.965
INFO: [HLS 200-472] Inferring partial write operation for 'centroids_x' (kmeans.cpp:17:6)
INFO: [HLS 200-472] Inferring partial write operation for 'centroids_y' (kmeans.cpp:18:6)
INFO: [HLS 200-472] Inferring partial write operation for 'centroids_x' (kmeans.cpp:55:17)
INFO: [HLS 200-472] Inferring partial write operation for 'centroids_y' (kmeans.cpp:56:17)
INFO: [HLS 200-472] Inferring partial write operation for 'data_cluster_id' (kmeans.cpp:37:13)
INFO: [HLS 200-111] Finished Architecture Synthesis Time (s): cpu = 00:00:03 ; elapsed = 00:00:10 . Memory (MB): peak = 992.473 ; gain = 898.965
INFO: [HLS 200-10] Starting hardware synthesis ...
INFO: [HLS 200-10] Synthesizing 'kmeans' ...
INFO: [HLS 200-10] ----------------------------------------------------------------
INFO: [HLS 200-42] -- Implementing module 'kmeans' 
INFO: [HLS 200-10] ----------------------------------------------------------------
INFO: [SCHED 204-11] Starting scheduling ...
INFO: [SCHED 204-11] Finished scheduling.
INFO: [HLS 200-111]  Elapsed time: 10.537 seconds; current allocated memory: 132.393 MB.
INFO: [BIND 205-100] Starting micro-architecture generation ...
INFO: [BIND 205-101] Performing variable lifetime analysis.
INFO: [BIND 205-101] Exploring resource sharing.
INFO: [BIND 205-101] Binding ...
INFO: [BIND 205-100] Finished micro-architecture generation.
INFO: [HLS 200-111]  Elapsed time: 0.196 seconds; current allocated memory: 133.079 MB.
INFO: [HLS 200-10] ----------------------------------------------------------------
INFO: [HLS 200-10] -- Generating RTL for module 'kmeans' 
INFO: [HLS 200-10] ----------------------------------------------------------------
INFO: [RTGEN 206-500] Setting interface mode on port 'kmeans/centroids_x' to 'ap_memory'.
INFO: [RTGEN 206-500] Setting interface mode on port 'kmeans/centroids_y' to 'ap_memory'.
INFO: [RTGEN 206-500] Setting interface mode on function 'kmeans' to 'ap_ctrl_hs'.
INFO: [SYN 201-210] Renamed object name 'kmeans_data_cluster_id' to 'kmeans_data_clustbkb' due to the length limit 20
INFO: [SYN 201-210] Renamed object name 'kmeans_faddfsub_32ns_32ns_32_5_full_dsp_1' to 'kmeans_faddfsub_3cud' due to the length limit 20
INFO: [SYN 201-210] Renamed object name 'kmeans_fsub_32ns_32ns_32_5_full_dsp_1' to 'kmeans_fsub_32ns_dEe' due to the length limit 20
INFO: [SYN 201-210] Renamed object name 'kmeans_fdiv_32ns_32ns_32_16_1' to 'kmeans_fdiv_32ns_eOg' due to the length limit 20
INFO: [SYN 201-210] Renamed object name 'kmeans_sitofp_32ns_32_6_1' to 'kmeans_sitofp_32nfYi' due to the length limit 20
INFO: [SYN 201-210] Renamed object name 'kmeans_fcmp_32ns_32ns_1_2_1' to 'kmeans_fcmp_32ns_g8j' due to the length limit 20
INFO: [RTGEN 206-100] Generating core module 'kmeans_faddfsub_3cud': 2 instance(s).
INFO: [RTGEN 206-100] Generating core module 'kmeans_fcmp_32ns_g8j': 4 instance(s).
INFO: [RTGEN 206-100] Generating core module 'kmeans_fdiv_32ns_eOg': 2 instance(s).
INFO: [RTGEN 206-100] Generating core module 'kmeans_fsub_32ns_dEe': 2 instance(s).
INFO: [RTGEN 206-100] Generating core module 'kmeans_sitofp_32nfYi': 1 instance(s).
INFO: [RTGEN 206-100] Finished creating RTL model for 'kmeans'.
INFO: [HLS 200-111]  Elapsed time: 0.334 seconds; current allocated memory: 134.525 MB.
INFO: [HLS 200-790] **** Loop Constraint Status: All loop constraints were satisfied.
INFO: [HLS 200-789] **** Estimated Fmax: 114.48 MHz
INFO: [RTMG 210-279] Implementing memory 'kmeans_x_data_rom' using auto ROMs.
INFO: [RTMG 210-279] Implementing memory 'kmeans_y_data_rom' using auto ROMs.
INFO: [RTMG 210-278] Implementing memory 'kmeans_data_clustbkb_ram (RAM)' using distributed RAMs.
INFO: [HLS 200-111] Finished generating all RTL models Time (s): cpu = 00:00:06 ; elapsed = 00:00:14 . Memory (MB): peak = 992.473 ; gain = 898.965
INFO: [VHDL 208-304] Generating VHDL RTL for kmeans.
INFO: [VLOG 209-307] Generating Verilog RTL for kmeans.
INFO: [HLS 200-112] Total elapsed time: 13.69 seconds; peak allocated memory: 134.525 MB.
