

================================================================
== Vivado HLS Report for 'kmeans'
================================================================
* Date:           Sat Jul 16 10:54:04 2022

* Version:        2020.1 (Build 2897737 on Wed May 27 20:21:37 MDT 2020)
* Project:        comp4601_proj
* Solution:       4-change-float-to-fixed-width
* Product family: zynq
* Target device:  xc7z020-clg484-1


================================================================
== Performance Estimates
================================================================
+ Timing: 
    * Summary: 
    +--------+----------+----------+------------+
    |  Clock |  Target  | Estimated| Uncertainty|
    +--------+----------+----------+------------+
    |ap_clk  | 10.00 ns | 6.457 ns |   1.25 ns  |
    +--------+----------+----------+------------+

+ Latency: 
    * Summary: 
    +---------+---------+----------+----------+-----+-----+---------+
    |  Latency (cycles) |  Latency (absolute) |  Interval | Pipeline|
    |   min   |   max   |    min   |    max   | min | max |   Type  |
    +---------+---------+----------+----------+-----+-----+---------+
    |      412|      452| 4.120 us | 4.520 us |  412|  452|   none  |
    +---------+---------+----------+----------+-----+-----+---------+

    + Detail: 
        * Instance: 
        N/A

        * Loop: 
        +-------------+---------+---------+-----------+-----------+-----------+------+----------+
        |             |  Latency (cycles) | Iteration |  Initiation Interval  | Trip |          |
        |  Loop Name  |   min   |   max   |  Latency  |  achieved |   target  | Count| Pipelined|
        +-------------+---------+---------+-----------+-----------+-----------+------+----------+
        |- Loop 1     |        2|        2|          1|          -|          -|     2|    no    |
        |- Loop 2     |      200|      200|          4|          -|          -|    50|    no    |
        |- Loop 3     |      206|      246| 103 ~ 123 |          -|          -|     2|    no    |
        | + Loop 3.1  |      100|      100|          2|          -|          -|    50|    no    |
        +-------------+---------+---------+-----------+-----------+-----------+------+----------+



================================================================
== Utilization Estimates
================================================================
* Summary: 
+-----------------+---------+-------+--------+-------+-----+
|       Name      | BRAM_18K| DSP48E|   FF   |  LUT  | URAM|
+-----------------+---------+-------+--------+-------+-----+
|DSP              |        -|      -|       -|      -|    -|
|Expression       |        -|      -|       0|    595|    -|
|FIFO             |        -|      -|       -|      -|    -|
|Instance         |        -|      -|     788|    476|    -|
|Memory           |        0|      -|      28|     23|    0|
|Multiplexer      |        -|      -|       -|    313|    -|
|Register         |        -|      -|     262|      -|    -|
+-----------------+---------+-------+--------+-------+-----+
|Total            |        0|      0|    1078|   1407|    0|
+-----------------+---------+-------+--------+-------+-----+
|Available        |      280|    220|  106400|  53200|    0|
+-----------------+---------+-------+--------+-------+-----+
|Utilization (%)  |        0|      0|       1|      2|    0|
+-----------------+---------+-------+--------+-------+-----+

+ Detail: 
    * Instance: 
    +-------------------------+----------------------+---------+-------+-----+-----+-----+
    |         Instance        |        Module        | BRAM_18K| DSP48E|  FF | LUT | URAM|
    +-------------------------+----------------------+---------+-------+-----+-----+-----+
    |kmeans_sdiv_18s_3cud_U1  |kmeans_sdiv_18s_3cud  |        0|      0|  394|  238|    0|
    |kmeans_sdiv_18s_3cud_U2  |kmeans_sdiv_18s_3cud  |        0|      0|  394|  238|    0|
    +-------------------------+----------------------+---------+-------+-----+-----+-----+
    |Total                    |                      |        0|      0|  788|  476|    0|
    +-------------------------+----------------------+---------+-------+-----+-----+-----+

    * DSP48E: 
    N/A

    * Memory: 
    +-------------------+----------------------+---------+----+----+-----+------+-----+------+-------------+
    |       Memory      |        Module        | BRAM_18K| FF | LUT| URAM| Words| Bits| Banks| W*Bits*Banks|
    +-------------------+----------------------+---------+----+----+-----+------+-----+------+-------------+
    |data_cluster_id_U  |kmeans_data_clustbkb  |        0|   2|   1|    0|    50|    1|     1|           50|
    |x_data_V_U         |kmeans_x_data_V       |        0|  13|  11|    0|    50|   13|     1|          650|
    |y_data_V_U         |kmeans_y_data_V       |        0|  13|  11|    0|    50|   13|     1|          650|
    +-------------------+----------------------+---------+----+----+-----+------+-----+------+-------------+
    |Total              |                      |        0|  28|  23|    0|   150|   27|     3|         1350|
    +-------------------+----------------------+---------+----+----+-----+------+-----+------+-------------+

    * FIFO: 
    N/A

    * Expression: 
    +-------------------------+----------+-------+---+----+------------+------------+
    |      Variable Name      | Operation| DSP48E| FF| LUT| Bitwidth P0| Bitwidth P1|
    +-------------------------+----------+-------+---+----+------------+------------+
    |add_ln30_fu_298_p2       |     +    |      0|  0|  15|           6|           1|
    |add_ln44_fu_447_p2       |     +    |      0|  0|  10|           2|           1|
    |add_ln49_fu_459_p2       |     +    |      0|  0|  15|           6|           1|
    |add_ln53_fu_528_p2       |     +    |      0|  0|  39|          32|           1|
    |add_ln703_1_fu_430_p2    |     +    |      0|  0|  24|          17|          17|
    |add_ln703_2_fu_512_p2    |     +    |      0|  0|  24|          17|          17|
    |add_ln703_3_fu_522_p2    |     +    |      0|  0|  24|          17|          17|
    |add_ln703_fu_370_p2      |     +    |      0|  0|  24|          17|          17|
    |i_fu_262_p2              |     +    |      0|  0|  10|           2|           1|
    |sub_ln703_1_fu_343_p2    |     -    |      0|  0|  24|          17|          17|
    |sub_ln703_2_fu_376_p2    |     -    |      0|  0|  24|          17|          17|
    |sub_ln703_3_fu_403_p2    |     -    |      0|  0|  24|          17|          17|
    |sub_ln703_4_fu_326_p2    |     -    |      0|  0|  24|           1|          17|
    |sub_ln703_5_fu_356_p2    |     -    |      0|  0|  24|           1|          17|
    |sub_ln703_6_fu_389_p2    |     -    |      0|  0|  24|           1|          17|
    |sub_ln703_7_fu_416_p2    |     -    |      0|  0|  24|           1|          17|
    |sub_ln703_fu_313_p2      |     -    |      0|  0|  24|          17|          17|
    |data_cluster_id_d0       |   icmp   |      0|  0|  18|          17|          17|
    |icmp_ln19_fu_256_p2      |   icmp   |      0|  0|   9|           2|           3|
    |icmp_ln30_fu_292_p2      |   icmp   |      0|  0|  11|           6|           5|
    |icmp_ln44_fu_441_p2      |   icmp   |      0|  0|   9|           2|           3|
    |icmp_ln49_fu_453_p2      |   icmp   |      0|  0|  11|           6|           5|
    |icmp_ln50_fu_502_p2      |   icmp   |      0|  0|   8|           2|           2|
    |icmp_ln57_fu_472_p2      |   icmp   |      0|  0|  18|          32|           1|
    |select_ln4_1_fu_362_p3   |  select  |      0|  0|  17|           1|          17|
    |select_ln4_2_fu_395_p3   |  select  |      0|  0|  17|           1|          17|
    |select_ln4_3_fu_422_p3   |  select  |      0|  0|  17|           1|          17|
    |select_ln4_fu_332_p3     |  select  |      0|  0|  17|           1|          17|
    |select_ln50_1_fu_542_p3  |  select  |      0|  0|  17|           1|          17|
    |select_ln50_2_fu_550_p3  |  select  |      0|  0|  32|           1|          32|
    |select_ln50_fu_534_p3    |  select  |      0|  0|  17|           1|          17|
    +-------------------------+----------+-------+---+----+------------+------------+
    |Total                    |          |      0|  0| 595|         262|         379|
    +-------------------------+----------+-------+---+----+------------+------------+

    * Multiplexer: 
    +--------------------------+-----+-----------+-----+-----------+
    |           Name           | LUT | Input Size| Bits| Total Bits|
    +--------------------------+-----+-----------+-----+-----------+
    |ap_NS_fsm                 |  145|         32|    1|         32|
    |centroids_x_V_address0    |   15|          3|    1|          3|
    |centroids_x_V_address1    |   15|          3|    1|          3|
    |centroids_y_V_address0    |   15|          3|    1|          3|
    |centroids_y_V_address1    |   15|          3|    1|          3|
    |data_cluster_id_address0  |   15|          3|    6|         18|
    |i_1_0_reg_186             |    9|          2|    6|         12|
    |i_2_0_reg_197             |    9|          2|    2|          4|
    |i_op_assign_0_reg_244     |    9|          2|   32|         64|
    |j_1_0_reg_233             |    9|          2|    6|         12|
    |p_Val2_13_0_reg_209       |    9|          2|   17|         34|
    |p_Val2_15_0_reg_221       |    9|          2|   17|         34|
    |p_Val2_s_reg_175          |    9|          2|    2|          4|
    |x_data_V_address0         |   15|          3|    6|         18|
    |y_data_V_address0         |   15|          3|    6|         18|
    +--------------------------+-----+-----------+-----+-----------+
    |Total                     |  313|         67|  105|        262|
    +--------------------------+-----+-----------+-----+-----------+

    * Register: 
    +------------------------------+----+----+-----+-----------+
    |             Name             | FF | LUT| Bits| Const Bits|
    +------------------------------+----+----+-----+-----------+
    |add_ln30_reg_605              |   6|   0|    6|          0|
    |add_ln44_reg_648              |   2|   0|    2|          0|
    |add_ln49_reg_656              |   6|   0|    6|          0|
    |add_ln703_1_reg_640           |  17|   0|   17|          0|
    |add_ln703_reg_635             |  17|   0|   17|          0|
    |ap_CS_fsm                     |  31|   0|   31|          0|
    |centroids_x_V_load_1_reg_592  |  17|   0|   17|          0|
    |centroids_x_V_load_reg_582    |  17|   0|   17|          0|
    |centroids_y_V_load_1_reg_597  |  17|   0|   17|          0|
    |centroids_y_V_load_reg_587    |  17|   0|   17|          0|
    |i_1_0_reg_186                 |   6|   0|    6|          0|
    |i_2_0_reg_197                 |   2|   0|    2|          0|
    |i_op_assign_0_reg_244         |  32|   0|   32|          0|
    |icmp_ln57_reg_676             |   1|   0|    1|          0|
    |j_1_0_reg_233                 |   6|   0|    6|          0|
    |p_Val2_13_0_reg_209           |  17|   0|   17|          0|
    |p_Val2_15_0_reg_221           |  17|   0|   17|          0|
    |p_Val2_s_reg_175              |   2|   0|    2|          0|
    |x_data_V_load_reg_625         |  13|   0|   13|          0|
    |y_data_V_load_reg_630         |  13|   0|   13|          0|
    |zext_ln31_reg_610             |   6|   0|   64|         58|
    +------------------------------+----+----+-----+-----------+
    |Total                         | 262|   0|  320|         58|
    +------------------------------+----+----+-----+-----------+



================================================================
== Interface
================================================================
* Summary: 
+------------------------+-----+-----+------------+---------------+--------------+
|        RTL Ports       | Dir | Bits|  Protocol  | Source Object |    C Type    |
+------------------------+-----+-----+------------+---------------+--------------+
|ap_clk                  |  in |    1| ap_ctrl_hs |     kmeans    | return value |
|ap_rst                  |  in |    1| ap_ctrl_hs |     kmeans    | return value |
|ap_start                |  in |    1| ap_ctrl_hs |     kmeans    | return value |
|ap_done                 | out |    1| ap_ctrl_hs |     kmeans    | return value |
|ap_idle                 | out |    1| ap_ctrl_hs |     kmeans    | return value |
|ap_ready                | out |    1| ap_ctrl_hs |     kmeans    | return value |
|centroids_x_V_address0  | out |    1|  ap_memory | centroids_x_V |     array    |
|centroids_x_V_ce0       | out |    1|  ap_memory | centroids_x_V |     array    |
|centroids_x_V_we0       | out |    1|  ap_memory | centroids_x_V |     array    |
|centroids_x_V_d0        | out |   17|  ap_memory | centroids_x_V |     array    |
|centroids_x_V_q0        |  in |   17|  ap_memory | centroids_x_V |     array    |
|centroids_x_V_address1  | out |    1|  ap_memory | centroids_x_V |     array    |
|centroids_x_V_ce1       | out |    1|  ap_memory | centroids_x_V |     array    |
|centroids_x_V_we1       | out |    1|  ap_memory | centroids_x_V |     array    |
|centroids_x_V_d1        | out |   17|  ap_memory | centroids_x_V |     array    |
|centroids_x_V_q1        |  in |   17|  ap_memory | centroids_x_V |     array    |
|centroids_y_V_address0  | out |    1|  ap_memory | centroids_y_V |     array    |
|centroids_y_V_ce0       | out |    1|  ap_memory | centroids_y_V |     array    |
|centroids_y_V_we0       | out |    1|  ap_memory | centroids_y_V |     array    |
|centroids_y_V_d0        | out |   17|  ap_memory | centroids_y_V |     array    |
|centroids_y_V_q0        |  in |   17|  ap_memory | centroids_y_V |     array    |
|centroids_y_V_address1  | out |    1|  ap_memory | centroids_y_V |     array    |
|centroids_y_V_ce1       | out |    1|  ap_memory | centroids_y_V |     array    |
|centroids_y_V_we1       | out |    1|  ap_memory | centroids_y_V |     array    |
|centroids_y_V_d1        | out |   17|  ap_memory | centroids_y_V |     array    |
|centroids_y_V_q1        |  in |   17|  ap_memory | centroids_y_V |     array    |
+------------------------+-----+-----+------------+---------------+--------------+

