

================================================================
== Vivado HLS Report for 'abs_custom'
================================================================
* Date:           Fri Jul 22 17:50:13 2022

* Version:        2020.1 (Build 2897737 on Wed May 27 20:21:37 MDT 2020)
* Project:        kmeans_proj
* Solution:       solution5
* Product family: zynq
* Target device:  xc7z020-clg484-1


================================================================
== Performance Estimates
================================================================
+ Timing: 
    * Summary: 
    +--------+----------+----------+------------+
    |  Clock |  Target  | Estimated| Uncertainty|
    +--------+----------+----------+------------+
    |ap_clk  | 10.00 ns | 2.887 ns |   1.25 ns  |
    +--------+----------+----------+------------+

+ Latency: 
    * Summary: 
    +---------+---------+----------+----------+-----+-----+---------+
    |  Latency (cycles) |  Latency (absolute) |  Interval | Pipeline|
    |   min   |   max   |    min   |    max   | min | max |   Type  |
    +---------+---------+----------+----------+-----+-----+---------+
    |        0|        0|   0 ns   |   0 ns   |    0|    0|   none  |
    +---------+---------+----------+----------+-----+-----+---------+

    + Detail: 
        * Instance: 
        N/A

        * Loop: 
        N/A



================================================================
== Utilization Estimates
================================================================
* Summary: 
+-----------------+---------+-------+--------+-------+-----+
|       Name      | BRAM_18K| DSP48E|   FF   |  LUT  | URAM|
+-----------------+---------+-------+--------+-------+-----+
|DSP              |        -|      -|       -|      -|    -|
|Expression       |        -|      -|       0|     41|    -|
|FIFO             |        -|      -|       -|      -|    -|
|Instance         |        -|      -|       -|      -|    -|
|Memory           |        -|      -|       -|      -|    -|
|Multiplexer      |        -|      -|       -|      -|    -|
|Register         |        -|      -|       -|      -|    -|
+-----------------+---------+-------+--------+-------+-----+
|Total            |        0|      0|       0|     41|    0|
+-----------------+---------+-------+--------+-------+-----+
|Available        |      280|    220|  106400|  53200|    0|
+-----------------+---------+-------+--------+-------+-----+
|Utilization (%)  |        0|      0|       0|   ~0  |    0|
+-----------------+---------+-------+--------+-------+-----+

+ Detail: 
    * Instance: 
    N/A

    * DSP48E: 
    N/A

    * Memory: 
    N/A

    * FIFO: 
    N/A

    * Expression: 
    +--------------------+----------+-------+---+----+------------+------------+
    |    Variable Name   | Operation| DSP48E| FF| LUT| Bitwidth P0| Bitwidth P1|
    +--------------------+----------+-------+---+----+------------+------------+
    |sub_ln703_fu_24_p2  |     -    |      0|  0|  24|           1|          17|
    |ap_return           |  select  |      0|  0|  17|           1|          17|
    +--------------------+----------+-------+---+----+------------+------------+
    |Total               |          |      0|  0|  41|           2|          34|
    +--------------------+----------+-------+---+----+------------+------------+

    * Multiplexer: 
    N/A

    * Register: 
    N/A



================================================================
== Interface
================================================================
* Summary: 
+-----------+-----+-----+------------+--------------+--------------+
| RTL Ports | Dir | Bits|  Protocol  | Source Object|    C Type    |
+-----------+-----+-----+------------+--------------+--------------+
|ap_ready   | out |    1| ap_ctrl_hs |  abs_custom  | return value |
|ap_return  | out |   17| ap_ctrl_hs |  abs_custom  | return value |
|number_V   |  in |   17|   ap_none  |   number_V   |    scalar    |
+-----------+-----+-----+------------+--------------+--------------+

============================================================
+ Verbose Summary: Synthesis Manager
============================================================
InlineROM: 1
ExposeGlobal: 0
============================================================
+ Verbose Summary: CDFG Model
============================================================
IsTopModel: 0
ResetActiveHigh: 1
IsCombinational: 1
IsDatapathOnly: 2
HasWiredReturn: 1
HasMFsm: 0
HasVarLatency: 0
IsPipeline: 0
IsRtlPipelined: 0
IsInstanceOverlapped: 0
IsDontTouch: 0
HasImplIP: 0
IsGatedGlobalClock: 0


============================================================
+ Verbose Summary: Schedule
============================================================
* Number of FSM states : 1
* Pipeline : 0
* Dataflow Pipeline: 0

* FSM state transitions: 
1 --> 

* FSM state operations: 

State 1 <SV = 0> <Delay = 2.88>
ST_1 : Operation 2 [1/1] (0.00ns)   --->   "%number_V_read = call i17 @_ssdm_op_Read.ap_auto.i17(i17 %number_V)" [kmeans.cpp:4]   --->   Operation 2 'read' 'number_V_read' <Predicate = true> <Delay = 0.00>
ST_1 : Operation 3 [1/1] (0.00ns)   --->   "%tmp = call i1 @_ssdm_op_BitSelect.i1.i17.i32(i17 %number_V_read, i32 16)" [kmeans.cpp:4]   --->   Operation 3 'bitselect' 'tmp' <Predicate = true> <Delay = 0.00>
ST_1 : Operation 4 [1/1] (2.10ns)   --->   "%sub_ln703 = sub i17 0, %number_V_read" [kmeans.cpp:5]   --->   Operation 4 'sub' 'sub_ln703' <Predicate = (tmp)> <Delay = 2.10> <Core = "AddSub">   --->   Core 14 'AddSub' <Latency = 0> <II = 1> <Delay = 2.10> <FuncUnit> <Opcode : 'add' 'sub'> <InPorts = 2> <OutPorts = 1>
ST_1 : Operation 5 [1/1] (0.78ns)   --->   "%select_ln4 = select i1 %tmp, i17 %sub_ln703, i17 %number_V_read" [kmeans.cpp:4]   --->   Operation 5 'select' 'select_ln4' <Predicate = true> <Delay = 0.78> <Core = "Sel">   --->   Core 26 'Sel' <Latency = 0> <II = 1> <Delay = 0.78> <FuncUnit> <Opcode : 'select'> <InPorts = 3> <OutPorts = 1>
ST_1 : Operation 6 [1/1] (0.00ns)   --->   "ret i17 %select_ln4" [kmeans.cpp:7]   --->   Operation 6 'ret' <Predicate = true> <Delay = 0.00>


============================================================
+ Verbose Summary: Binding
============================================================
STG Binding: 
---------------- STG Properties BEGIN ----------------
- Is combinational: 1
- Is one-state seq: 0
- Is datapath-only: 0
- Is pipelined: 0
- Is top level: 0
Port [ Return ] is wired: 1; IO mode=ap_ctrl_hs:ce=0
Port [ number_V]:  wired=1; compound=0; hidden=0; nouse=0; global=0; static=0; extern=0; dir=0; type=0; pingpong=0; private_global=0; IO mode=ap_none:ce=0
---------------- STG Properties END ------------------

---------------- Datapath Model BEGIN ----------------

<LifeTime>
<method=bitvector/>
number_V_read (read     ) [ 00]
tmp           (bitselect) [ 01]
sub_ln703     (sub      ) [ 00]
select_ln4    (select   ) [ 00]
ret_ln7       (ret      ) [ 00]
</LifeTime>

<model>

<comp_list>
<comp id="0" class="1000" name="number_V">
<pin_list>
<pin id="1" dir="1" index="0" bw="1" slack="0"/>
</pin_list>
<bind>
<StgValue><ssdm name="number_V"/></StgValue>
</bind>
</comp>

<comp id="2" class="1001" name="const_2">
<pin_list>
<pin id="3" dir="1" index="0" bw="1" slack="0"/>
</pin_list>
<bind>
<StgValue><ssdm name="_ssdm_op_Read.ap_auto.i17"/></StgValue>
</bind>
</comp>

<comp id="4" class="1001" name="const_4">
<pin_list>
<pin id="5" dir="1" index="0" bw="1" slack="0"/>
</pin_list>
<bind>
<StgValue><ssdm name="_ssdm_op_BitSelect.i1.i17.i32"/></StgValue>
</bind>
</comp>

<comp id="6" class="1001" name="const_6">
<pin_list>
<pin id="7" dir="1" index="0" bw="1" slack="0"/>
</pin_list>
<bind>
<StgValue><ssdm name=""/></StgValue>
</bind>
</comp>

<comp id="8" class="1001" name="const_8">
<pin_list>
<pin id="9" dir="1" index="0" bw="1" slack="0"/>
</pin_list>
<bind>
<StgValue><ssdm name=""/></StgValue>
</bind>
</comp>

<comp id="10" class="1004" name="number_V_read_read_fu_10">
<pin_list>
<pin id="11" dir="0" index="0" bw="17" slack="0"/>
<pin id="12" dir="0" index="1" bw="17" slack="0"/>
<pin id="13" dir="1" index="2" bw="17" slack="0"/>
</pin_list>
<bind>
<opcode="read(1150) " fcode="read"/>
<opset="number_V_read/1 "/>
</bind>
</comp>

<comp id="16" class="1004" name="tmp_fu_16">
<pin_list>
<pin id="17" dir="0" index="0" bw="1" slack="0"/>
<pin id="18" dir="0" index="1" bw="17" slack="0"/>
<pin id="19" dir="0" index="2" bw="6" slack="0"/>
<pin id="20" dir="1" index="3" bw="1" slack="0"/>
</pin_list>
<bind>
<opcode="bitselect(1000) " fcode="bitselect"/>
<opset="tmp/1 "/>
</bind>
</comp>

<comp id="24" class="1004" name="sub_ln703_fu_24">
<pin_list>
<pin id="25" dir="0" index="0" bw="1" slack="0"/>
<pin id="26" dir="0" index="1" bw="17" slack="0"/>
<pin id="27" dir="1" index="2" bw="17" slack="0"/>
</pin_list>
<bind>
<opcode="sub(10) " fcode="sub"/>
<opset="sub_ln703/1 "/>
</bind>
</comp>

<comp id="30" class="1004" name="select_ln4_fu_30">
<pin_list>
<pin id="31" dir="0" index="0" bw="1" slack="0"/>
<pin id="32" dir="0" index="1" bw="17" slack="0"/>
<pin id="33" dir="0" index="2" bw="17" slack="0"/>
<pin id="34" dir="1" index="3" bw="17" slack="2147483647"/>
</pin_list>
<bind>
<opcode="select(49) " fcode="select"/>
<opset="select_ln4/1 "/>
</bind>
</comp>

</comp_list>

<net_list>
<net id="14"><net_src comp="2" pin="0"/><net_sink comp="10" pin=0"/></net>

<net id="15"><net_src comp="0" pin="0"/><net_sink comp="10" pin=1"/></net>

<net id="21"><net_src comp="4" pin="0"/><net_sink comp="16" pin=0"/></net>

<net id="22"><net_src comp="10" pin="2"/><net_sink comp="16" pin=1"/></net>

<net id="23"><net_src comp="6" pin="0"/><net_sink comp="16" pin=2"/></net>

<net id="28"><net_src comp="8" pin="0"/><net_sink comp="24" pin=0"/></net>

<net id="29"><net_src comp="10" pin="2"/><net_sink comp="24" pin=1"/></net>

<net id="35"><net_src comp="16" pin="3"/><net_sink comp="30" pin=0"/></net>

<net id="36"><net_src comp="24" pin="2"/><net_sink comp="30" pin=1"/></net>

<net id="37"><net_src comp="10" pin="2"/><net_sink comp="30" pin=2"/></net>

</net_list>

</model> 
---------------- Datapath Model END ------------------

* FSMD analyzer results:
  - Output states:
 - Input state : 
	Port: abs_custom : number_V | {1 }
  - Chain level:
	State 1
		select_ln4 : 1
		ret_ln7 : 2


============================================================
+ Verbose Summary: Datapath Resource usage 
============================================================

* Functional unit list:
|----------|--------------------------|---------|---------|
| Operation|      Functional Unit     |    FF   |   LUT   |
|----------|--------------------------|---------|---------|
|    sub   |      sub_ln703_fu_24     |    0    |    24   |
|----------|--------------------------|---------|---------|
|  select  |     select_ln4_fu_30     |    0    |    17   |
|----------|--------------------------|---------|---------|
|   read   | number_V_read_read_fu_10 |    0    |    0    |
|----------|--------------------------|---------|---------|
| bitselect|         tmp_fu_16        |    0    |    0    |
|----------|--------------------------|---------|---------|
|   Total  |                          |    0    |    41   |
|----------|--------------------------|---------|---------|

Memories:
N/A

* Register list:
N/A

* Multiplexer (MUX) list: 
|--------|------|------|------|--------|
|  Comp  |  Pin | Size |  BW  | S x BW |
|--------|------|------|------|--------|
|  Total |      |      |      |    0   |
|--------|------|------|------|--------|



* Summary:
+-----------+--------+--------+
|           |   FF   |   LUT  |
+-----------+--------+--------+
|  Function |    0   |   41   |
|   Memory  |    -   |    -   |
|Multiplexer|    -   |    -   |
|  Register |    -   |    -   |
+-----------+--------+--------+
|   Total   |    0   |   41   |
+-----------+--------+--------+
