INFO-FLOW: Workspace D:/comp4601-project/kmeans_c/kmeans_proj/solution3 opened at Fri Jul 22 16:05:30 +1000 2022
Execute     config_clock -quiet -name default -period 10 -default=false 
INFO: [SYN 201-201] Setting up clock 'default' with a period of 10ns.
Execute     open_platform DefaultPlatform 
Execute     import_lib E:/Xilinx/Vivado/2020.1/common/technology/xilinx/zynq/zynq 
Execute       source E:/Xilinx/Vivado/2020.1/common/technology/xilinx/common/xilinx.lib 
Execute         source E:/Xilinx/Vivado/2020.1/common/technology/xilinx/interface/xilinx_interface.lib 
Execute           source E:/Xilinx/Vivado/2020.1/common/technology/xilinx/interface/plb46.lib 
Execute           source E:/Xilinx/Vivado/2020.1/common/technology/xilinx/interface/fsl.lib 
Execute           source E:/Xilinx/Vivado/2020.1/common/technology/xilinx/interface/axi4.lib 
Execute           source E:/Xilinx/Vivado/2020.1/common/technology/xilinx/interface/maxi.lib 
Execute           source E:/Xilinx/Vivado/2020.1/common/technology/xilinx/interface/saxilite.lib 
Execute         source E:/Xilinx/Vivado/2020.1/common/technology/xilinx/common/dsp48.lib 
Execute         source E:/Xilinx/Vivado/2020.1/common/technology/xilinx/ip/dds_compiler.lib 
Execute         source E:/Xilinx/Vivado/2020.1/common/technology/xilinx/ip/xfft.lib 
Execute         source E:/Xilinx/Vivado/2020.1/common/technology/xilinx/ip/xfir.lib 
Execute       source E:/Xilinx/Vivado/2020.1/common/technology/xilinx/common/xilinx.hlp 
Execute         source E:/Xilinx/Vivado/2020.1/common/technology/xilinx/common/target_info.tcl 
Execute         source E:/Xilinx/Vivado/2020.1/common/technology/xilinx/interface/xilinx_interface.hlp 
Execute           source E:/Xilinx/Vivado/2020.1/common/technology/xilinx/interface/maxi.hlp 
Execute           source E:/Xilinx/Vivado/2020.1/common/technology/xilinx/interface/saxilite.hlp 
Execute         source E:/Xilinx/Vivado/2020.1/common/technology/xilinx/common/dsp48.hlp 
Execute       source E:/Xilinx/Vivado/2020.1/common/technology/xilinx/zynq/dsp48e1.hlp 
Execute       source E:/Xilinx/Vivado/2020.1/common/technology/xilinx/common/xilinx.hlp 
Execute         source E:/Xilinx/Vivado/2020.1/common/technology/xilinx/common/target_info.tcl 
Execute         source E:/Xilinx/Vivado/2020.1/common/technology/xilinx/interface/xilinx_interface.hlp 
Execute           source E:/Xilinx/Vivado/2020.1/common/technology/xilinx/interface/maxi.hlp 
Execute           source E:/Xilinx/Vivado/2020.1/common/technology/xilinx/interface/saxilite.hlp 
Execute         source E:/Xilinx/Vivado/2020.1/common/technology/xilinx/common/dsp48.hlp 
Execute     source E:/Xilinx/Vivado/2020.1/common/technology/xilinx/zynq/zynq.gen 
Execute       source E:/Xilinx/Vivado/2020.1/common/technology/xilinx/common/xilinx.gen 
Execute         source E:/Xilinx/Vivado/2020.1/common/technology/xilinx/interface/plb46.gen 
Execute         source E:/Xilinx/Vivado/2020.1/common/technology/xilinx/interface/fsl.gen 
Execute         source E:/Xilinx/Vivado/2020.1/common/technology/xilinx/interface/axi4.gen 
Execute         source E:/Xilinx/Vivado/2020.1/common/technology/xilinx/interface/nativeAXI4.gen 
Execute           source E:/Xilinx/Vivado/2020.1/common/technology/xilinx/interface/saxilite.gen 
Execute           source E:/Xilinx/Vivado/2020.1/common/technology/xilinx/interface/maxi.gen 
Execute         source E:/Xilinx/Vivado/2020.1/common/technology/xilinx/scripts/xilinxcoregen.gen 
Execute         source E:/Xilinx/Vivado/2020.1/common/technology/xilinx/interface/XilEDKCoreGen.gen 
Execute         source E:/Xilinx/Vivado/2020.1/common/technology/xilinx/ip/dds_compiler.gen 
Execute         source E:/Xilinx/Vivado/2020.1/common/technology/xilinx/ip/util.gen 
Execute         source E:/Xilinx/Vivado/2020.1/common/technology/xilinx/ip/xfft.gen 
Execute         source E:/Xilinx/Vivado/2020.1/common/technology/xilinx/ip/xfir.gen 
Execute         source E:/Xilinx/Vivado/2020.1/common/technology/xilinx/common/dsp48.gen 
Execute     open_platform DefaultPlatform 
Execute     import_lib E:/Xilinx/Vivado/2020.1/common/technology/xilinx/zynq/zynq_fpv6 
Execute       source E:/Xilinx/Vivado/2020.1/common/technology/xilinx/common/xilinx_fp.lib 
Execute       source E:/Xilinx/Vivado/2020.1/common/technology/xilinx/common/xilinx_fp.hlp 
Execute         source E:/Xilinx/Vivado/2020.1/common/technology/xilinx/common/xilinx.hlp 
Execute           source E:/Xilinx/Vivado/2020.1/common/technology/xilinx/common/target_info.tcl 
Execute           source E:/Xilinx/Vivado/2020.1/common/technology/xilinx/interface/xilinx_interface.hlp 
Execute             source E:/Xilinx/Vivado/2020.1/common/technology/xilinx/interface/maxi.hlp 
Execute             source E:/Xilinx/Vivado/2020.1/common/technology/xilinx/interface/saxilite.hlp 
Execute           source E:/Xilinx/Vivado/2020.1/common/technology/xilinx/common/dsp48.hlp 
Execute     source E:/Xilinx/Vivado/2020.1/common/technology/xilinx/zynq/zynq_fpv6.gen 
Execute       source E:/Xilinx/Vivado/2020.1/common/technology/xilinx/common/xilinx_fp.gen 
Execute     set_part xc7z020-clg484-1 
Execute       ap_part_info -name xc7z020-clg484-1 -data single -quiet 
Command       ap_part_info done; 0.457 sec.
Execute       ap_part_info -name xc7z020-clg484-1 -data info 
Execute       add_library xilinx/zynq/zynq:xc7z020:-clg484:-1 
Execute         get_default_platform 
Execute         ap_part_info -data single -name xc7z020-clg484-1 
Execute         ap_part_info -name xc7z020-clg484-1 -data resources 
Execute         ap_part_info -name xc7z020-clg484-1 -data info 
Execute         ap_part_info -name xc7z020-clg484-1 -data info 
Execute         config_chip_info -quiet -resource {SLICE 13300} {LUT 53200} {FF 106400} {DSP48E 220} {BRAM 280} {URAM 0} 
Execute         ap_part_info -name xc7z020-clg484-1 -data info 
Execute         config_chip_info -quiet -speed slow 
Execute       add_library xilinx/zynq/zynq_fpv6 
Execute         get_default_platform 
INFO: [HLS 200-10] Setting target device to 'xc7z020-clg484-1'
Execute       ap_part_info -name xc7z020-clg484-1 -data info 
Execute       get_default_platform 
Command     set_part done; 0.54 sec.
Execute     ap_part_info -data single -name xc7z020-clg484-1 
Execute     ap_part_info -name xc7z020-clg484-1 -data resources 
Execute     ap_part_info -name xc7z020-clg484-1 -data info 
Execute     ap_part_info -name xc7z020-clg484-1 -data info 
Execute     config_chip_info -quiet -resource {SLICE 13300} {LUT 53200} {FF 106400} {DSP48E 220} {BRAM 280} {URAM 0} 
Execute     ap_part_info -name xc7z020-clg484-1 -data info 
Execute     config_chip_info -quiet -speed slow 
Command   open_solution done; 0.684 sec.
Execute   set_part xc7z020-clg484-1 
Execute     ap_part_info -name xc7z020-clg484-1 -data single -quiet 
Execute     ap_part_info -name xc7z020-clg484-1 -data info 
Execute     add_library xilinx/zynq/zynq:xc7z020:-clg484:-1 
Execute       get_default_platform 
Execute       ap_part_info -data single -name xc7z020-clg484-1 
Execute       ap_part_info -name xc7z020-clg484-1 -data resources 
Execute       ap_part_info -name xc7z020-clg484-1 -data info 
Execute       ap_part_info -name xc7z020-clg484-1 -data info 
Execute       config_chip_info -quiet -resource {SLICE 13300} {LUT 53200} {FF 106400} {DSP48E 220} {BRAM 280} {URAM 0} 
Execute       ap_part_info -name xc7z020-clg484-1 -data info 
Execute       config_chip_info -quiet -speed slow 
Execute     add_library xilinx/zynq/zynq_fpv6 
Execute       get_default_platform 
Execute     ap_part_info -name xc7z020-clg484-1 -data info 
Execute     get_default_platform 
Execute   create_clock -period 10 -name default 
Execute   source ./kmeans_proj/solution3/directives.tcl 
Execute     set_directive_unroll kmeans/kmeans_distance_inner 
INFO-FLOW: Setting directive 'UNROLL' 
Execute     set_directive_unroll -factor 10 kmeans/kmeans_distance_outer 
INFO-FLOW: Setting directive 'UNROLL' 
INFO-FLOW: Setting directive 'UNROLL' factor=10 
Execute   csynth_design 
Execute     get_config_compile -dump_cfg 
Execute     get_config_compile -effort 
Execute     get_config_compile -enable_clang39 
Execute     get_config_compile -g 
Execute     get_config_compile -ng 
Execute     get_config_compile -opt_fp 
Execute     get_config_compile -skip_cdt 
Execute     get_config_compile -skip_syncheck 
Execute     get_config_compile -skip_transform 
Execute     get_config_compile -keep_printf 
Execute     elaborate -effort=medium -skip_syncheck=0 -keep_printf=0 -skip_cdt=0 -skip_transform=0 -ng=0 -g=0 -opt_fp=0 -from_csynth_design=1 
Execute       get_config_schedule -relax_ii_for_timing 
INFO: [SCHED 204-61] Option 'relax_ii_for_timing' is enabled, will increase II to preserve clock frequency constraints.
Execute       get_config_schedule -suppress_dependence_error_break 
INFO: [HLS 200-10] Analyzing design file 'kmeans.cpp' ... 
INFO-FLOW: Compiling one TU...
Execute       is_m_axi_addr64 
INFO-FLOW: Handling kmeans.cpp as C++
Execute       ap_part_info -name xc7z020-clg484-1 -data info 
Execute       is_encrypted kmeans.cpp 
Execute       ap_part_info -name xc7z020-clg484-1 -data info 
INFO-FLOW: Running: GCC PP
INFO-FLOW: Source preprocessing
Execute       clang  -fno-limit-debug-info -gcc-toolchain "E:/Xilinx/Vivado/2020.1/msys" -hls  -fno-exceptions  -D__llvm__  -E "kmeans.cpp"     -fno-math-errno -c -emit-llvm -O0  -mllvm -disable-llvm-optzns -fno-threadsafe-statics  -fno-use-cxa-atexit  -fno-threadsafe-statics -fno-use-cxa-atexit -D__CLANG_3_1__ -D__cdecl= -DAESL_SYN -D__SYNTHESIS__ -D__HLS_SYN__ -I "E:/Xilinx/Vivado/2020.1/common/technology/autopilot" -I "E:/Xilinx/Vivado/2020.1/common/technology/autopilot/ap_sysc" -include etc/autopilot_ssdm_op.h -D__DSP48E1__  -o "D:/comp4601-project/kmeans_c/kmeans_proj/solution3/.autopilot/db/kmeans.pp.0.cpp" 
INFO-FLOW: exec E:/Xilinx/Vivado/2020.1/win64/tools/clang/bin/clang -fno-limit-debug-info -gcc-toolchain E:/Xilinx/Vivado/2020.1/msys -hls -fno-exceptions -D__llvm__ -E kmeans.cpp -fno-math-errno -c -emit-llvm -O0 -mllvm -disable-llvm-optzns -fno-threadsafe-statics -fno-use-cxa-atexit -fno-threadsafe-statics -fno-use-cxa-atexit -D__CLANG_3_1__ -D__cdecl= -DAESL_SYN -D__SYNTHESIS__ -D__HLS_SYN__ -I E:/Xilinx/Vivado/2020.1/common/technology/autopilot -I E:/Xilinx/Vivado/2020.1/common/technology/autopilot/ap_sysc -include etc/autopilot_ssdm_op.h -D__DSP48E1__ -o D:/comp4601-project/kmeans_c/kmeans_proj/solution3/.autopilot/db/kmeans.pp.0.cpp
Command       clang done; 1.141 sec.
Execute       tidy_31 xilinx-xfmat-array-geometry D:/comp4601-project/kmeans_c/kmeans_proj/solution3/.autopilot/db/kmeans.pp.0.cpp std=gnu++98 
INFO-FLOW: exec E:/Xilinx/Vivado/2020.1/win64/tools/clang-3.9-csynth/bin/tidy-3.1 -header-filter=.* -checks=-*,xilinx-xfmat-array-geometry -quiet -fix D:/comp4601-project/kmeans_c/kmeans_proj/solution3/.autopilot/db/kmeans.pp.0.cpp -- -std=gnu++98 -fhls -ferror-limit=0
Command       tidy_31 done; 0.6 sec.
INFO-FLOW: Syntax Checking before pre-processing...
Execute       clang -syntaxcheck -src D:/comp4601-project/kmeans_c/kmeans_proj/solution3/.autopilot/db/kmeans.pp.0.cpp  -fno-limit-debug-info -gcc-toolchain "E:/Xilinx/Vivado/2020.1/msys" -hls    -fno-math-errno -c -emit-llvm -O0  -mllvm -disable-llvm-optzns -fno-threadsafe-statics  -fno-use-cxa-atexit  -fno-threadsafe-statics -fno-use-cxa-atexit -D__CLANG_3_1__ -D__cdecl= -DAESL_SYN -D__SYNTHESIS__ -D__HLS_SYN__ -I "E:/Xilinx/Vivado/2020.1/common/technology/autopilot" -I "E:/Xilinx/Vivado/2020.1/common/technology/autopilot/ap_sysc" -include etc/autopilot_ssdm_op.h -D__DSP48E1__  "D:/comp4601-project/kmeans_c/kmeans_proj/solution3/.autopilot/db/kmeans.pp.0.cpp"  -o "D:/comp4601-project/kmeans_c/kmeans_proj/solution3/.autopilot/db/useless.bc"  
INFO-FLOW: exec E:/Xilinx/Vivado/2020.1/win64/tools/clang/bin/clang -fno-limit-debug-info -gcc-toolchain E:/Xilinx/Vivado/2020.1/msys -hls -fno-math-errno -c -emit-llvm -O0 -mllvm -disable-llvm-optzns -fno-threadsafe-statics -fno-use-cxa-atexit -fno-threadsafe-statics -fno-use-cxa-atexit -D__CLANG_3_1__ -D__cdecl= -DAESL_SYN -D__SYNTHESIS__ -D__HLS_SYN__ -I E:/Xilinx/Vivado/2020.1/common/technology/autopilot -I E:/Xilinx/Vivado/2020.1/common/technology/autopilot/ap_sysc -include etc/autopilot_ssdm_op.h -D__DSP48E1__ D:/comp4601-project/kmeans_c/kmeans_proj/solution3/.autopilot/db/kmeans.pp.0.cpp -o D:/comp4601-project/kmeans_c/kmeans_proj/solution3/.autopilot/db/useless.bc
Command       clang done; 1.334 sec.
INFO-FLOW: Done: GCC PP time: 3.1 seconds per iteration
INFO-FLOW: Setting directive 'UNROLL' 
INFO-FLOW: Setting directive 'UNROLL' factor=10 
Execute       source E:/Xilinx/Vivado/2020.1/tps/tcl/tcllib1.11.1/yaml/huddle.tcl 
Execute       source E:/Xilinx/Vivado/2020.1/tps/tcl/tcllib1.11.1/yaml/json2huddle.tcl 
Execute         source E:/Xilinx/Vivado/2020.1/tps/tcl/tcllib1.11.1/try/try.tcl 
INFO-FLOW: Setting directive 'UNROLL' 
INFO-FLOW: Setting directive 'UNROLL' factor=10 
Execute       list_core -type functional_unit 
Execute       tidy_31 xilinx-systemc-detector D:/comp4601-project/kmeans_c/kmeans_proj/solution3/.autopilot/db/kmeans.pp.0.cpp std=gnu++98 -directive=D:/comp4601-project/kmeans_c/kmeans_proj/solution3/.autopilot/db/.systemc_flag 
INFO-FLOW: exec E:/Xilinx/Vivado/2020.1/win64/tools/clang-3.9-csynth/bin/tidy-3.1 -header-filter=.* -checks=-*,xilinx-systemc-detector -import-directive=D:/comp4601-project/kmeans_c/kmeans_proj/solution3/.autopilot/db/.systemc_flag -quiet -fix-errors D:/comp4601-project/kmeans_c/kmeans_proj/solution3/.autopilot/db/kmeans.pp.0.cpp -- -std=gnu++98 -fhls -ferror-limit=0
Command       tidy_31 done; 0.555 sec.
INFO-FLOW: Running: tidy-3.1 CDT preprocess
Execute       tidy_31 xilinx-directive2pragma D:/comp4601-project/kmeans_c/kmeans_proj/solution3/.autopilot/db/kmeans.pp.0.cpp std=gnu++98 -directive=D:/comp4601-project/kmeans_c/kmeans_proj/solution3/.autopilot/db/all.directive.json 
INFO-FLOW: exec E:/Xilinx/Vivado/2020.1/win64/tools/clang-3.9-csynth/bin/tidy-3.1 -header-filter=.* -checks=-*,xilinx-directive2pragma -import-directive=D:/comp4601-project/kmeans_c/kmeans_proj/solution3/.autopilot/db/all.directive.json -quiet -fix-errors D:/comp4601-project/kmeans_c/kmeans_proj/solution3/.autopilot/db/kmeans.pp.0.cpp -- -std=gnu++98 -fhls -ferror-limit=0
Command       tidy_31 done; 0.867 sec.
Execute       get_config_dataflow -strict_mode 
Execute       ap_eval exec -ignorestderr E:/Xilinx/Vivado/2020.1/win64/tools/clang-3.9-csynth/bin/xilinx-dataflow-lawyer -export-fixes=D:/comp4601-project/kmeans_c/kmeans_proj/solution3/.autopilot/db/xilinx-dataflow-lawyer.kmeans.pp.0.cpp.diag.yml D:/comp4601-project/kmeans_c/kmeans_proj/solution3/.autopilot/db/kmeans.pp.0.cpp -- -std=gnu++98 -fhls -ferror-limit=0 -fstrict-dataflow > D:/comp4601-project/kmeans_c/kmeans_proj/solution3/.autopilot/db/xilinx-dataflow-lawyer.kmeans.pp.0.cpp.out.log 2> D:/comp4601-project/kmeans_c/kmeans_proj/solution3/.autopilot/db/xilinx-dataflow-lawyer.kmeans.pp.0.cpp.err.log 
Command       ap_eval done; 0.53 sec.
Execute       tidy_31 -errorcheck xilinx-constantarray-param,xilinx-resource-pragma-transformer,xilinx-xfmat-array-geometry D:/comp4601-project/kmeans_c/kmeans_proj/solution3/.autopilot/db/kmeans.pp.0.cpp std=gnu++98 
Execute         ap_eval exec -ignorestderr E:/Xilinx/Vivado/2020.1/win64/tools/clang-3.9-csynth/bin/tidy-3.1 -export-fixes=D:/comp4601-project/kmeans_c/kmeans_proj/solution3/.autopilot/db/tidy-3.1.kmeans.pp.0.cpp.diag.yml -header-filter=.* -checks=-*,xilinx-constantarray-param,xilinx-resource-pragma-transformer,xilinx-xfmat-array-geometry -quiet -fix-errors D:/comp4601-project/kmeans_c/kmeans_proj/solution3/.autopilot/db/kmeans.pp.0.cpp -- -std=gnu++98 -fhls -ferror-limit=0 > D:/comp4601-project/kmeans_c/kmeans_proj/solution3/.autopilot/db/tidy-3.1.kmeans.pp.0.cpp.out.log 2> D:/comp4601-project/kmeans_c/kmeans_proj/solution3/.autopilot/db/tidy-3.1.kmeans.pp.0.cpp.err.log 
Command         ap_eval done; 0.648 sec.
Execute         ap_eval exec -ignorestderr E:/Xilinx/Vivado/2020.1/win64/tools/clang-3.9-csynth/bin/xilinx-legacy-rewriter D:/comp4601-project/kmeans_c/kmeans_proj/solution3/.autopilot/db/kmeans.pp.0.cpp -- -std=gnu++98 -fhls -ferror-limit=0 > D:/comp4601-project/kmeans_c/kmeans_proj/solution3/.autopilot/db/xilinx-legacy-rewriter.kmeans.pp.0.cpp.out.log 2> D:/comp4601-project/kmeans_c/kmeans_proj/solution3/.autopilot/db/xilinx-legacy-rewriter.kmeans.pp.0.cpp.err.log 
Command         ap_eval done; 0.318 sec.
Command       tidy_31 done; 0.969 sec.
INFO-FLOW: Done: tidy-3.1 CDT preprocess time: 2.4 seconds per iteration
INFO-FLOW: Pragma Handling...
Execute       tidy_31 xilinx-ssdm-intrinsics-arguments D:/comp4601-project/kmeans_c/kmeans_proj/solution3/.autopilot/db/kmeans.pragma.1.cpp std=gnu++98 
INFO-FLOW: exec E:/Xilinx/Vivado/2020.1/win64/tools/clang-3.9-csynth/bin/tidy-3.1 -header-filter=.* -checks=-*,xilinx-ssdm-intrinsics-arguments -quiet -fix-errors D:/comp4601-project/kmeans_c/kmeans_proj/solution3/.autopilot/db/kmeans.pragma.1.cpp -- -std=gnu++98 -fhls -ferror-limit=0
Command       tidy_31 done; 0.658 sec.
Execute       ap_part_info -name xc7z020-clg484-1 -data info 
INFO-FLOW: Processing labels
Execute       clang -src D:/comp4601-project/kmeans_c/kmeans_proj/solution3/.autopilot/db/kmeans.pragma.2.cpp  -fno-limit-debug-info -gcc-toolchain E:/Xilinx/Vivado/2020.1/msys -hls -hls-analyze-label -hls-analyze-pragma -fno-exceptions  -D__llvm__  -w  "D:/comp4601-project/kmeans_c/kmeans_proj/solution3/.autopilot/db/kmeans.pragma.2.cpp"    -fno-math-errno -c -emit-llvm -O0  -mllvm -disable-llvm-optzns -fno-threadsafe-statics  -fno-use-cxa-atexit -DAESL_SYN -D__SYNTHESIS__ -D__HLS_SYN__ -I "E:/Xilinx/Vivado/2020.1/common/technology/autopilot" -I "E:/Xilinx/Vivado/2020.1/common/technology/autopilot/ap_sysc" -include etc/autopilot_ssdm_op.h -D__DSP48E1__ -g -o "D:/comp4601-project/kmeans_c/kmeans_proj/solution3/.autopilot/db/kmeans.bc" 
INFO-FLOW: exec E:/Xilinx/Vivado/2020.1/win64/tools/clang/bin/clang -fno-limit-debug-info -gcc-toolchain E:/Xilinx/Vivado/2020.1/msys -hls -hls-analyze-label -hls-analyze-pragma -fno-exceptions -D__llvm__ -w D:/comp4601-project/kmeans_c/kmeans_proj/solution3/.autopilot/db/kmeans.pragma.2.cpp -fno-math-errno -c -emit-llvm -O0 -mllvm -disable-llvm-optzns -fno-threadsafe-statics -fno-use-cxa-atexit -DAESL_SYN -D__SYNTHESIS__ -D__HLS_SYN__ -I E:/Xilinx/Vivado/2020.1/common/technology/autopilot -I E:/Xilinx/Vivado/2020.1/common/technology/autopilot/ap_sysc -include etc/autopilot_ssdm_op.h -D__DSP48E1__ -g -o D:/comp4601-project/kmeans_c/kmeans_proj/solution3/.autopilot/db/kmeans.bc
Command       clang done; 1.358 sec.
INFO-FLOW: Linking Debug ...
Execute       llvm-ld D:/comp4601-project/kmeans_c/kmeans_proj/solution3/.autopilot/db/kmeans.g.bc -hls-opt -except-internalize kmeans -LE:/Xilinx/Vivado/2020.1/win64/lib -lhlsm -lhlsmc++ -o D:/comp4601-project/kmeans_c/kmeans_proj/solution3/.autopilot/db/a.g 
Command       llvm-ld done; 0.846 sec.
INFO: [HLS 200-111] Finished Linking Time (s): cpu = 00:00:02 ; elapsed = 00:00:10 . Memory (MB): peak = 980.504 ; gain = 887.129
INFO: [HLS 200-111] Finished Checking Pragmas Time (s): cpu = 00:00:02 ; elapsed = 00:00:10 . Memory (MB): peak = 980.504 ; gain = 887.129
Execute       get_config_sdx -target 
Execute       opt_and_import_c a -opt_level=2 -skip_syncheck=0 -ng=0 -keep_printf=0 
Execute         cleanup_all_models 
INFO: [HLS 200-10] Starting code transformations ...
Execute         transform -promote-dbg-pointer D:/comp4601-project/kmeans_c/kmeans_proj/solution3/.autopilot/db/a.pp.bc -o D:/comp4601-project/kmeans_c/kmeans_proj/solution3/.autopilot/db/a.pp.0.bc -f 
Execute         llvm-ld D:/comp4601-project/kmeans_c/kmeans_proj/solution3/.autopilot/db/a.pp.0.bc -disable-opt -LE:/Xilinx/Vivado/2020.1/win64/lib -lfloatconversion -o D:/comp4601-project/kmeans_c/kmeans_proj/solution3/.autopilot/db/a.g.0 
Command         llvm-ld done; 0.573 sec.
INFO-FLOW: Running Standard Transforms...
Execute         transform -hls -share-std-xform -demangle-name -inline-byval-memcpy -always-inline -stream-depth-lower -promote-dbg-pointer -interface-preproc -mem2reg -scalarrepl -mem2reg -keep-read-access -instcombine -dce -promote-dbg-pointer -bitop-raise -loop-simplify -indvarspre -indvars -loop-simplify -xunroll -constprop -instcombine -simplifycfg -indvars -simplifycfg -dce -globaldce -basicaa -simplifycfg -mem2reg -globalopt -global-constprop -deadargelim -instcombine -simplifycfg -prune-eh -simplifycfg -scalarrepl -instcombine -reassociate -licm -simplifycfg -loop-simplify -indvars -instcombine -simplifycfg -mem2reg -loop-simplify -indvars -instcombine -gvn -gvn -instcombine -adce -break-crit-edges -simplifycfg -loop-delete -global-array-opt -dce -dse -adce -find-syn-modules -top kmeans -deadargelim -mem2reg -instcombine -dce -presyn-prepare -auto-rom-infer -interface-preproc -syn-check -check-rec-only -find-region -simplifycfg -func-extr -function-inline -globaldce -mem2reg -instcombine -dce -gvn -globaldce -adce -adse -constprop -instcombine -bit-constprop -instcombine -dce -simplifycfg -bitop-raise -simplifycfg -dce -loop-delete -reassociate -globalopt -global-privatize -mem2reg -dce -global-constprop -pointer-simplify -constprop -dce -func-inst -deadargelim -auto-shift-reg-idiom -promote-dbg-pointer -norm-name D:/comp4601-project/kmeans_c/kmeans_proj/solution3/.autopilot/db/a.g.0.bc -o D:/comp4601-project/kmeans_c/kmeans_proj/solution3/.autopilot/db/a.g.1.bc -f -phase std-opt 
INFO: [HLS 200-489] Unrolling loop 'kmeans_distance_inner' (kmeans.cpp:33) in function 'kmeans()' completely with a factor of 1.
INFO: [HLS 200-111] Finished Standard Transforms Time (s): cpu = 00:00:02 ; elapsed = 00:00:11 . Memory (MB): peak = 980.504 ; gain = 887.129
INFO: [HLS 200-10] Checking synthesizability ...
INFO-FLOW: Checking Synthesizability 1/2..
Execute         transform -hls -syn-check -check-rec-only -disaggr -scalarrepl -norm-name -dce -mem2reg -instcombine -function-uniquify -directive-preproc -mem2reg -dse -dce -auto-rom-infer -dce -pag -array-normalize -instcombine -dce -warn-fifo-pointer -array-seg-normalize -instcombine -dce -array-flatten -instcombine -dce -array-burst -dce -deadargelim -promote-global-argument -simplifycfg -mem2reg -globaldce -dce -deadargelim -dce -instcombine -function-inline -globaldce -dce -doublePtrSimplify -doublePtrElim -dce -doublePtrSimplify -promote-dbg-pointer -dce -scalarrepl -dse -adse -instcombine -ptrLegalization -simplifycfg -dce -instcombine -pointer-simplify -ptrArgReplace -dce -instcombine -resolve-double-ptr -disaggr -scalarrepl -norm-name -dce -mem2reg -instcombine -ptrLegalization -simplifycfg -deadargelim -instcombine -dce -inst-simplify -function-uniquify -directive-preproc -mem2reg -dse -dce -globaldce -check-dspbuiltin D:/comp4601-project/kmeans_c/kmeans_proj/solution3/.autopilot/db/a.g.1.bc -o D:/comp4601-project/kmeans_c/kmeans_proj/solution3/.autopilot/db/a.g.2.prechk.bc -f 
INFO-FLOW: Checking Synthesizability 2/2..
Execute         transform -syn-check D:/comp4601-project/kmeans_c/kmeans_proj/solution3/.autopilot/db/a.g.2.prechk.bc -o D:/comp4601-project/kmeans_c/kmeans_proj/solution3/.autopilot/db/a.g.2.bc -f -phase syn-check 
INFO: [HLS 200-111] Finished Checking Synthesizability Time (s): cpu = 00:00:02 ; elapsed = 00:00:11 . Memory (MB): peak = 980.504 ; gain = 887.129
INFO-FLOW: Compiler optimizing ...
INFO-FLOW: Share syncheck's 1.bc for syn flow: copy D:/comp4601-project/kmeans_c/kmeans_proj/solution3/.autopilot/db/a.g.1.bc to D:/comp4601-project/kmeans_c/kmeans_proj/solution3/.autopilot/db/a.o.1.bc
INFO-FLOW: Presyn 1...
Execute         transform -hls -tmp D:/comp4601-project/kmeans_c/kmeans_proj/solution3/.autopilot/db -interface-port-rename -type-info -function-uniquify -directive-preproc -mem2reg -dse -dce -disaggr -scalarrepl -norm-name -deadargelim -mem2reg -instcombine -dce -simplifycfg -auto-rom-infer -dce -function-uniquify -resource-proc -clib-intrinsic-prepare -dce -func-buffer -dce -pag -array-normalize -func-legal -instcombine -gvn -constprop -dce -simplifycfg -mem2reg -globaldce -resolve-double-ptr -dce -deadargelim -dce -instcombine -ptrArgReplace -mem2reg -dce -array-seg-normalize -deadargelim -instcombine -dce -pointer-simplify -dce -port-alignment -dce -interface-preproc -data-pack -instcombine -dce -basicaa -aggr-aa -aggrmodref-aa -aggr-aa -gvn -gvn -basicaa -aggr-aa -aggrmodref-aa -aggr-aa -dse -adse -adce -loop-simplify -indvars -instcombine -gvn -loop-simplify -mem2reg -dce -find-region -instcombine -auto-loop-pipeline -inst-simplify -interface-preproc -cfgopt -instcombine -indvars -auto-loop-unroll -loop-simplify -loop-bound -xunroll -constprop -instcombine -simplifycfg -indvars -simplifycfg -dce -globaldce -clean-region -attach-range -gvn -inst-simplify -constprop -simplifycfg -dce -pointer-simplify -dce -globalopt -constprop -dce -array-promote -constprop -dce -ptrArgReplace -mem2reg -simplifycfg -dce -auto-par -instcombine -dce -array-transform-check -array-reshape -instcombine -simplifycfg -dce -ptrArgReplace -deadargelim -mem2reg -instcombine -simplifycfg -dce -indvars -loop-simplify -loop-bound -xunroll -constprop -instcombine -simplifycfg -indvars -simplifycfg -dce -globaldce -basicaa -aggr-aa -aggrmodref-aa -aggr-aa -dse -duplicate-dataflow-processes -globaldce -instcombine -array-partition -instcombine -simplifycfg -dce -ptrArgReplace -global-constprop -deadargelim -mem2reg -func-legal -dce -global-constprop -deadargelim -mem2reg -simplifycfg -dce -merge-param -deadargelim -globalopt -constprop -dce -array-promote -constprop -dce -ptrArgReplace -mem2reg -simplifycfg -dce -mem-intrinsic-preproc -dce -global-internalize -global-privatize -mem2reg -globaldce -promote-global-argument -ptrArgReplace -mem2reg -dce -globalopt -mergereturn -simplify-global-access -mem2reg -dce -pointer-simplify -dce -functionattrs -basicaa -aggr-aa -aggrmodref-aa -aggr-aa -gvn -gvn -basicaa -aggr-aa -aggrmodref-aa -aggr-aa -dse -adse -adce -dce -norm-name -function-inline -complex-op-raise -inst-simplify -globaldce -func-inst -constprop -instcombine -simplifycfg -dce -func-legal -dce -loop-bound -arraycheck -bitwidthmin -on-by-dataflow -loop-delete -instcombine -simplifycfg -globaldce -dce -gvn -deadargelim -dce -loop-simplify -clean-region -simplifycfg -propagate-stable-arguments -loop-stream -instcombine -simplifycfg -dce -globaldce -duplicate-dataflow-processes -stream-intrinsic-preproc -dce -check-ap-stream -loop-simplify -eliminate-keepreads -extract-dataflow-in-loop -loop-simplify -dce -gvn -deadargelim -dse -check-dataflow-syntax -legalize-stream-variable -legalize-global -extract-subproc -dce -dead-channel-elimination -canonicalize-gep -globaldce -dce -gvn -deadargelim -annotate-dataflow-channels -scalar-propagation -deadargelim -globaldce -mem2reg -check-dataflow-channels -function-stream -dce -globaldce -prop-fifo-spec -internal-stream-gen -canonicalize-gep -globaldce -dce -gvn -deadargelim -mergereturn -indvars -loop-simplify -instcombine -array-stream -array-seg-normalize -array-partition -func-legal -instcombine -simplifycfg -dce -bundle-memfifo-ops -deadargelim -function-uniquify -directive-preproc -mem2reg -dse -dce -group-axi-access -licm -simplifycfg -dce -loop-delete -norm-name D:/comp4601-project/kmeans_c/kmeans_proj/solution3/.autopilot/db/a.o.1.bc -o D:/comp4601-project/kmeans_c/kmeans_proj/solution3/.autopilot/db/a.o.1.tmp.bc -f 
INFO: [XFORM 203-501] Unrolling loop 'kmeans_distance_outer' (kmeans.cpp:30) in function 'kmeans' partially with a factor of 10.
Command         transform done; 0.114 sec.
INFO-FLOW: Presyn 2...
Execute         transform -hls -keep-callgraph -scalarrepl -mem2reg -port-alignment -attach-range -dce -pipe-mux-gen -indvars -loop-bound -inst-simplify -instcombine -dce -merge-array-access -mem2reg -dce -clean-region -mergereturn -if-conv -instcombine -dce -constprop -basicaa -aggr-aa -aggrmodref-aa -aggr-aa -gvn -gvn -basicaa -aggr-aa -aggrmodref-aa -aggr-aa -dse -adse -adce -scalarrepl -mem2reg -global-constprop -deadargelim -deadargelim -instcombine -dce -simplifycfg -ptrArgReplace -mem2reg -function-inline -globaldce -mem2reg -instcombine -dce -expr-balance -instcombine -dce -bitwidthmin -interface-preproc -directive-preproc -inst-rectify -instcombine -dce -functionattrs -constprop -instcombine -bit-constprop -simplify-global-access -globalopt -globaldce -inst-simplify -instcombine -elimdeaddata -dce -loop-delete -simplifycfg -loop-simplify -auto-burst -norm-name D:/comp4601-project/kmeans_c/kmeans_proj/solution3/.autopilot/db/a.o.1.tmp.bc -o D:/comp4601-project/kmeans_c/kmeans_proj/solution3/.autopilot/db/a.o.2.bc -f -phase presyn 
INFO: [XFORM 203-401] Performing if-conversion on hyperblock from (kmeans.cpp:50:17) to (kmeans.cpp:49:32) in function 'kmeans'... converting 3 basic blocks.
INFO: [HLS 200-111] Finished Pre-synthesis Time (s): cpu = 00:00:02 ; elapsed = 00:00:11 . Memory (MB): peak = 980.504 ; gain = 887.129
INFO-FLOW: Building ssdm...
Execute         transform -hls -function-uniquify -auto-function-inline -globaldce -ptrArgReplace -mem2reg -dce -reset-lda -loop-simplify -indvars -licm -loop-dep -loop-bound -licm -loop-simplify -flattenloopnest -array-flatten -gvn -instcombine -dce -array-map -dce -func-legal -gvn -adce -instcombine -cfgopt -simplifycfg -loop-simplify -array-burst -promote-global-argument -dce -ptrLegalization -axi4-lower -array-seg-normalize -basicaa -aggrmodref-aa -globalsmodref-aa -aggr-aa -gvn -gvn -basicaa -aggrmodref-aa -globalsmodref-aa -aggr-aa -dse -adse -adce -licm -inst-simplify -dce -globaldce -instcombine -array-stream -eliminate-keepreads -instcombine -dce -deadargelim -doublePtrSimplify -doublePtrElim -dce -doublePtrSimplify -promote-dbg-pointer -dce -scalarrepl -mem2reg -disaggr -norm-name -mem2reg -instcombine -dse -adse -adce -ptrLegalization -dce -auto-rom-infer -array-flatten -dce -instcombine -check-doubleptr -loop-rot -constprop -cfgopt -simplifycfg -loop-simplify -indvars -pointer-simplify -dce -loop-bound -loop-simplify -loop-preproc -constprop -global-constprop -gvn -mem2reg -instcombine -dce -loop-bound -loop-merge -dce -bitwidthmin -deadargelim -dce -canonicalize-dataflow -dce -scalar-propagation -deadargelim -globaldce -mem2reg -read-loop-dep -interface-preproc -directive-preproc -interface-gen -bram-byte-enable -deadargelim -inst-simplify -dce -gvn -mem2reg -instcombine -dce -adse -loop-bound -instcombine -cfgopt -simplifycfg -loop-simplify -clean-region -io-protocol -find-region -mem2reg -bitop-raise -complex-op-raise -inst-simplify -inst-rectify -instcombine -adce -deadargelim -loop-simplify -phi-opt -bitop-raise -cfgopt -simplifycfg -strip-dead-prototypes -interface-lower -bitop-lower -intrinsic-lower -auto-function-inline -basicaa -aggrmodref-aa -globalsmodref-aa -aggr-aa -inst-simplify -simplifycfg -loop-simplify -mergereturn -inst-simplify -inst-rectify -dce -load-elim -bitop-lower -loop-rewind -pointer-simplify -dce -cfgopt -dce -loop-bound -loop-dep -read-loop-dep -dce -check-stream -norm-name -legalize -validate-dataflow -inst-clarity -bitwidth -dump-loop-dep-to-ir -check-all-ssdm -cdfg-build D:/comp4601-project/kmeans_c/kmeans_proj/solution3/.autopilot/db/a.o.2.bc -o D:/comp4601-project/kmeans_c/kmeans_proj/solution3/.autopilot/db/a.o.3.bc -f -phase build-ssdm 
INFO: [HLS 200-472] Inferring partial write operation for 'centroids_x.V' (kmeans.cpp:20:6)
INFO: [HLS 200-472] Inferring partial write operation for 'centroids_y.V' (kmeans.cpp:21:6)
INFO: [HLS 200-472] Inferring partial write operation for 'data_cluster_id' (kmeans.cpp:40:13)
INFO: [HLS 200-472] Inferring partial write operation for 'centroids_x.V' (kmeans.cpp:58:34)
INFO: [HLS 200-472] Inferring partial write operation for 'centroids_y.V' (kmeans.cpp:59:34)
Command         transform done; 0.113 sec.
INFO: [HLS 200-111] Finished Architecture Synthesis Time (s): cpu = 00:00:02 ; elapsed = 00:00:11 . Memory (MB): peak = 980.504 ; gain = 887.129
INFO-FLOW: Finish building internal data model.
Command       opt_and_import_c done; 1.026 sec.
Command     elaborate done; 10.003 sec.
Execute     autosyn -from_csynth_design=1 
INFO: [HLS 200-10] Starting hardware synthesis ...
INFO-FLOW: Synthesizing C/C++ design ...
INFO: [HLS 200-10] Synthesizing 'kmeans' ...
Execute       ap_set_top_model kmeans 
Execute       get_model_list kmeans -filter all-wo-channel -topdown 
Execute       preproc_iomode -model kmeans 
Execute       preproc_iomode -model abs_custom 
Execute       get_model_list kmeans -filter all-wo-channel 
INFO-FLOW: Model list for configure: abs_custom kmeans
INFO-FLOW: Configuring Module : abs_custom ...
Execute       set_default_model abs_custom 
Execute       apply_spec_resource_limit abs_custom 
INFO-FLOW: Configuring Module : kmeans ...
Execute       set_default_model kmeans 
Execute       apply_spec_resource_limit kmeans 
INFO-FLOW: Model list for preprocess: abs_custom kmeans
INFO-FLOW: Preprocessing Module: abs_custom ...
Execute       set_default_model abs_custom 
Execute       cdfg_preprocess -model abs_custom 
Execute       rtl_gen_preprocess abs_custom 
INFO-FLOW: Preprocessing Module: kmeans ...
Execute       set_default_model kmeans 
Execute       cdfg_preprocess -model kmeans 
Execute       rtl_gen_preprocess kmeans 
INFO-FLOW: Model list for synthesis: abs_custom kmeans
INFO: [HLS 200-10] ----------------------------------------------------------------
INFO: [HLS 200-42] -- Implementing module 'abs_custom' 
INFO: [HLS 200-10] ----------------------------------------------------------------
Execute       set_default_model abs_custom 
Execute       schedule -model abs_custom 
INFO: [SCHED 204-11] Starting scheduling ...
INFO: [SCHED 204-11] Finished scheduling.
INFO: [HLS 200-111]  Elapsed time: 11.227 seconds; current allocated memory: 152.412 MB.
Execute       syn_report -verbosereport -o D:/comp4601-project/kmeans_c/kmeans_proj/solution3/.autopilot/db/abs_custom.verbose.sched.rpt 
Execute       db_write -o D:/comp4601-project/kmeans_c/kmeans_proj/solution3/.autopilot/db/abs_custom.sched.adb -f 
INFO-FLOW: Finish scheduling abs_custom.
Execute       set_default_model abs_custom 
Execute       bind -model abs_custom 
BIND OPTION: model=abs_custom
INFO: [BIND 205-100] Starting micro-architecture generation ...
INFO: [BIND 205-101] Performing variable lifetime analysis.
INFO: [BIND 205-101] Exploring resource sharing.
INFO: [BIND 205-101] Binding ...
INFO: [BIND 205-100] Finished micro-architecture generation.
INFO: [HLS 200-111]  Elapsed time: 0.046 seconds; current allocated memory: 152.460 MB.
Execute       syn_report -verbosereport -o D:/comp4601-project/kmeans_c/kmeans_proj/solution3/.autopilot/db/abs_custom.verbose.bind.rpt 
Execute       db_write -o D:/comp4601-project/kmeans_c/kmeans_proj/solution3/.autopilot/db/abs_custom.bind.adb -f 
INFO-FLOW: Finish binding abs_custom.
INFO: [HLS 200-10] ----------------------------------------------------------------
INFO: [HLS 200-42] -- Implementing module 'kmeans' 
INFO: [HLS 200-10] ----------------------------------------------------------------
Execute       set_default_model kmeans 
Execute       schedule -model kmeans 
INFO: [SCHED 204-11] Starting scheduling ...
WARNING: [SCHED 204-21] Estimated clock period (10.4289ns) exceeds the target (target clock period: 10ns, clock uncertainty: 1.25ns, effective delay budget: 8.75ns).
WARNING: [SCHED 204-21] The critical path in module 'kmeans' consists of the following:
	'call' operation ('p_s', kmeans.cpp:31) to 'abs_custom' [44]  (5.89 ns)
	'add' operation ('add_ln703', kmeans.cpp:31) [50]  (2.11 ns)
	'icmp' operation ('icmp_ln1495', kmeans.cpp:35) [56]  (2.43 ns)
INFO: [SCHED 204-11] Finished scheduling.
Command       schedule done; 0.115 sec.
INFO: [HLS 200-111]  Elapsed time: 0.154 seconds; current allocated memory: 153.215 MB.
Execute       syn_report -verbosereport -o D:/comp4601-project/kmeans_c/kmeans_proj/solution3/.autopilot/db/kmeans.verbose.sched.rpt 
Execute       db_write -o D:/comp4601-project/kmeans_c/kmeans_proj/solution3/.autopilot/db/kmeans.sched.adb -f 
INFO-FLOW: Finish scheduling kmeans.
Execute       set_default_model kmeans 
Execute       bind -model kmeans 
BIND OPTION: model=kmeans
INFO: [BIND 205-100] Starting micro-architecture generation ...
INFO: [BIND 205-101] Performing variable lifetime analysis.
INFO: [BIND 205-101] Exploring resource sharing.
INFO: [BIND 205-101] Binding ...
INFO: [BIND 205-100] Finished micro-architecture generation.
INFO: [HLS 200-111]  Elapsed time: 0.141 seconds; current allocated memory: 154.126 MB.
Execute       syn_report -verbosereport -o D:/comp4601-project/kmeans_c/kmeans_proj/solution3/.autopilot/db/kmeans.verbose.bind.rpt 
Command       syn_report done; 0.114 sec.
Execute       db_write -o D:/comp4601-project/kmeans_c/kmeans_proj/solution3/.autopilot/db/kmeans.bind.adb -f 
INFO-FLOW: Finish binding kmeans.
Execute       get_model_list kmeans -filter all-wo-channel 
INFO-FLOW: Preprocessing for RTLGen ...
Execute       rtl_gen_preprocess abs_custom 
Execute       rtl_gen_preprocess kmeans 
INFO-FLOW: Model list for RTL generation: abs_custom kmeans
INFO: [HLS 200-10] ----------------------------------------------------------------
INFO: [HLS 200-10] -- Generating RTL for module 'abs_custom' 
INFO: [HLS 200-10] ----------------------------------------------------------------
Execute       get_config_rtl -module_prefix 
Execute       get_config_rtl -module_auto_prefix 
Execute       create_rtl_model abs_custom -vendor xilinx -mg_file D:/comp4601-project/kmeans_c/kmeans_proj/solution3/.autopilot/db/abs_custom.compgen.tcl 
INFO: [RTGEN 206-100] Finished creating RTL model for 'abs_custom'.
INFO: [HLS 200-111]  Elapsed time: 0.192 seconds; current allocated memory: 154.373 MB.
Execute       source D:/comp4601-project/kmeans_c/kmeans_proj/solution3/.autopilot/db/kmeans.rtl_wrap.cfg.tcl 
Execute       gen_rtl abs_custom -style xilinx -tracefl mytrace -tracefmt vcd -traceopt all -f -lang sc -o D:/comp4601-project/kmeans_c/kmeans_proj/solution3/syn/systemc/abs_custom -synmodules abs_custom kmeans 
Command       gen_rtl done; 0.121 sec.
Execute       gen_rtl abs_custom -style xilinx -f -lang vhdl -o D:/comp4601-project/kmeans_c/kmeans_proj/solution3/syn/vhdl/abs_custom 
Execute       gen_rtl abs_custom -style xilinx -f -lang vlog -o D:/comp4601-project/kmeans_c/kmeans_proj/solution3/syn/verilog/abs_custom 
Execute       syn_report -csynth -model abs_custom -o D:/comp4601-project/kmeans_c/kmeans_proj/solution3/syn/report/abs_custom_csynth.rpt 
Execute       syn_report -rtlxml -model abs_custom -o D:/comp4601-project/kmeans_c/kmeans_proj/solution3/syn/report/abs_custom_csynth.xml 
Execute       syn_report -verbosereport -model abs_custom -o D:/comp4601-project/kmeans_c/kmeans_proj/solution3/.autopilot/db/abs_custom.verbose.rpt 
Execute       db_write -model abs_custom -f -o D:/comp4601-project/kmeans_c/kmeans_proj/solution3/.autopilot/db/abs_custom.adb 
Execute       gen_tb_info abs_custom -p D:/comp4601-project/kmeans_c/kmeans_proj/solution3/.autopilot/db -o D:/comp4601-project/kmeans_c/kmeans_proj/solution3/.autopilot/db/abs_custom 
INFO: [HLS 200-10] ----------------------------------------------------------------
INFO: [HLS 200-10] -- Generating RTL for module 'kmeans' 
INFO: [HLS 200-10] ----------------------------------------------------------------
Execute       get_config_rtl -module_prefix 
Execute       get_config_rtl -module_auto_prefix 
Execute       create_rtl_model kmeans -vendor xilinx -mg_file D:/comp4601-project/kmeans_c/kmeans_proj/solution3/.autopilot/db/kmeans.compgen.tcl 
INFO: [RTGEN 206-500] Setting interface mode on port 'kmeans/centroids_x_V' to 'ap_memory'.
INFO: [RTGEN 206-500] Setting interface mode on port 'kmeans/centroids_y_V' to 'ap_memory'.
INFO: [RTGEN 206-500] Setting interface mode on function 'kmeans' to 'ap_ctrl_hs'.
INFO: [SYN 201-210] Renamed object name 'kmeans_data_cluster_id' to 'kmeans_data_clustbkb' due to the length limit 20
INFO: [SYN 201-210] Renamed object name 'kmeans_sdiv_18s_17ns_17_22_seq_1' to 'kmeans_sdiv_18s_1cud' due to the length limit 20
INFO: [RTGEN 206-100] Generating core module 'kmeans_sdiv_18s_1cud': 2 instance(s).
INFO: [RTGEN 206-100] Finished creating RTL model for 'kmeans'.
INFO: [HLS 200-111]  Elapsed time: 0.223 seconds; current allocated memory: 155.809 MB.
Execute       source D:/comp4601-project/kmeans_c/kmeans_proj/solution3/.autopilot/db/kmeans.rtl_wrap.cfg.tcl 
Execute       gen_rtl kmeans -istop -style xilinx -tracefl mytrace -tracefmt vcd -traceopt all -f -lang sc -o D:/comp4601-project/kmeans_c/kmeans_proj/solution3/syn/systemc/kmeans -synmodules abs_custom kmeans 
Execute       gen_rtl kmeans -istop -style xilinx -f -lang vhdl -o D:/comp4601-project/kmeans_c/kmeans_proj/solution3/syn/vhdl/kmeans 
Execute       gen_rtl kmeans -istop -style xilinx -f -lang vlog -o D:/comp4601-project/kmeans_c/kmeans_proj/solution3/syn/verilog/kmeans 
Execute       syn_report -csynth -model kmeans -o D:/comp4601-project/kmeans_c/kmeans_proj/solution3/syn/report/kmeans_csynth.rpt 
Execute       syn_report -rtlxml -model kmeans -o D:/comp4601-project/kmeans_c/kmeans_proj/solution3/syn/report/kmeans_csynth.xml 
Execute       syn_report -verbosereport -model kmeans -o D:/comp4601-project/kmeans_c/kmeans_proj/solution3/.autopilot/db/kmeans.verbose.rpt 
Command       syn_report done; 0.144 sec.
Execute       db_write -model kmeans -f -o D:/comp4601-project/kmeans_c/kmeans_proj/solution3/.autopilot/db/kmeans.adb 
Execute       gen_tb_info kmeans -p D:/comp4601-project/kmeans_c/kmeans_proj/solution3/.autopilot/db -o D:/comp4601-project/kmeans_c/kmeans_proj/solution3/.autopilot/db/kmeans 
Execute       export_constraint_db -f -tool general -o D:/comp4601-project/kmeans_c/kmeans_proj/solution3/.autopilot/db/kmeans.constraint.tcl 
Execute       syn_report -designview -model kmeans -o D:/comp4601-project/kmeans_c/kmeans_proj/solution3/.autopilot/db/kmeans.design.xml 
Execute       get_config_rtl -disable_wave_debug 
Execute       syn_report -wcfg -model kmeans -o D:/comp4601-project/kmeans_c/kmeans_proj/solution3/.autopilot/db/kmeans_dataflow_ana.wcfg 
Execute       syn_report -protoinst -model kmeans -o D:/comp4601-project/kmeans_c/kmeans_proj/solution3/.autopilot/db/kmeans.protoinst 
Execute       get_config_debug -directory 
Execute       sc_get_clocks kmeans 
Execute       get_config_export -vivado_clock 
Execute       sc_get_portdomain kmeans 
INFO-FLOW: Model list for RTL component generation: abs_custom kmeans
INFO-FLOW: Handling components in module [abs_custom] ... 
Execute       source D:/comp4601-project/kmeans_c/kmeans_proj/solution3/.autopilot/db/abs_custom.compgen.tcl 
INFO-FLOW: Handling components in module [kmeans] ... 
Execute       source D:/comp4601-project/kmeans_c/kmeans_proj/solution3/.autopilot/db/kmeans.compgen.tcl 
INFO-FLOW: Found component kmeans_sdiv_18s_1cud.
INFO-FLOW: Append model kmeans_sdiv_18s_1cud
INFO-FLOW: Found component kmeans_x_data_V.
INFO-FLOW: Append model kmeans_x_data_V
INFO-FLOW: Found component kmeans_y_data_V.
INFO-FLOW: Append model kmeans_y_data_V
INFO-FLOW: Found component kmeans_data_clustbkb.
INFO-FLOW: Append model kmeans_data_clustbkb
INFO-FLOW: Append model abs_custom
INFO-FLOW: Append model kmeans
INFO-FLOW: Generating RTL model list ...
INFO-FLOW: All models in this session: kmeans_sdiv_18s_1cud kmeans_x_data_V kmeans_y_data_V kmeans_data_clustbkb abs_custom kmeans
INFO-FLOW: To file: write model kmeans_sdiv_18s_1cud
INFO-FLOW: To file: write model kmeans_x_data_V
INFO-FLOW: To file: write model kmeans_y_data_V
INFO-FLOW: To file: write model kmeans_data_clustbkb
INFO-FLOW: To file: write model abs_custom
INFO-FLOW: To file: write model kmeans
INFO-FLOW: Finished generating RTL model list.


INFO-FLOW: RTL Generation done.
INFO-FLOW: CAS Generation done.
INFO-FLOW: CBC Generation done.
Execute       syn_report -model kmeans -printsummary 
INFO: [HLS 200-790] **** Loop Constraint Status: All loop constraints were satisfied.
INFO: [HLS 200-789] **** Estimated Fmax: 95.89 MHz
INFO-FLOW: DBG:CMD: auto_generate_csynth_design
INFO-FLOW: DBG:CMD:     auto_generate --sim-model -phase csynth_design -d D:/comp4601-project/kmeans_c/kmeans_proj/solution3
Execute       source D:/comp4601-project/kmeans_c/kmeans_proj/solution3/.autopilot/db/global.setting.tcl 
INFO-FLOW: DBG:CMD: read_platform_lib D:/comp4601-project/kmeans_c/kmeans_proj/solution3/.autopilot/db/global.setting.tcl
Execute       source E:/Xilinx/Vivado/2020.1/common/technology/generic/autopilot/common.gen 
Execute         source E:/Xilinx/Vivado/2020.1/common/technology/generic/autopilot/APCoreGen.gen 
Execute       source E:/Xilinx/Vivado/2020.1/common/technology/generic/autopilot/op.gen 
Execute       source E:/Xilinx/Vivado/2020.1/common/technology/generic/autopilot/op_simcore.gen 
Execute       source E:/Xilinx/Vivado/2020.1/common/technology/generic/autopilot/interface.gen 
Execute       source D:/comp4601-project/kmeans_c/kmeans_proj/solution3/.autopilot/db/global.setting.tcl 
Execute       source E:/Xilinx/Vivado/2020.1/common/technology/xilinx/zynq/zynq.gen 
Execute         source E:/Xilinx/Vivado/2020.1/common/technology/xilinx/common/xilinx.gen 
Execute           source E:/Xilinx/Vivado/2020.1/common/technology/xilinx/interface/plb46.gen 
Execute           source E:/Xilinx/Vivado/2020.1/common/technology/xilinx/interface/fsl.gen 
Execute           source E:/Xilinx/Vivado/2020.1/common/technology/xilinx/interface/axi4.gen 
Execute           source E:/Xilinx/Vivado/2020.1/common/technology/xilinx/interface/nativeAXI4.gen 
Execute             source E:/Xilinx/Vivado/2020.1/common/technology/xilinx/interface/saxilite.gen 
Execute             source E:/Xilinx/Vivado/2020.1/common/technology/xilinx/interface/maxi.gen 
Execute           source E:/Xilinx/Vivado/2020.1/common/technology/xilinx/scripts/xilinxcoregen.gen 
Execute           source E:/Xilinx/Vivado/2020.1/common/technology/xilinx/interface/XilEDKCoreGen.gen 
Execute           source E:/Xilinx/Vivado/2020.1/common/technology/xilinx/ip/dds_compiler.gen 
Execute           source E:/Xilinx/Vivado/2020.1/common/technology/xilinx/ip/util.gen 
Execute           source E:/Xilinx/Vivado/2020.1/common/technology/xilinx/ip/xfft.gen 
Execute           source E:/Xilinx/Vivado/2020.1/common/technology/xilinx/ip/xfir.gen 
Execute           source E:/Xilinx/Vivado/2020.1/common/technology/xilinx/common/dsp48.gen 
Execute       source E:/Xilinx/Vivado/2020.1/common/technology/xilinx/zynq/zynq_fpv6.gen 
Execute         source E:/Xilinx/Vivado/2020.1/common/technology/xilinx/common/xilinx_fp.gen 
INFO-FLOW: DBG:CMD:   using AESL_AUTOCG::g_clock_period=10.000 (was NA)
INFO-FLOW: DBG:CMD:       generate_ip_cores sim=1 export=0 expOnly=0 dstVlogDir=syn/verilog
Execute       source D:/comp4601-project/kmeans_c/kmeans_proj/solution3/.autopilot/db/global.setting.tcl 
Execute       ap_part_info -name xc7z020-clg484-1 -data names -quiet 
Execute       ap_part_info -name xc7z020-clg484-1 -data info -quiet 
Execute       source D:/comp4601-project/kmeans_c/kmeans_proj/solution3/.autopilot/db/global.setting.tcl 
Execute       source D:/comp4601-project/kmeans_c/kmeans_proj/solution3/.autopilot/db/global.setting.tcl 
Execute       source D:/comp4601-project/kmeans_c/kmeans_proj/solution3/.autopilot/db/abs_custom.compgen.tcl 
Execute       source D:/comp4601-project/kmeans_c/kmeans_proj/solution3/.autopilot/db/kmeans.compgen.tcl 
Execute         ap_part_info -name xc7z020-clg484-1 -data names -quiet 
Execute         ap_part_info -name xc7z020-clg484-1 -data info -quiet 
INFO: [RTMG 210-282] Generating pipelined core: 'kmeans_sdiv_18s_1cud_div'
Execute         ap_part_info -name xc7z020-clg484-1 -data names -quiet 
Execute         ap_part_info -name xc7z020-clg484-1 -data info -quiet 
INFO: [RTMG 210-279] Implementing memory 'kmeans_x_data_V_rom' using distributed ROMs.
Execute         ap_part_info -name xc7z020-clg484-1 -data names -quiet 
Execute         ap_part_info -name xc7z020-clg484-1 -data info -quiet 
Execute         ap_part_info -name xc7z020-clg484-1 -data names -quiet 
Execute         ap_part_info -name xc7z020-clg484-1 -data info -quiet 
Execute         ap_part_info -name xc7z020-clg484-1 -data names -quiet 
Execute         ap_part_info -name xc7z020-clg484-1 -data info -quiet 
Execute         ap_part_info -name xc7z020-clg484-1 -data names -quiet 
Execute         ap_part_info -name xc7z020-clg484-1 -data info -quiet 
INFO: [RTMG 210-279] Implementing memory 'kmeans_y_data_V_rom' using distributed ROMs.
Execute         ap_part_info -name xc7z020-clg484-1 -data names -quiet 
Execute         ap_part_info -name xc7z020-clg484-1 -data info -quiet 
Execute         ap_part_info -name xc7z020-clg484-1 -data names -quiet 
Execute         ap_part_info -name xc7z020-clg484-1 -data info -quiet 
Execute         ap_part_info -name xc7z020-clg484-1 -data names -quiet 
Execute         ap_part_info -name xc7z020-clg484-1 -data info -quiet 
INFO: [RTMG 210-278] Implementing memory 'kmeans_data_clustbkb_ram (RAM)' using block RAMs.
Execute         ap_part_info -name xc7z020-clg484-1 -data names -quiet 
Execute         ap_part_info -name xc7z020-clg484-1 -data info -quiet 
Command       ap_source done; 0.118 sec.
INFO-FLOW: DBG:CMD:     auto_generate -export -impltomg_flag -rtl both -tool Vivado -pcore_version 1.00.a -phase csynth_design -d D:/comp4601-project/kmeans_c/kmeans_proj/solution3
Execute       source D:/comp4601-project/kmeans_c/kmeans_proj/solution3/.autopilot/db/global.setting.tcl 
INFO-FLOW: DBG:CMD: read_platform_lib D:/comp4601-project/kmeans_c/kmeans_proj/solution3/.autopilot/db/global.setting.tcl
Execute       source E:/Xilinx/Vivado/2020.1/common/technology/generic/autopilot/common.gen 
Execute         source E:/Xilinx/Vivado/2020.1/common/technology/generic/autopilot/APCoreGen.gen 
Execute       source E:/Xilinx/Vivado/2020.1/common/technology/generic/autopilot/op.gen 
Execute       source E:/Xilinx/Vivado/2020.1/common/technology/generic/autopilot/op_simcore.gen 
Execute       source E:/Xilinx/Vivado/2020.1/common/technology/generic/autopilot/interface.gen 
Execute       source D:/comp4601-project/kmeans_c/kmeans_proj/solution3/.autopilot/db/global.setting.tcl 
Execute       source E:/Xilinx/Vivado/2020.1/common/technology/xilinx/zynq/zynq.gen 
Execute         source E:/Xilinx/Vivado/2020.1/common/technology/xilinx/common/xilinx.gen 
Execute           source E:/Xilinx/Vivado/2020.1/common/technology/xilinx/interface/plb46.gen 
Execute           source E:/Xilinx/Vivado/2020.1/common/technology/xilinx/interface/fsl.gen 
Execute           source E:/Xilinx/Vivado/2020.1/common/technology/xilinx/interface/axi4.gen 
Execute           source E:/Xilinx/Vivado/2020.1/common/technology/xilinx/interface/nativeAXI4.gen 
Execute             source E:/Xilinx/Vivado/2020.1/common/technology/xilinx/interface/saxilite.gen 
Execute             source E:/Xilinx/Vivado/2020.1/common/technology/xilinx/interface/maxi.gen 
Execute           source E:/Xilinx/Vivado/2020.1/common/technology/xilinx/scripts/xilinxcoregen.gen 
Execute           source E:/Xilinx/Vivado/2020.1/common/technology/xilinx/interface/XilEDKCoreGen.gen 
Execute           source E:/Xilinx/Vivado/2020.1/common/technology/xilinx/ip/dds_compiler.gen 
Execute           source E:/Xilinx/Vivado/2020.1/common/technology/xilinx/ip/util.gen 
Execute           source E:/Xilinx/Vivado/2020.1/common/technology/xilinx/ip/xfft.gen 
Execute           source E:/Xilinx/Vivado/2020.1/common/technology/xilinx/ip/xfir.gen 
Execute           source E:/Xilinx/Vivado/2020.1/common/technology/xilinx/common/dsp48.gen 
Execute       source E:/Xilinx/Vivado/2020.1/common/technology/xilinx/zynq/zynq_fpv6.gen 
Execute         source E:/Xilinx/Vivado/2020.1/common/technology/xilinx/common/xilinx_fp.gen 
INFO-FLOW: DBG:CMD:       initCTypeInfo top_module=kmeans xml_exists=0
Execute       source D:/comp4601-project/kmeans_c/kmeans_proj/solution3/.autopilot/db/kmeans.rtl_wrap.cfg.tcl 
Execute       source D:/comp4601-project/kmeans_c/kmeans_proj/solution3/.autopilot/db/kmeans.rtl_wrap.cfg.tcl 
Execute       source D:/comp4601-project/kmeans_c/kmeans_proj/solution3/.autopilot/db/kmeans.rtl_wrap.cfg.tcl 
Execute       source D:/comp4601-project/kmeans_c/kmeans_proj/solution3/.autopilot/db/kmeans.tbgen.tcl 
Execute       source D:/comp4601-project/kmeans_c/kmeans_proj/solution3/.autopilot/db/kmeans.tbgen.tcl 
INFO-FLOW: DBG:CMD:       export_impl_rtl
INFO-FLOW: DBG:CMD:       generate_ip_cores sim=0 export=0 expOnly=0 dstVlogDir=impl/.verilog
Execute       source D:/comp4601-project/kmeans_c/kmeans_proj/solution3/.autopilot/db/global.setting.tcl 
Execute       source D:/comp4601-project/kmeans_c/kmeans_proj/solution3/.autopilot/db/abs_custom.compgen.tcl 
Execute       source D:/comp4601-project/kmeans_c/kmeans_proj/solution3/.autopilot/db/kmeans.compgen.tcl 
INFO-FLOW: DBG:CMD:       generate_ip_cores sim=0 export=1 expOnly=1 dstVlogDir=impl/.pcores/verilog
Execute       source D:/comp4601-project/kmeans_c/kmeans_proj/solution3/.autopilot/db/global.setting.tcl 
Execute       source D:/comp4601-project/kmeans_c/kmeans_proj/solution3/.autopilot/db/abs_custom.compgen.tcl 
Execute       source D:/comp4601-project/kmeans_c/kmeans_proj/solution3/.autopilot/db/kmeans.compgen.tcl 
Execute         ap_part_info -name xc7z020-clg484-1 -data names -quiet 
Execute         ap_part_info -name xc7z020-clg484-1 -data info -quiet 
Execute         ap_part_info -name xc7z020-clg484-1 -data names -quiet 
Execute         ap_part_info -name xc7z020-clg484-1 -data info -quiet 
Execute         source D:/comp4601-project/kmeans_c/kmeans_proj/solution3/.autopilot/db/kmeans.tbgen.tcl 
Execute         source D:/comp4601-project/kmeans_c/kmeans_proj/solution3/.autopilot/db/kmeans.tbgen.tcl 
Execute         ap_part_info -name xc7z020-clg484-1 -data names -quiet 
Execute         ap_part_info -name xc7z020-clg484-1 -data info -quiet 
Execute         ap_part_info -name xc7z020-clg484-1 -data names -quiet 
Execute         ap_part_info -name xc7z020-clg484-1 -data info -quiet 
Execute         ap_part_info -name xc7z020-clg484-1 -data names -quiet 
Execute         ap_part_info -name xc7z020-clg484-1 -data info -quiet 
Execute         ap_part_info -name xc7z020-clg484-1 -data names -quiet 
Execute         ap_part_info -name xc7z020-clg484-1 -data info -quiet 
Execute         ap_part_info -name xc7z020-clg484-1 -data names -quiet 
Execute         ap_part_info -name xc7z020-clg484-1 -data info -quiet 
Execute       ap_part_info -name xc7z020-clg484-1 -data names -quiet 
Execute       ap_part_info -name xc7z020-clg484-1 -data info -quiet 
INFO-FLOW: DBG:CMD:       generate_ip_cores sim=0 export=0 expOnly=0 dstVlogDir=impl/.pcores/verilog_sim
Execute       source D:/comp4601-project/kmeans_c/kmeans_proj/solution3/.autopilot/db/global.setting.tcl 
Execute       source D:/comp4601-project/kmeans_c/kmeans_proj/solution3/.autopilot/db/abs_custom.compgen.tcl 
Execute       source D:/comp4601-project/kmeans_c/kmeans_proj/solution3/.autopilot/db/kmeans.compgen.tcl 
Execute       ap_part_info -name xc7z020-clg484-1 -data names -quiet 
Execute       ap_part_info -name xc7z020-clg484-1 -data info -quiet 
Execute       ap_part_info -name xc7z020-clg484-1 -data names -quiet 
Execute       ap_part_info -name xc7z020-clg484-1 -data info -quiet 
Execute       source D:/comp4601-project/kmeans_c/kmeans_proj/solution3/.autopilot/db/global.setting.tcl 
Execute       ap_part_info -name xc7z020-clg484-1 -data names -quiet 
Execute       ap_part_info -name xc7z020-clg484-1 -data info -quiet 
Execute       source D:/comp4601-project/kmeans_c/kmeans_proj/solution3/.autopilot/db/kmeans.constraint.tcl 
Execute       source D:/comp4601-project/kmeans_c/kmeans_proj/solution3/.autopilot/db/kmeans.tbgen.tcl 
INFO-FLOW: DBG:CMD:       hasPcoreIpAdapter=false #gSsdmPorts=6
INFO-FLOW: DBG:CMD: Skipping loadAnalyze_DB, #g_database=2
INFO-FLOW: DBG:CMD:       generate_json is_phase_csynth=1 g_has_adaptors=false generate_bd_files=0 #modelList=6 #gSsdmPorts=6
Execute       source E:/Xilinx/Vivado/2020.1/tps/tcl/tcllib1.11.1/fileutil/fileutil.tcl 
Execute         source E:/Xilinx/Vivado/2020.1/tps/tcl/tcllib1.11.1/cmdline/cmdline.tcl 
Execute       source D:/comp4601-project/kmeans_c/kmeans_proj/solution3/.autopilot/db/global.setting.tcl 
Execute       source D:/comp4601-project/kmeans_c/kmeans_proj/solution3/.autopilot/db/global.setting.tcl 
Execute       get_config_export -xo 
Execute       source D:/comp4601-project/kmeans_c/kmeans_proj/solution3/.autopilot/db/kmeans.tbgen.tcl 
Execute       source D:/comp4601-project/kmeans_c/kmeans_proj/solution3/.autopilot/db/kmeans.tbgen.tcl 
Execute       source D:/comp4601-project/kmeans_c/kmeans_proj/solution3/.autopilot/db/kmeans.tbgen.tcl 
Execute       source D:/comp4601-project/kmeans_c/kmeans_proj/solution3/.autopilot/db/kmeans.tbgen.tcl 
Execute       source D:/comp4601-project/kmeans_c/kmeans_proj/solution3/.autopilot/db/kmeans.tbgen.tcl 
Execute       source D:/comp4601-project/kmeans_c/kmeans_proj/solution3/.autopilot/db/kmeans.tbgen.tcl 
Execute       source D:/comp4601-project/kmeans_c/kmeans_proj/solution3/.autopilot/db/global.setting.tcl 
Execute       get_config_sdx -target 
Execute       source D:/comp4601-project/kmeans_c/kmeans_proj/solution3/.autopilot/db/kmeans.rtl_wrap.cfg.tcl 
Execute       source D:/comp4601-project/kmeans_c/kmeans_proj/solution3/.autopilot/db/kmeans.compgen.dataonly.tcl 
Execute       source D:/comp4601-project/kmeans_c/kmeans_proj/solution3/.autopilot/db/global.setting.tcl 
Execute       ap_part_info -name xc7z020-clg484-1 -data names -quiet 
Execute       ap_part_info -name xc7z020-clg484-1 -data info -quiet 
Execute       source D:/comp4601-project/kmeans_c/kmeans_proj/solution3/.autopilot/db/kmeans.constraint.tcl 
Execute       sc_get_clocks kmeans 
Execute       ap_part_info -name xc7z020-clg484-1 -data names -quiet 
Execute       ap_part_info -name xc7z020-clg484-1 -data info -quiet 
Execute       source D:/comp4601-project/kmeans_c/kmeans_proj/solution3/.autopilot/db/global.setting.tcl 
Execute       get_config_debug -directory 
Execute       source D:/comp4601-project/kmeans_c/kmeans_proj/solution3/.autopilot/db/abs_custom.tbgen.tcl 
Execute       source D:/comp4601-project/kmeans_c/kmeans_proj/solution3/.autopilot/db/kmeans.tbgen.tcl 
Execute       get_config_sdx -target 
Execute       get_config_sdx -profile 
Execute       get_config_rtl -kernel_profile 
Execute       get_config_rtl -stall_sig_gen 
Execute       get_config_rtl -profile 
INFO-FLOW: DBG:CMD: add_json_sdx_info kernel file does not exist, skipping opencl info: D:/comp4601-project/kmeans_c/kmeans_proj/solution3/.autopilot/db/kernel.internal.xml
INFO-FLOW: DBG:CMD:       delete-temp-dirs (skipped for debug)
INFO: [HLS 200-111] Finished generating all RTL models Time (s): cpu = 00:00:04 ; elapsed = 00:00:13 . Memory (MB): peak = 980.504 ; gain = 887.129
INFO: [VHDL 208-304] Generating VHDL RTL for kmeans.
INFO: [VLOG 209-307] Generating Verilog RTL for kmeans.
Command     autosyn done; 2.296 sec.
Command   csynth_design done; 12.305 sec.
Command ap_source done; 13.083 sec.
Execute cleanup_all 
