INFO-FLOW: Workspace E:/4601/proj/comp4601-project/kmeans_c/comp4601_proj/2-reduced-n-size opened at Sat Jul 16 10:33:07 +1000 2022
Execute     config_clock -quiet -name default -period 10 -default=false 
INFO: [SYN 201-201] Setting up clock 'default' with a period of 10ns.
Execute     open_platform DefaultPlatform 
Execute     import_lib E:/Xilinx2020.1/Vivado/2020.1/common/technology/xilinx/zynq/zynq 
Execute       source E:/Xilinx2020.1/Vivado/2020.1/common/technology/xilinx/common/xilinx.lib 
Execute         source E:/Xilinx2020.1/Vivado/2020.1/common/technology/xilinx/interface/xilinx_interface.lib 
Execute           source E:/Xilinx2020.1/Vivado/2020.1/common/technology/xilinx/interface/plb46.lib 
Execute           source E:/Xilinx2020.1/Vivado/2020.1/common/technology/xilinx/interface/fsl.lib 
Execute           source E:/Xilinx2020.1/Vivado/2020.1/common/technology/xilinx/interface/axi4.lib 
Execute           source E:/Xilinx2020.1/Vivado/2020.1/common/technology/xilinx/interface/maxi.lib 
Execute           source E:/Xilinx2020.1/Vivado/2020.1/common/technology/xilinx/interface/saxilite.lib 
Execute         source E:/Xilinx2020.1/Vivado/2020.1/common/technology/xilinx/common/dsp48.lib 
Execute         source E:/Xilinx2020.1/Vivado/2020.1/common/technology/xilinx/ip/dds_compiler.lib 
Execute         source E:/Xilinx2020.1/Vivado/2020.1/common/technology/xilinx/ip/xfft.lib 
Execute         source E:/Xilinx2020.1/Vivado/2020.1/common/technology/xilinx/ip/xfir.lib 
Execute       source E:/Xilinx2020.1/Vivado/2020.1/common/technology/xilinx/common/xilinx.hlp 
Execute         source E:/Xilinx2020.1/Vivado/2020.1/common/technology/xilinx/common/target_info.tcl 
Execute         source E:/Xilinx2020.1/Vivado/2020.1/common/technology/xilinx/interface/xilinx_interface.hlp 
Execute           source E:/Xilinx2020.1/Vivado/2020.1/common/technology/xilinx/interface/maxi.hlp 
Execute           source E:/Xilinx2020.1/Vivado/2020.1/common/technology/xilinx/interface/saxilite.hlp 
Execute         source E:/Xilinx2020.1/Vivado/2020.1/common/technology/xilinx/common/dsp48.hlp 
Execute       source E:/Xilinx2020.1/Vivado/2020.1/common/technology/xilinx/zynq/dsp48e1.hlp 
Execute       source E:/Xilinx2020.1/Vivado/2020.1/common/technology/xilinx/common/xilinx.hlp 
Execute         source E:/Xilinx2020.1/Vivado/2020.1/common/technology/xilinx/common/target_info.tcl 
Execute         source E:/Xilinx2020.1/Vivado/2020.1/common/technology/xilinx/interface/xilinx_interface.hlp 
Execute           source E:/Xilinx2020.1/Vivado/2020.1/common/technology/xilinx/interface/maxi.hlp 
Execute           source E:/Xilinx2020.1/Vivado/2020.1/common/technology/xilinx/interface/saxilite.hlp 
Execute         source E:/Xilinx2020.1/Vivado/2020.1/common/technology/xilinx/common/dsp48.hlp 
Execute     source E:/Xilinx2020.1/Vivado/2020.1/common/technology/xilinx/zynq/zynq.gen 
Execute       source E:/Xilinx2020.1/Vivado/2020.1/common/technology/xilinx/common/xilinx.gen 
Execute         source E:/Xilinx2020.1/Vivado/2020.1/common/technology/xilinx/interface/plb46.gen 
Execute         source E:/Xilinx2020.1/Vivado/2020.1/common/technology/xilinx/interface/fsl.gen 
Execute         source E:/Xilinx2020.1/Vivado/2020.1/common/technology/xilinx/interface/axi4.gen 
Execute         source E:/Xilinx2020.1/Vivado/2020.1/common/technology/xilinx/interface/nativeAXI4.gen 
Execute           source E:/Xilinx2020.1/Vivado/2020.1/common/technology/xilinx/interface/saxilite.gen 
Execute           source E:/Xilinx2020.1/Vivado/2020.1/common/technology/xilinx/interface/maxi.gen 
Execute         source E:/Xilinx2020.1/Vivado/2020.1/common/technology/xilinx/scripts/xilinxcoregen.gen 
Execute         source E:/Xilinx2020.1/Vivado/2020.1/common/technology/xilinx/interface/XilEDKCoreGen.gen 
Execute         source E:/Xilinx2020.1/Vivado/2020.1/common/technology/xilinx/ip/dds_compiler.gen 
Execute         source E:/Xilinx2020.1/Vivado/2020.1/common/technology/xilinx/ip/util.gen 
Execute         source E:/Xilinx2020.1/Vivado/2020.1/common/technology/xilinx/ip/xfft.gen 
Execute         source E:/Xilinx2020.1/Vivado/2020.1/common/technology/xilinx/ip/xfir.gen 
Execute         source E:/Xilinx2020.1/Vivado/2020.1/common/technology/xilinx/common/dsp48.gen 
Command       ap_source done; 0.119 sec.
Command     ap_source done; 0.119 sec.
Execute     open_platform DefaultPlatform 
Execute     import_lib E:/Xilinx2020.1/Vivado/2020.1/common/technology/xilinx/zynq/zynq_fpv6 
Execute       source E:/Xilinx2020.1/Vivado/2020.1/common/technology/xilinx/common/xilinx_fp.lib 
Execute       source E:/Xilinx2020.1/Vivado/2020.1/common/technology/xilinx/common/xilinx_fp.hlp 
Execute         source E:/Xilinx2020.1/Vivado/2020.1/common/technology/xilinx/common/xilinx.hlp 
Execute           source E:/Xilinx2020.1/Vivado/2020.1/common/technology/xilinx/common/target_info.tcl 
Execute           source E:/Xilinx2020.1/Vivado/2020.1/common/technology/xilinx/interface/xilinx_interface.hlp 
Execute             source E:/Xilinx2020.1/Vivado/2020.1/common/technology/xilinx/interface/maxi.hlp 
Execute             source E:/Xilinx2020.1/Vivado/2020.1/common/technology/xilinx/interface/saxilite.hlp 
Execute           source E:/Xilinx2020.1/Vivado/2020.1/common/technology/xilinx/common/dsp48.hlp 
Execute     source E:/Xilinx2020.1/Vivado/2020.1/common/technology/xilinx/zynq/zynq_fpv6.gen 
Execute       source E:/Xilinx2020.1/Vivado/2020.1/common/technology/xilinx/common/xilinx_fp.gen 
Execute     set_part xc7z020-clg484-1 
Execute       ap_part_info -name xc7z020-clg484-1 -data single -quiet 
Command       ap_part_info done; 0.793 sec.
Execute       ap_part_info -name xc7z020-clg484-1 -data info 
Execute       add_library xilinx/zynq/zynq:xc7z020:-clg484:-1 
Execute         get_default_platform 
Execute         ap_part_info -data single -name xc7z020-clg484-1 
Execute         ap_part_info -name xc7z020-clg484-1 -data resources 
Execute         ap_part_info -name xc7z020-clg484-1 -data info 
Execute         ap_part_info -name xc7z020-clg484-1 -data info 
Execute         config_chip_info -quiet -resource {SLICE 13300} {LUT 53200} {FF 106400} {DSP48E 220} {BRAM 280} {URAM 0} 
Execute         ap_part_info -name xc7z020-clg484-1 -data info 
Execute         config_chip_info -quiet -speed slow 
Execute       add_library xilinx/zynq/zynq_fpv6 
Execute         get_default_platform 
INFO: [HLS 200-10] Setting target device to 'xc7z020-clg484-1'
Execute       ap_part_info -name xc7z020-clg484-1 -data info 
Execute       get_default_platform 
Command     set_part done; 0.959 sec.
Execute     ap_part_info -data single -name xc7z020-clg484-1 
Execute     ap_part_info -name xc7z020-clg484-1 -data resources 
Execute     ap_part_info -name xc7z020-clg484-1 -data info 
Execute     ap_part_info -name xc7z020-clg484-1 -data info 
Execute     config_chip_info -quiet -resource {SLICE 13300} {LUT 53200} {FF 106400} {DSP48E 220} {BRAM 280} {URAM 0} 
Execute     ap_part_info -name xc7z020-clg484-1 -data info 
Execute     config_chip_info -quiet -speed slow 
Command   open_solution done; 1.186 sec.
Execute   set_part xc7z020clg484-1 
Execute     ap_part_info -name xc7z020clg484-1 -data single -quiet 
Execute     ap_part_info -name xc7z020clg484-1 -data info 
Execute     add_library xilinx/zynq/zynq:xc7z020:-clg484:-1 
Execute       get_default_platform 
Execute       ap_part_info -data single -name xc7z020-clg484-1 
Execute       ap_part_info -name xc7z020-clg484-1 -data resources 
Execute       ap_part_info -name xc7z020-clg484-1 -data info 
Execute       ap_part_info -name xc7z020-clg484-1 -data info 
Execute       config_chip_info -quiet -resource {SLICE 13300} {LUT 53200} {FF 106400} {DSP48E 220} {BRAM 280} {URAM 0} 
Execute       ap_part_info -name xc7z020-clg484-1 -data info 
Execute       config_chip_info -quiet -speed slow 
Execute     add_library xilinx/zynq/zynq_fpv6 
Execute       get_default_platform 
Execute     ap_part_info -name xc7z020-clg484-1 -data info 
Execute     get_default_platform 
Command   set_part done; 0.162 sec.
Execute   create_clock -period 10 -name default 
Execute   csynth_design 
Execute     get_config_compile -dump_cfg 
Execute     get_config_compile -effort 
Execute     get_config_compile -enable_clang39 
Execute     get_config_compile -g 
Execute     get_config_compile -ng 
Execute     get_config_compile -opt_fp 
Execute     get_config_compile -skip_cdt 
Execute     get_config_compile -skip_syncheck 
Execute     get_config_compile -skip_transform 
Execute     get_config_compile -keep_printf 
Execute     elaborate -effort=medium -skip_syncheck=0 -keep_printf=0 -skip_cdt=0 -skip_transform=0 -ng=0 -g=0 -opt_fp=0 -from_csynth_design=1 
Execute       get_config_schedule -relax_ii_for_timing 
INFO: [SCHED 204-61] Option 'relax_ii_for_timing' is enabled, will increase II to preserve clock frequency constraints.
Execute       get_config_schedule -suppress_dependence_error_break 
INFO: [HLS 200-10] Analyzing design file 'kmeans.cpp' ... 
INFO-FLOW: Compiling one TU...
Execute       is_m_axi_addr64 
INFO-FLOW: Handling kmeans.cpp as C++
Execute       ap_part_info -name xc7z020-clg484-1 -data info 
Execute       is_encrypted kmeans.cpp 
Execute       ap_part_info -name xc7z020-clg484-1 -data info 
INFO-FLOW: Running: GCC PP
INFO-FLOW: Source preprocessing
Execute       clang  -fno-limit-debug-info -gcc-toolchain "E:/Xilinx2020.1/Vivado/2020.1/msys" -hls  -fno-exceptions  -D__llvm__  -E "kmeans.cpp"     -fno-math-errno -c -emit-llvm -O0  -mllvm -disable-llvm-optzns -fno-threadsafe-statics  -fno-use-cxa-atexit  -fno-threadsafe-statics -fno-use-cxa-atexit -D__CLANG_3_1__ -D__cdecl= -DAESL_SYN -D__SYNTHESIS__ -D__HLS_SYN__ -I "E:/Xilinx2020.1/Vivado/2020.1/common/technology/autopilot" -I "E:/Xilinx2020.1/Vivado/2020.1/common/technology/autopilot/ap_sysc" -include etc/autopilot_ssdm_op.h -D__DSP48E1__  -o "E:/4601/proj/comp4601-project/kmeans_c/comp4601_proj/2-reduced-n-size/.autopilot/db/kmeans.pp.0.cpp" 
INFO-FLOW: exec E:/Xilinx2020.1/Vivado/2020.1/win64/tools/clang/bin/clang -fno-limit-debug-info -gcc-toolchain E:/Xilinx2020.1/Vivado/2020.1/msys -hls -fno-exceptions -D__llvm__ -E kmeans.cpp -fno-math-errno -c -emit-llvm -O0 -mllvm -disable-llvm-optzns -fno-threadsafe-statics -fno-use-cxa-atexit -fno-threadsafe-statics -fno-use-cxa-atexit -D__CLANG_3_1__ -D__cdecl= -DAESL_SYN -D__SYNTHESIS__ -D__HLS_SYN__ -I E:/Xilinx2020.1/Vivado/2020.1/common/technology/autopilot -I E:/Xilinx2020.1/Vivado/2020.1/common/technology/autopilot/ap_sysc -include etc/autopilot_ssdm_op.h -D__DSP48E1__ -o E:/4601/proj/comp4601-project/kmeans_c/comp4601_proj/2-reduced-n-size/.autopilot/db/kmeans.pp.0.cpp
Command       clang done; 1.854 sec.
Execute       tidy_31 xilinx-xfmat-array-geometry E:/4601/proj/comp4601-project/kmeans_c/comp4601_proj/2-reduced-n-size/.autopilot/db/kmeans.pp.0.cpp std=gnu++98 
INFO-FLOW: exec E:/Xilinx2020.1/Vivado/2020.1/win64/tools/clang-3.9-csynth/bin/tidy-3.1 -header-filter=.* -checks=-*,xilinx-xfmat-array-geometry -quiet -fix E:/4601/proj/comp4601-project/kmeans_c/comp4601_proj/2-reduced-n-size/.autopilot/db/kmeans.pp.0.cpp -- -std=gnu++98 -fhls -ferror-limit=0
Command       tidy_31 done; 0.246 sec.
INFO-FLOW: Syntax Checking before pre-processing...
Execute       clang -syntaxcheck -src E:/4601/proj/comp4601-project/kmeans_c/comp4601_proj/2-reduced-n-size/.autopilot/db/kmeans.pp.0.cpp  -fno-limit-debug-info -gcc-toolchain "E:/Xilinx2020.1/Vivado/2020.1/msys" -hls    -fno-math-errno -c -emit-llvm -O0  -mllvm -disable-llvm-optzns -fno-threadsafe-statics  -fno-use-cxa-atexit  -fno-threadsafe-statics -fno-use-cxa-atexit -D__CLANG_3_1__ -D__cdecl= -DAESL_SYN -D__SYNTHESIS__ -D__HLS_SYN__ -I "E:/Xilinx2020.1/Vivado/2020.1/common/technology/autopilot" -I "E:/Xilinx2020.1/Vivado/2020.1/common/technology/autopilot/ap_sysc" -include etc/autopilot_ssdm_op.h -D__DSP48E1__  "E:/4601/proj/comp4601-project/kmeans_c/comp4601_proj/2-reduced-n-size/.autopilot/db/kmeans.pp.0.cpp"  -o "E:/4601/proj/comp4601-project/kmeans_c/comp4601_proj/2-reduced-n-size/.autopilot/db/useless.bc"  
INFO-FLOW: exec E:/Xilinx2020.1/Vivado/2020.1/win64/tools/clang/bin/clang -fno-limit-debug-info -gcc-toolchain E:/Xilinx2020.1/Vivado/2020.1/msys -hls -fno-math-errno -c -emit-llvm -O0 -mllvm -disable-llvm-optzns -fno-threadsafe-statics -fno-use-cxa-atexit -fno-threadsafe-statics -fno-use-cxa-atexit -D__CLANG_3_1__ -D__cdecl= -DAESL_SYN -D__SYNTHESIS__ -D__HLS_SYN__ -I E:/Xilinx2020.1/Vivado/2020.1/common/technology/autopilot -I E:/Xilinx2020.1/Vivado/2020.1/common/technology/autopilot/ap_sysc -include etc/autopilot_ssdm_op.h -D__DSP48E1__ E:/4601/proj/comp4601-project/kmeans_c/comp4601_proj/2-reduced-n-size/.autopilot/db/kmeans.pp.0.cpp -o E:/4601/proj/comp4601-project/kmeans_c/comp4601_proj/2-reduced-n-size/.autopilot/db/useless.bc
Command       clang done; 1.831 sec.
INFO-FLOW: Done: GCC PP time: 3.9 seconds per iteration
Execute       source E:/Xilinx2020.1/Vivado/2020.1/tps/tcl/tcllib1.11.1/yaml/huddle.tcl 
Execute       source E:/Xilinx2020.1/Vivado/2020.1/tps/tcl/tcllib1.11.1/yaml/json2huddle.tcl 
Execute         source E:/Xilinx2020.1/Vivado/2020.1/tps/tcl/tcllib1.11.1/try/try.tcl 
Execute       list_core -type functional_unit 
Execute       tidy_31 xilinx-systemc-detector E:/4601/proj/comp4601-project/kmeans_c/comp4601_proj/2-reduced-n-size/.autopilot/db/kmeans.pp.0.cpp std=gnu++98 -directive=E:/4601/proj/comp4601-project/kmeans_c/comp4601_proj/2-reduced-n-size/.autopilot/db/.systemc_flag 
INFO-FLOW: exec E:/Xilinx2020.1/Vivado/2020.1/win64/tools/clang-3.9-csynth/bin/tidy-3.1 -header-filter=.* -checks=-*,xilinx-systemc-detector -import-directive=E:/4601/proj/comp4601-project/kmeans_c/comp4601_proj/2-reduced-n-size/.autopilot/db/.systemc_flag -quiet -fix-errors E:/4601/proj/comp4601-project/kmeans_c/comp4601_proj/2-reduced-n-size/.autopilot/db/kmeans.pp.0.cpp -- -std=gnu++98 -fhls -ferror-limit=0
Command       tidy_31 done; 0.241 sec.
INFO-FLOW: Running: tidy-3.1 CDT preprocess
Execute       tidy_31 xilinx-directive2pragma E:/4601/proj/comp4601-project/kmeans_c/comp4601_proj/2-reduced-n-size/.autopilot/db/kmeans.pp.0.cpp std=gnu++98 -directive=E:/4601/proj/comp4601-project/kmeans_c/comp4601_proj/2-reduced-n-size/.autopilot/db/all.directive.json 
INFO-FLOW: exec E:/Xilinx2020.1/Vivado/2020.1/win64/tools/clang-3.9-csynth/bin/tidy-3.1 -header-filter=.* -checks=-*,xilinx-directive2pragma -import-directive=E:/4601/proj/comp4601-project/kmeans_c/comp4601_proj/2-reduced-n-size/.autopilot/db/all.directive.json -quiet -fix-errors E:/4601/proj/comp4601-project/kmeans_c/comp4601_proj/2-reduced-n-size/.autopilot/db/kmeans.pp.0.cpp -- -std=gnu++98 -fhls -ferror-limit=0
Command       tidy_31 done; 0.239 sec.
Execute       get_config_dataflow -strict_mode 
Execute       ap_eval exec -ignorestderr E:/Xilinx2020.1/Vivado/2020.1/win64/tools/clang-3.9-csynth/bin/xilinx-dataflow-lawyer -export-fixes=E:/4601/proj/comp4601-project/kmeans_c/comp4601_proj/2-reduced-n-size/.autopilot/db/xilinx-dataflow-lawyer.kmeans.pp.0.cpp.diag.yml E:/4601/proj/comp4601-project/kmeans_c/comp4601_proj/2-reduced-n-size/.autopilot/db/kmeans.pp.0.cpp -- -std=gnu++98 -fhls -ferror-limit=0 -fstrict-dataflow > E:/4601/proj/comp4601-project/kmeans_c/comp4601_proj/2-reduced-n-size/.autopilot/db/xilinx-dataflow-lawyer.kmeans.pp.0.cpp.out.log 2> E:/4601/proj/comp4601-project/kmeans_c/comp4601_proj/2-reduced-n-size/.autopilot/db/xilinx-dataflow-lawyer.kmeans.pp.0.cpp.err.log 
Command       ap_eval done; 0.153 sec.
Execute       tidy_31 -errorcheck xilinx-constantarray-param,xilinx-resource-pragma-transformer,xilinx-xfmat-array-geometry E:/4601/proj/comp4601-project/kmeans_c/comp4601_proj/2-reduced-n-size/.autopilot/db/kmeans.pp.0.cpp std=gnu++98 
Execute         ap_eval exec -ignorestderr E:/Xilinx2020.1/Vivado/2020.1/win64/tools/clang-3.9-csynth/bin/tidy-3.1 -export-fixes=E:/4601/proj/comp4601-project/kmeans_c/comp4601_proj/2-reduced-n-size/.autopilot/db/tidy-3.1.kmeans.pp.0.cpp.diag.yml -header-filter=.* -checks=-*,xilinx-constantarray-param,xilinx-resource-pragma-transformer,xilinx-xfmat-array-geometry -quiet -fix-errors E:/4601/proj/comp4601-project/kmeans_c/comp4601_proj/2-reduced-n-size/.autopilot/db/kmeans.pp.0.cpp -- -std=gnu++98 -fhls -ferror-limit=0 > E:/4601/proj/comp4601-project/kmeans_c/comp4601_proj/2-reduced-n-size/.autopilot/db/tidy-3.1.kmeans.pp.0.cpp.out.log 2> E:/4601/proj/comp4601-project/kmeans_c/comp4601_proj/2-reduced-n-size/.autopilot/db/tidy-3.1.kmeans.pp.0.cpp.err.log 
Command         ap_eval done; 0.239 sec.
Execute         ap_eval exec -ignorestderr E:/Xilinx2020.1/Vivado/2020.1/win64/tools/clang-3.9-csynth/bin/xilinx-legacy-rewriter E:/4601/proj/comp4601-project/kmeans_c/comp4601_proj/2-reduced-n-size/.autopilot/db/kmeans.pp.0.cpp -- -std=gnu++98 -fhls -ferror-limit=0 > E:/4601/proj/comp4601-project/kmeans_c/comp4601_proj/2-reduced-n-size/.autopilot/db/xilinx-legacy-rewriter.kmeans.pp.0.cpp.out.log 2> E:/4601/proj/comp4601-project/kmeans_c/comp4601_proj/2-reduced-n-size/.autopilot/db/xilinx-legacy-rewriter.kmeans.pp.0.cpp.err.log 
Command         ap_eval done; 0.13 sec.
Command       tidy_31 done; 0.372 sec.
INFO-FLOW: Done: tidy-3.1 CDT preprocess time: 0.8 seconds per iteration
INFO-FLOW: Pragma Handling...
Execute       tidy_31 xilinx-ssdm-intrinsics-arguments E:/4601/proj/comp4601-project/kmeans_c/comp4601_proj/2-reduced-n-size/.autopilot/db/kmeans.pragma.1.cpp std=gnu++98 
INFO-FLOW: exec E:/Xilinx2020.1/Vivado/2020.1/win64/tools/clang-3.9-csynth/bin/tidy-3.1 -header-filter=.* -checks=-*,xilinx-ssdm-intrinsics-arguments -quiet -fix-errors E:/4601/proj/comp4601-project/kmeans_c/comp4601_proj/2-reduced-n-size/.autopilot/db/kmeans.pragma.1.cpp -- -std=gnu++98 -fhls -ferror-limit=0
Command       tidy_31 done; 0.237 sec.
Execute       ap_part_info -name xc7z020-clg484-1 -data info 
INFO-FLOW: Processing labels
Execute       clang -src E:/4601/proj/comp4601-project/kmeans_c/comp4601_proj/2-reduced-n-size/.autopilot/db/kmeans.pragma.2.cpp  -fno-limit-debug-info -gcc-toolchain E:/Xilinx2020.1/Vivado/2020.1/msys -hls -hls-analyze-label -hls-analyze-pragma -fno-exceptions  -D__llvm__  -w  "E:/4601/proj/comp4601-project/kmeans_c/comp4601_proj/2-reduced-n-size/.autopilot/db/kmeans.pragma.2.cpp"    -fno-math-errno -c -emit-llvm -O0  -mllvm -disable-llvm-optzns -fno-threadsafe-statics  -fno-use-cxa-atexit -DAESL_SYN -D__SYNTHESIS__ -D__HLS_SYN__ -I "E:/Xilinx2020.1/Vivado/2020.1/common/technology/autopilot" -I "E:/Xilinx2020.1/Vivado/2020.1/common/technology/autopilot/ap_sysc" -include etc/autopilot_ssdm_op.h -D__DSP48E1__ -g -o "E:/4601/proj/comp4601-project/kmeans_c/comp4601_proj/2-reduced-n-size/.autopilot/db/kmeans.bc" 
INFO-FLOW: exec E:/Xilinx2020.1/Vivado/2020.1/win64/tools/clang/bin/clang -fno-limit-debug-info -gcc-toolchain E:/Xilinx2020.1/Vivado/2020.1/msys -hls -hls-analyze-label -hls-analyze-pragma -fno-exceptions -D__llvm__ -w E:/4601/proj/comp4601-project/kmeans_c/comp4601_proj/2-reduced-n-size/.autopilot/db/kmeans.pragma.2.cpp -fno-math-errno -c -emit-llvm -O0 -mllvm -disable-llvm-optzns -fno-threadsafe-statics -fno-use-cxa-atexit -DAESL_SYN -D__SYNTHESIS__ -D__HLS_SYN__ -I E:/Xilinx2020.1/Vivado/2020.1/common/technology/autopilot -I E:/Xilinx2020.1/Vivado/2020.1/common/technology/autopilot/ap_sysc -include etc/autopilot_ssdm_op.h -D__DSP48E1__ -g -o E:/4601/proj/comp4601-project/kmeans_c/comp4601_proj/2-reduced-n-size/.autopilot/db/kmeans.bc
Command       clang done; 1.835 sec.
INFO-FLOW: Linking Debug ...
Execute       llvm-ld E:/4601/proj/comp4601-project/kmeans_c/comp4601_proj/2-reduced-n-size/.autopilot/db/kmeans.g.bc -hls-opt -except-internalize kmeans -LE:/Xilinx2020.1/Vivado/2020.1/win64/lib -lhlsm -lhlsmc++ -o E:/4601/proj/comp4601-project/kmeans_c/comp4601_proj/2-reduced-n-size/.autopilot/db/a.g 
Command       llvm-ld done; 1.773 sec.
INFO: [HLS 200-111] Finished Linking Time (s): cpu = 00:00:02 ; elapsed = 00:00:11 . Memory (MB): peak = 992.086 ; gain = 897.543
INFO: [HLS 200-111] Finished Checking Pragmas Time (s): cpu = 00:00:02 ; elapsed = 00:00:11 . Memory (MB): peak = 992.086 ; gain = 897.543
Execute       get_config_sdx -target 
Execute       opt_and_import_c a -opt_level=2 -skip_syncheck=0 -ng=0 -keep_printf=0 
Execute         cleanup_all_models 
INFO: [HLS 200-10] Starting code transformations ...
Execute         transform -promote-dbg-pointer E:/4601/proj/comp4601-project/kmeans_c/comp4601_proj/2-reduced-n-size/.autopilot/db/a.pp.bc -o E:/4601/proj/comp4601-project/kmeans_c/comp4601_proj/2-reduced-n-size/.autopilot/db/a.pp.0.bc -f 
Command         transform done; 0.458 sec.
Execute         llvm-ld E:/4601/proj/comp4601-project/kmeans_c/comp4601_proj/2-reduced-n-size/.autopilot/db/a.pp.0.bc -disable-opt -LE:/Xilinx2020.1/Vivado/2020.1/win64/lib -lfloatconversion -o E:/4601/proj/comp4601-project/kmeans_c/comp4601_proj/2-reduced-n-size/.autopilot/db/a.g.0 
Command         llvm-ld done; 1.473 sec.
INFO-FLOW: Running Standard Transforms...
Execute         transform -hls -share-std-xform -demangle-name -inline-byval-memcpy -always-inline -stream-depth-lower -promote-dbg-pointer -interface-preproc -mem2reg -scalarrepl -mem2reg -keep-read-access -instcombine -dce -promote-dbg-pointer -bitop-raise -loop-simplify -indvarspre -indvars -loop-simplify -xunroll -constprop -instcombine -simplifycfg -indvars -simplifycfg -dce -globaldce -basicaa -simplifycfg -mem2reg -globalopt -global-constprop -deadargelim -instcombine -simplifycfg -prune-eh -simplifycfg -scalarrepl -instcombine -reassociate -licm -simplifycfg -loop-simplify -indvars -instcombine -simplifycfg -mem2reg -loop-simplify -indvars -instcombine -gvn -gvn -instcombine -adce -break-crit-edges -simplifycfg -loop-delete -global-array-opt -dce -dse -adce -find-syn-modules -top kmeans -deadargelim -mem2reg -instcombine -dce -presyn-prepare -auto-rom-infer -interface-preproc -syn-check -check-rec-only -find-region -simplifycfg -func-extr -function-inline -globaldce -mem2reg -instcombine -dce -gvn -globaldce -adce -adse -constprop -instcombine -bit-constprop -instcombine -dce -simplifycfg -bitop-raise -simplifycfg -dce -loop-delete -reassociate -globalopt -global-privatize -mem2reg -dce -global-constprop -pointer-simplify -constprop -dce -func-inst -deadargelim -auto-shift-reg-idiom -promote-dbg-pointer -norm-name E:/4601/proj/comp4601-project/kmeans_c/comp4601_proj/2-reduced-n-size/.autopilot/db/a.g.0.bc -o E:/4601/proj/comp4601-project/kmeans_c/comp4601_proj/2-reduced-n-size/.autopilot/db/a.g.1.bc -f -phase std-opt 
Command         transform done; 1.395 sec.
INFO: [HLS 200-111] Finished Standard Transforms Time (s): cpu = 00:00:04 ; elapsed = 00:00:14 . Memory (MB): peak = 992.086 ; gain = 897.543
INFO: [HLS 200-10] Checking synthesizability ...
INFO-FLOW: Checking Synthesizability 1/2..
Execute         transform -hls -syn-check -check-rec-only -disaggr -scalarrepl -norm-name -dce -mem2reg -instcombine -function-uniquify -directive-preproc -mem2reg -dse -dce -auto-rom-infer -dce -pag -array-normalize -instcombine -dce -warn-fifo-pointer -array-seg-normalize -instcombine -dce -array-flatten -instcombine -dce -array-burst -dce -deadargelim -promote-global-argument -simplifycfg -mem2reg -globaldce -dce -deadargelim -dce -instcombine -function-inline -globaldce -dce -doublePtrSimplify -doublePtrElim -dce -doublePtrSimplify -promote-dbg-pointer -dce -scalarrepl -dse -adse -instcombine -ptrLegalization -simplifycfg -dce -instcombine -pointer-simplify -ptrArgReplace -dce -instcombine -resolve-double-ptr -disaggr -scalarrepl -norm-name -dce -mem2reg -instcombine -ptrLegalization -simplifycfg -deadargelim -instcombine -dce -inst-simplify -function-uniquify -directive-preproc -mem2reg -dse -dce -globaldce -check-dspbuiltin E:/4601/proj/comp4601-project/kmeans_c/comp4601_proj/2-reduced-n-size/.autopilot/db/a.g.1.bc -o E:/4601/proj/comp4601-project/kmeans_c/comp4601_proj/2-reduced-n-size/.autopilot/db/a.g.2.prechk.bc -f 
INFO: [XFORM 203-602] Inlining function 'fp_struct<double>::data' into 'fp_struct<double>::to_double' (r:/builds/2020.1/continuous/2020_05_27_2902540/src/products/hls/hls_lib/src/hls\utils/x_hls_utils.h:512) automatically.
INFO: [XFORM 203-602] Inlining function 'fp_struct<double>::to_double' into 'fp_struct<double>::to_ieee' (r:/builds/2020.1/continuous/2020_05_27_2902540/src/products/hls/hls_lib/src/hls\utils/x_hls_utils.h:526) automatically.
INFO: [XFORM 203-602] Inlining function 'pow_reduce::log_range_reduce<ap_fixed<121, 12, (ap_q_mode)5, (ap_o_mode)3, 0>, 4, 4, 71, 73>' into 'pow_reduce::pow_traits<double>::log_range_reduction<71>' (r:/builds/2020.1/continuous/2020_05_27_2902540/src/products/hls/hls_lib/hlsmath/include/FloatingPoint\hls_pow.h:225) automatically.
INFO: [XFORM 203-602] Inlining function 'pow_reduce::log_range_reduce<ap_fixed<121, 12, (ap_q_mode)5, (ap_o_mode)3, 0>, 7, 6, 73, 83>' into 'pow_reduce::pow_traits<double>::log_range_reduction<71>' (r:/builds/2020.1/continuous/2020_05_27_2902540/src/products/hls/hls_lib/hlsmath/include/FloatingPoint\hls_pow.h:227) automatically.
INFO: [XFORM 203-602] Inlining function 'pow_reduce::log_range_reduce<ap_fixed<121, 12, (ap_q_mode)5, (ap_o_mode)3, 0>, 12, 6, 83, 92>' into 'pow_reduce::pow_traits<double>::log_range_reduction<71>' (r:/builds/2020.1/continuous/2020_05_27_2902540/src/products/hls/hls_lib/hlsmath/include/FloatingPoint\hls_pow.h:229) automatically.
INFO: [XFORM 203-602] Inlining function 'pow_reduce::log_range_reduce<ap_fixed<121, 12, (ap_q_mode)5, (ap_o_mode)3, 0>, 17, 6, 92, 87>' into 'pow_reduce::pow_traits<double>::log_range_reduction<71>' (r:/builds/2020.1/continuous/2020_05_27_2902540/src/products/hls/hls_lib/hlsmath/include/FloatingPoint\hls_pow.h:231) automatically.
INFO: [XFORM 203-602] Inlining function 'pow_reduce::log_range_reduce<ap_fixed<121, 12, (ap_q_mode)5, (ap_o_mode)3, 0>, 22, 6, 87, 82>' into 'pow_reduce::pow_traits<double>::log_range_reduction<71>' (r:/builds/2020.1/continuous/2020_05_27_2902540/src/products/hls/hls_lib/hlsmath/include/FloatingPoint\hls_pow.h:233) automatically.
INFO: [XFORM 203-602] Inlining function 'pow_reduce::log_range_reduce<ap_fixed<121, 12, (ap_q_mode)5, (ap_o_mode)3, 0>, 27, 6, 82, 77>' into 'pow_reduce::pow_traits<double>::log_range_reduction<71>' (r:/builds/2020.1/continuous/2020_05_27_2902540/src/products/hls/hls_lib/hlsmath/include/FloatingPoint\hls_pow.h:235) automatically.
INFO: [XFORM 203-602] Inlining function 'pow_reduce::log_range_reduce<ap_fixed<121, 12, (ap_q_mode)5, (ap_o_mode)3, 0>, 32, 6, 77, 72>' into 'pow_reduce::pow_traits<double>::log_range_reduction<71>' (r:/builds/2020.1/continuous/2020_05_27_2902540/src/products/hls/hls_lib/hlsmath/include/FloatingPoint\hls_pow.h:237) automatically.
INFO: [XFORM 203-602] Inlining function 'fp_struct<double>::expv' into 'pow_reduce::pow_generic<double>' (r:/builds/2020.1/continuous/2020_05_27_2902540/src/products/hls/hls_lib/hlsmath/include/FloatingPoint\hls_pow.h:334) automatically.
INFO: [XFORM 203-602] Inlining function 'generic_isinf<double>' into 'pow_reduce::pow_generic<double>' (r:/builds/2020.1/continuous/2020_05_27_2902540/src/products/hls/hls_lib/hlsmath/include/FloatingPoint\hls_pow.h:373) automatically.
INFO: [XFORM 203-602] Inlining function 'generic_isnan<double>' into 'pow_reduce::pow_generic<double>' (r:/builds/2020.1/continuous/2020_05_27_2902540/src/products/hls/hls_lib/hlsmath/include/FloatingPoint\hls_pow.h:375) automatically.
INFO: [XFORM 203-602] Inlining function 'pow_reduce::pow_traits<double>::exp_Z1P_m_1' into 'pow_reduce::pow_generic<double>' (r:/builds/2020.1/continuous/2020_05_27_2902540/src/products/hls/hls_lib/hlsmath/include/FloatingPoint\hls_pow.h:641) automatically.
INFO: [XFORM 203-602] Inlining function 'pow' into 'kmeans' (kmeans.cpp:25) automatically.
Command         transform done; 0.497 sec.
INFO-FLOW: Checking Synthesizability 2/2..
Execute         transform -syn-check E:/4601/proj/comp4601-project/kmeans_c/comp4601_proj/2-reduced-n-size/.autopilot/db/a.g.2.prechk.bc -o E:/4601/proj/comp4601-project/kmeans_c/comp4601_proj/2-reduced-n-size/.autopilot/db/a.g.2.bc -f -phase syn-check 
Command         transform done; 0.284 sec.
INFO: [HLS 200-111] Finished Checking Synthesizability Time (s): cpu = 00:00:05 ; elapsed = 00:00:15 . Memory (MB): peak = 992.086 ; gain = 897.543
INFO-FLOW: Compiler optimizing ...
INFO-FLOW: Share syncheck's 1.bc for syn flow: copy E:/4601/proj/comp4601-project/kmeans_c/comp4601_proj/2-reduced-n-size/.autopilot/db/a.g.1.bc to E:/4601/proj/comp4601-project/kmeans_c/comp4601_proj/2-reduced-n-size/.autopilot/db/a.o.1.bc
INFO-FLOW: Presyn 1...
Execute         transform -hls -tmp E:/4601/proj/comp4601-project/kmeans_c/comp4601_proj/2-reduced-n-size/.autopilot/db -interface-port-rename -type-info -function-uniquify -directive-preproc -mem2reg -dse -dce -disaggr -scalarrepl -norm-name -deadargelim -mem2reg -instcombine -dce -simplifycfg -auto-rom-infer -dce -function-uniquify -resource-proc -clib-intrinsic-prepare -dce -func-buffer -dce -pag -array-normalize -func-legal -instcombine -gvn -constprop -dce -simplifycfg -mem2reg -globaldce -resolve-double-ptr -dce -deadargelim -dce -instcombine -ptrArgReplace -mem2reg -dce -array-seg-normalize -deadargelim -instcombine -dce -pointer-simplify -dce -port-alignment -dce -interface-preproc -data-pack -instcombine -dce -basicaa -aggr-aa -aggrmodref-aa -aggr-aa -gvn -gvn -basicaa -aggr-aa -aggrmodref-aa -aggr-aa -dse -adse -adce -loop-simplify -indvars -instcombine -gvn -loop-simplify -mem2reg -dce -find-region -instcombine -auto-loop-pipeline -inst-simplify -interface-preproc -cfgopt -instcombine -indvars -auto-loop-unroll -loop-simplify -loop-bound -xunroll -constprop -instcombine -simplifycfg -indvars -simplifycfg -dce -globaldce -clean-region -attach-range -gvn -inst-simplify -constprop -simplifycfg -dce -pointer-simplify -dce -globalopt -constprop -dce -array-promote -constprop -dce -ptrArgReplace -mem2reg -simplifycfg -dce -auto-par -instcombine -dce -array-transform-check -array-reshape -instcombine -simplifycfg -dce -ptrArgReplace -deadargelim -mem2reg -instcombine -simplifycfg -dce -indvars -loop-simplify -loop-bound -xunroll -constprop -instcombine -simplifycfg -indvars -simplifycfg -dce -globaldce -basicaa -aggr-aa -aggrmodref-aa -aggr-aa -dse -duplicate-dataflow-processes -globaldce -instcombine -array-partition -instcombine -simplifycfg -dce -ptrArgReplace -global-constprop -deadargelim -mem2reg -func-legal -dce -global-constprop -deadargelim -mem2reg -simplifycfg -dce -merge-param -deadargelim -globalopt -constprop -dce -array-promote -constprop -dce -ptrArgReplace -mem2reg -simplifycfg -dce -mem-intrinsic-preproc -dce -global-internalize -global-privatize -mem2reg -globaldce -promote-global-argument -ptrArgReplace -mem2reg -dce -globalopt -mergereturn -simplify-global-access -mem2reg -dce -pointer-simplify -dce -functionattrs -basicaa -aggr-aa -aggrmodref-aa -aggr-aa -gvn -gvn -basicaa -aggr-aa -aggrmodref-aa -aggr-aa -dse -adse -adce -dce -norm-name -function-inline -complex-op-raise -inst-simplify -globaldce -func-inst -constprop -instcombine -simplifycfg -dce -func-legal -dce -loop-bound -arraycheck -bitwidthmin -on-by-dataflow -loop-delete -instcombine -simplifycfg -globaldce -dce -gvn -deadargelim -dce -loop-simplify -clean-region -simplifycfg -propagate-stable-arguments -loop-stream -instcombine -simplifycfg -dce -globaldce -duplicate-dataflow-processes -stream-intrinsic-preproc -dce -check-ap-stream -loop-simplify -eliminate-keepreads -extract-dataflow-in-loop -loop-simplify -dce -gvn -deadargelim -dse -check-dataflow-syntax -legalize-stream-variable -legalize-global -extract-subproc -dce -dead-channel-elimination -canonicalize-gep -globaldce -dce -gvn -deadargelim -annotate-dataflow-channels -scalar-propagation -deadargelim -globaldce -mem2reg -check-dataflow-channels -function-stream -dce -globaldce -prop-fifo-spec -internal-stream-gen -canonicalize-gep -globaldce -dce -gvn -deadargelim -mergereturn -indvars -loop-simplify -instcombine -array-stream -array-seg-normalize -array-partition -func-legal -instcombine -simplifycfg -dce -bundle-memfifo-ops -deadargelim -function-uniquify -directive-preproc -mem2reg -dse -dce -group-axi-access -licm -simplifycfg -dce -loop-delete -norm-name E:/4601/proj/comp4601-project/kmeans_c/comp4601_proj/2-reduced-n-size/.autopilot/db/a.o.1.bc -o E:/4601/proj/comp4601-project/kmeans_c/comp4601_proj/2-reduced-n-size/.autopilot/db/a.o.1.tmp.bc -f 
INFO: [XFORM 203-502] Unrolling small iteration loop 'Loop-2' (kmeans.cpp:21) in function 'kmeans' automatically.
INFO: [XFORM 203-502] Unrolling small iteration loop 'Loop-2.1.1' (kmeans.cpp:27) in function 'kmeans' automatically.
INFO: [HLS 200-489] Unrolling loop 'Loop-2' (kmeans.cpp:21) in function 'kmeans' completely with a factor of 1.
INFO: [HLS 200-489] Unrolling loop 'Loop-2.1.1' (kmeans.cpp:27) in function 'kmeans' completely with a factor of 1.
INFO: [XFORM 203-602] Inlining function 'fp_struct<double>::data' into 'fp_struct<double>::to_double' (r:/builds/2020.1/continuous/2020_05_27_2902540/src/products/hls/hls_lib/src/hls\utils/x_hls_utils.h:512) automatically.
INFO: [XFORM 203-602] Inlining function 'fp_struct<double>::to_double' into 'fp_struct<double>::to_ieee' (r:/builds/2020.1/continuous/2020_05_27_2902540/src/products/hls/hls_lib/src/hls\utils/x_hls_utils.h:526) automatically.
INFO: [XFORM 203-602] Inlining function 'pow_reduce::log_range_reduce<ap_fixed<121, 12, (ap_q_mode)5, (ap_o_mode)3, 0>, 4, 4, 71, 73>' into 'pow_reduce::pow_traits<double>::log_range_reduction<71>' (r:/builds/2020.1/continuous/2020_05_27_2902540/src/products/hls/hls_lib/hlsmath/include/FloatingPoint\hls_pow.h:225) automatically.
INFO: [XFORM 203-602] Inlining function 'pow_reduce::log_range_reduce<ap_fixed<121, 12, (ap_q_mode)5, (ap_o_mode)3, 0>, 7, 6, 73, 83>' into 'pow_reduce::pow_traits<double>::log_range_reduction<71>' (r:/builds/2020.1/continuous/2020_05_27_2902540/src/products/hls/hls_lib/hlsmath/include/FloatingPoint\hls_pow.h:227) automatically.
INFO: [XFORM 203-602] Inlining function 'pow_reduce::log_range_reduce<ap_fixed<121, 12, (ap_q_mode)5, (ap_o_mode)3, 0>, 12, 6, 83, 92>' into 'pow_reduce::pow_traits<double>::log_range_reduction<71>' (r:/builds/2020.1/continuous/2020_05_27_2902540/src/products/hls/hls_lib/hlsmath/include/FloatingPoint\hls_pow.h:229) automatically.
INFO: [XFORM 203-602] Inlining function 'pow_reduce::log_range_reduce<ap_fixed<121, 12, (ap_q_mode)5, (ap_o_mode)3, 0>, 17, 6, 92, 87>' into 'pow_reduce::pow_traits<double>::log_range_reduction<71>' (r:/builds/2020.1/continuous/2020_05_27_2902540/src/products/hls/hls_lib/hlsmath/include/FloatingPoint\hls_pow.h:231) automatically.
INFO: [XFORM 203-602] Inlining function 'pow_reduce::log_range_reduce<ap_fixed<121, 12, (ap_q_mode)5, (ap_o_mode)3, 0>, 22, 6, 87, 82>' into 'pow_reduce::pow_traits<double>::log_range_reduction<71>' (r:/builds/2020.1/continuous/2020_05_27_2902540/src/products/hls/hls_lib/hlsmath/include/FloatingPoint\hls_pow.h:233) automatically.
INFO: [XFORM 203-602] Inlining function 'pow_reduce::log_range_reduce<ap_fixed<121, 12, (ap_q_mode)5, (ap_o_mode)3, 0>, 27, 6, 82, 77>' into 'pow_reduce::pow_traits<double>::log_range_reduction<71>' (r:/builds/2020.1/continuous/2020_05_27_2902540/src/products/hls/hls_lib/hlsmath/include/FloatingPoint\hls_pow.h:235) automatically.
INFO: [XFORM 203-602] Inlining function 'pow_reduce::log_range_reduce<ap_fixed<121, 12, (ap_q_mode)5, (ap_o_mode)3, 0>, 32, 6, 77, 72>' into 'pow_reduce::pow_traits<double>::log_range_reduction<71>' (r:/builds/2020.1/continuous/2020_05_27_2902540/src/products/hls/hls_lib/hlsmath/include/FloatingPoint\hls_pow.h:237) automatically.
INFO: [XFORM 203-602] Inlining function 'fp_struct<double>::expv' into 'pow_reduce::pow_generic<double>' (r:/builds/2020.1/continuous/2020_05_27_2902540/src/products/hls/hls_lib/hlsmath/include/FloatingPoint\hls_pow.h:334) automatically.
INFO: [XFORM 203-602] Inlining function 'generic_isinf<double>' into 'pow_reduce::pow_generic<double>' (r:/builds/2020.1/continuous/2020_05_27_2902540/src/products/hls/hls_lib/hlsmath/include/FloatingPoint\hls_pow.h:373) automatically.
INFO: [XFORM 203-602] Inlining function 'generic_isnan<double>' into 'pow_reduce::pow_generic<double>' (r:/builds/2020.1/continuous/2020_05_27_2902540/src/products/hls/hls_lib/hlsmath/include/FloatingPoint\hls_pow.h:375) automatically.
INFO: [XFORM 203-602] Inlining function 'fp_struct<double>::to_ieee' into 'pow_reduce::pow_generic<double>' (r:/builds/2020.1/continuous/2020_05_27_2902540/src/products/hls/hls_lib/hlsmath/include/FloatingPoint\hls_pow.h:412) automatically.
INFO: [XFORM 203-602] Inlining function 'pow_reduce::pow_traits<double>::exp_Z1P_m_1' into 'pow_reduce::pow_generic<double>' (r:/builds/2020.1/continuous/2020_05_27_2902540/src/products/hls/hls_lib/hlsmath/include/FloatingPoint\hls_pow.h:641) automatically.
INFO: [XFORM 203-602] Inlining function 'pow' into 'kmeans' (kmeans.cpp:25) automatically.
Command         transform done; 0.85 sec.
INFO-FLOW: Presyn 2...
Execute         transform -hls -keep-callgraph -scalarrepl -mem2reg -port-alignment -attach-range -dce -pipe-mux-gen -indvars -loop-bound -inst-simplify -instcombine -dce -merge-array-access -mem2reg -dce -clean-region -mergereturn -if-conv -instcombine -dce -constprop -basicaa -aggr-aa -aggrmodref-aa -aggr-aa -gvn -gvn -basicaa -aggr-aa -aggrmodref-aa -aggr-aa -dse -adse -adce -scalarrepl -mem2reg -global-constprop -deadargelim -deadargelim -instcombine -dce -simplifycfg -ptrArgReplace -mem2reg -function-inline -globaldce -mem2reg -instcombine -dce -expr-balance -instcombine -dce -bitwidthmin -interface-preproc -directive-preproc -inst-rectify -instcombine -dce -functionattrs -constprop -instcombine -bit-constprop -simplify-global-access -globalopt -globaldce -inst-simplify -instcombine -elimdeaddata -dce -loop-delete -simplifycfg -loop-simplify -auto-burst -norm-name E:/4601/proj/comp4601-project/kmeans_c/comp4601_proj/2-reduced-n-size/.autopilot/db/a.o.1.tmp.bc -o E:/4601/proj/comp4601-project/kmeans_c/comp4601_proj/2-reduced-n-size/.autopilot/db/a.o.2.bc -f -phase presyn 
INFO: [XFORM 203-401] Performing if-conversion on hyperblock from (r:/builds/2020.1/continuous/2020_05_27_2902540/src/products/hls/hls_lib/hlsmath/include/FloatingPoint\hls_pow.h:488:26) to (r:/builds/2020.1/continuous/2020_05_27_2902540/src/products/hls/hls_lib/hlsmath/include/FloatingPoint\hls_pow.h:657:25) in function 'pow_reduce::pow_generic<double>'... converting 7 basic blocks.
INFO: [XFORM 203-401] Performing if-conversion on hyperblock from (kmeans.cpp:44:17) to (kmeans.cpp:43:32) in function 'kmeans'... converting 3 basic blocks.
INFO: [XFORM 203-602] Inlining function 'pow_reduce::pow_traits<double>::log_range_reduction<71>' into 'pow_reduce::pow_generic<double>' (r:/builds/2020.1/continuous/2020_05_27_2902540/src/products/hls/hls_lib/hlsmath/include/FloatingPoint\hls_pow.h:548) automatically.
INFO: [XFORM 203-11] Balancing expressions in function 'pow_reduce::pow_generic<double>' (r:/builds/2020.1/continuous/2020_05_27_2902540/src/products/hls/hls_lib/hlsmath/include/FloatingPoint\hls_pow.h:320)...7 expression(s) balanced.
Command         transform done; 0.426 sec.
INFO: [HLS 200-111] Finished Pre-synthesis Time (s): cpu = 00:00:06 ; elapsed = 00:00:16 . Memory (MB): peak = 992.086 ; gain = 897.543
INFO-FLOW: Building ssdm...
Execute         transform -hls -function-uniquify -auto-function-inline -globaldce -ptrArgReplace -mem2reg -dce -reset-lda -loop-simplify -indvars -licm -loop-dep -loop-bound -licm -loop-simplify -flattenloopnest -array-flatten -gvn -instcombine -dce -array-map -dce -func-legal -gvn -adce -instcombine -cfgopt -simplifycfg -loop-simplify -array-burst -promote-global-argument -dce -ptrLegalization -axi4-lower -array-seg-normalize -basicaa -aggrmodref-aa -globalsmodref-aa -aggr-aa -gvn -gvn -basicaa -aggrmodref-aa -globalsmodref-aa -aggr-aa -dse -adse -adce -licm -inst-simplify -dce -globaldce -instcombine -array-stream -eliminate-keepreads -instcombine -dce -deadargelim -doublePtrSimplify -doublePtrElim -dce -doublePtrSimplify -promote-dbg-pointer -dce -scalarrepl -mem2reg -disaggr -norm-name -mem2reg -instcombine -dse -adse -adce -ptrLegalization -dce -auto-rom-infer -array-flatten -dce -instcombine -check-doubleptr -loop-rot -constprop -cfgopt -simplifycfg -loop-simplify -indvars -pointer-simplify -dce -loop-bound -loop-simplify -loop-preproc -constprop -global-constprop -gvn -mem2reg -instcombine -dce -loop-bound -loop-merge -dce -bitwidthmin -deadargelim -dce -canonicalize-dataflow -dce -scalar-propagation -deadargelim -globaldce -mem2reg -read-loop-dep -interface-preproc -directive-preproc -interface-gen -bram-byte-enable -deadargelim -inst-simplify -dce -gvn -mem2reg -instcombine -dce -adse -loop-bound -instcombine -cfgopt -simplifycfg -loop-simplify -clean-region -io-protocol -find-region -mem2reg -bitop-raise -complex-op-raise -inst-simplify -inst-rectify -instcombine -adce -deadargelim -loop-simplify -phi-opt -bitop-raise -cfgopt -simplifycfg -strip-dead-prototypes -interface-lower -bitop-lower -intrinsic-lower -auto-function-inline -basicaa -aggrmodref-aa -globalsmodref-aa -aggr-aa -inst-simplify -simplifycfg -loop-simplify -mergereturn -inst-simplify -inst-rectify -dce -load-elim -bitop-lower -loop-rewind -pointer-simplify -dce -cfgopt -dce -loop-bound -loop-dep -read-loop-dep -dce -check-stream -norm-name -legalize -validate-dataflow -inst-clarity -bitwidth -dump-loop-dep-to-ir -check-all-ssdm -cdfg-build E:/4601/proj/comp4601-project/kmeans_c/comp4601_proj/2-reduced-n-size/.autopilot/db/a.o.2.bc -o E:/4601/proj/comp4601-project/kmeans_c/comp4601_proj/2-reduced-n-size/.autopilot/db/a.o.3.bc -f -phase build-ssdm 
WARNING: [XFORM 203-631] Renaming function 'pow_reduce::pow_generic<double>' to 'pow_generic<double>' (r:/builds/2020.1/continuous/2020_05_27_2902540/src/products/hls/hls_lib/hlsmath/include/FloatingPoint\hls_pow.h:320)
INFO: [HLS 200-472] Inferring partial write operation for 'centroids_x' (kmeans.cpp:14:6)
INFO: [HLS 200-472] Inferring partial write operation for 'centroids_y' (kmeans.cpp:15:6)
INFO: [HLS 200-472] Inferring partial write operation for 'centroids_x' (kmeans.cpp:52:17)
INFO: [HLS 200-472] Inferring partial write operation for 'centroids_y' (kmeans.cpp:53:17)
INFO: [HLS 200-472] Inferring partial write operation for 'data_cluster_id' (kmeans.cpp:34:13)
Command         transform done; 0.742 sec.
INFO: [HLS 200-111] Finished Architecture Synthesis Time (s): cpu = 00:00:07 ; elapsed = 00:00:17 . Memory (MB): peak = 992.086 ; gain = 897.543
INFO-FLOW: Finish building internal data model.
Command       opt_and_import_c done; 6.151 sec.
Command     elaborate done; 15.022 sec.
Execute     autosyn -from_csynth_design=1 
INFO: [HLS 200-10] Starting hardware synthesis ...
INFO-FLOW: Synthesizing C/C++ design ...
INFO: [HLS 200-10] Synthesizing 'kmeans' ...
Execute       ap_set_top_model kmeans 
WARNING: [SYN 201-103] Legalizing function name 'pow_generic<double>' to 'pow_generic_double_s'.
Execute       get_model_list kmeans -filter all-wo-channel -topdown 
Execute       preproc_iomode -model kmeans 
Execute       preproc_iomode -model pow_generic<double> 
Execute       get_model_list kmeans -filter all-wo-channel 
INFO-FLOW: Model list for configure: pow_generic<double> kmeans
INFO-FLOW: Configuring Module : pow_generic<double> ...
Execute       set_default_model pow_generic<double> 
Execute       apply_spec_resource_limit pow_generic<double> 
INFO-FLOW: Configuring Module : kmeans ...
Execute       set_default_model kmeans 
Execute       apply_spec_resource_limit kmeans 
INFO-FLOW: Model list for preprocess: pow_generic<double> kmeans
INFO-FLOW: Preprocessing Module: pow_generic<double> ...
Execute       set_default_model pow_generic<double> 
Execute       cdfg_preprocess -model pow_generic<double> 
Execute       rtl_gen_preprocess pow_generic<double> 
INFO-FLOW: Preprocessing Module: kmeans ...
Execute       set_default_model kmeans 
Execute       cdfg_preprocess -model kmeans 
Execute       rtl_gen_preprocess kmeans 
INFO-FLOW: Model list for synthesis: pow_generic<double> kmeans
INFO: [HLS 200-10] ----------------------------------------------------------------
INFO: [HLS 200-42] -- Implementing module 'pow_generic_double_s' 
INFO: [HLS 200-10] ----------------------------------------------------------------
Execute       set_default_model pow_generic<double> 
Execute       schedule -model pow_generic<double> 
INFO: [SCHED 204-11] Starting scheduling ...
INFO: [SCHED 204-61] Pipelining function 'pow_generic<double>'.
INFO: [SCHED 204-61] Pipelining result : Target II = 1, Final II = 1, Depth = 67.
WARNING: [SCHED 204-21] Estimated clock period (9.514ns) exceeds the target (target clock period: 10ns, clock uncertainty: 1.25ns, effective delay budget: 8.75ns).
WARNING: [SCHED 204-21] The critical path in module 'pow_generic_double_s' consists of the following:
	'mul' operation of DSP[253] ('r.V', r:/builds/2020.1/continuous/2020_05_27_2902540/src/products/hls/hls_lib/hlsmath/include/FloatingPoint\hls_pow.h:592) [250]  (3.36 ns)
	'add' operation of DSP[253] ('ret.V', r:/builds/2020.1/continuous/2020_05_27_2902540/src/products/hls/hls_lib/hlsmath/include/FloatingPoint\hls_pow.h:592) [253]  (3.02 ns)
	'icmp' operation ('icmp_ln805', r:/builds/2020.1/continuous/2020_05_27_2902540/src/products/hls/hls_lib/hlsmath/include/FloatingPoint\hls_pow.h:592) [257]  (2.43 ns)
	'select' operation ('select_ln805', r:/builds/2020.1/continuous/2020_05_27_2902540/src/products/hls/hls_lib/hlsmath/include/FloatingPoint\hls_pow.h:592) [259]  (0 ns)
	'select' operation ('r_exp.V', r:/builds/2020.1/continuous/2020_05_27_2902540/src/products/hls/hls_lib/hlsmath/include/FloatingPoint\hls_pow.h:592) [260]  (0.7 ns)
INFO: [SCHED 204-11] Finished scheduling.
Command       schedule done; 0.604 sec.
INFO: [HLS 200-111]  Elapsed time: 17.438 seconds; current allocated memory: 386.897 MB.
Execute       syn_report -verbosereport -o E:/4601/proj/comp4601-project/kmeans_c/comp4601_proj/2-reduced-n-size/.autopilot/db/pow_generic_double_s.verbose.sched.rpt 
Execute       db_write -o E:/4601/proj/comp4601-project/kmeans_c/comp4601_proj/2-reduced-n-size/.autopilot/db/pow_generic_double_s.sched.adb -f 
INFO-FLOW: Finish scheduling pow_generic<double>.
Execute       set_default_model pow_generic<double> 
Execute       bind -model pow_generic<double> 
BIND OPTION: model=pow_generic<double>
INFO: [BIND 205-100] Starting micro-architecture generation ...
INFO: [BIND 205-101] Performing variable lifetime analysis.
INFO: [BIND 205-101] Exploring resource sharing.
INFO: [BIND 205-101] Binding ...
INFO: [BIND 205-100] Finished micro-architecture generation.
INFO: [HLS 200-111]  Elapsed time: 0.333 seconds; current allocated memory: 388.264 MB.
Execute       syn_report -verbosereport -o E:/4601/proj/comp4601-project/kmeans_c/comp4601_proj/2-reduced-n-size/.autopilot/db/pow_generic_double_s.verbose.bind.rpt 
Command       syn_report done; 0.221 sec.
Execute       db_write -o E:/4601/proj/comp4601-project/kmeans_c/comp4601_proj/2-reduced-n-size/.autopilot/db/pow_generic_double_s.bind.adb -f 
INFO-FLOW: Finish binding pow_generic<double>.
INFO: [HLS 200-10] ----------------------------------------------------------------
INFO: [HLS 200-42] -- Implementing module 'kmeans' 
INFO: [HLS 200-10] ----------------------------------------------------------------
Execute       set_default_model kmeans 
Execute       schedule -model kmeans 
INFO: [SCHED 204-11] Starting scheduling ...
INFO: [SCHED 204-11] Finished scheduling.
INFO: [HLS 200-111]  Elapsed time: 0.477 seconds; current allocated memory: 389.112 MB.
Execute       syn_report -verbosereport -o E:/4601/proj/comp4601-project/kmeans_c/comp4601_proj/2-reduced-n-size/.autopilot/db/kmeans.verbose.sched.rpt 
Command       syn_report done; 0.134 sec.
Execute       db_write -o E:/4601/proj/comp4601-project/kmeans_c/comp4601_proj/2-reduced-n-size/.autopilot/db/kmeans.sched.adb -f 
INFO-FLOW: Finish scheduling kmeans.
Execute       set_default_model kmeans 
Execute       bind -model kmeans 
BIND OPTION: model=kmeans
INFO: [BIND 205-100] Starting micro-architecture generation ...
INFO: [BIND 205-101] Performing variable lifetime analysis.
INFO: [BIND 205-101] Exploring resource sharing.
INFO: [BIND 205-101] Binding ...
INFO: [BIND 205-100] Finished micro-architecture generation.
Command       bind done; 1.009 sec.
INFO: [HLS 200-111]  Elapsed time: 1.288 seconds; current allocated memory: 390.892 MB.
Execute       syn_report -verbosereport -o E:/4601/proj/comp4601-project/kmeans_c/comp4601_proj/2-reduced-n-size/.autopilot/db/kmeans.verbose.bind.rpt 
Command       syn_report done; 0.704 sec.
Execute       db_write -o E:/4601/proj/comp4601-project/kmeans_c/comp4601_proj/2-reduced-n-size/.autopilot/db/kmeans.bind.adb -f 
INFO-FLOW: Finish binding kmeans.
Execute       get_model_list kmeans -filter all-wo-channel 
INFO-FLOW: Preprocessing for RTLGen ...
Execute       rtl_gen_preprocess pow_generic<double> 
Execute       rtl_gen_preprocess kmeans 
INFO-FLOW: Model list for RTL generation: pow_generic<double> kmeans
INFO: [HLS 200-10] ----------------------------------------------------------------
INFO: [HLS 200-10] -- Generating RTL for module 'pow_generic_double_s' 
INFO: [HLS 200-10] ----------------------------------------------------------------
Execute       get_config_rtl -module_prefix 
Execute       get_config_rtl -module_auto_prefix 
Execute       create_rtl_model pow_generic<double> -vendor xilinx -mg_file E:/4601/proj/comp4601-project/kmeans_c/comp4601_proj/2-reduced-n-size/.autopilot/db/pow_generic_double_s.compgen.tcl 
INFO: [SYN 201-210] Renamed object name 'pow_generic_double_s_pow_reduce_anonymo_20' to 'pow_generic_doublbkb' due to the length limit 20
INFO: [SYN 201-210] Renamed object name 'pow_generic_double_s_pow_reduce_anonymo_19' to 'pow_generic_doublcud' due to the length limit 20
INFO: [SYN 201-210] Renamed object name 'pow_generic_double_s_pow_reduce_anonymo_16' to 'pow_generic_doubldEe' due to the length limit 20
INFO: [SYN 201-210] Renamed object name 'pow_generic_double_s_pow_reduce_anonymo_17' to 'pow_generic_doubleOg' due to the length limit 20
INFO: [SYN 201-210] Renamed object name 'pow_generic_double_s_pow_reduce_anonymo_9' to 'pow_generic_doublfYi' due to the length limit 20
INFO: [SYN 201-210] Renamed object name 'pow_generic_double_s_pow_reduce_anonymo_12' to 'pow_generic_doublg8j' due to the length limit 20
INFO: [SYN 201-210] Renamed object name 'pow_generic_double_s_pow_reduce_anonymo_13' to 'pow_generic_doublhbi' due to the length limit 20
INFO: [SYN 201-210] Renamed object name 'pow_generic_double_s_pow_reduce_anonymo_14' to 'pow_generic_doublibs' due to the length limit 20
INFO: [SYN 201-210] Renamed object name 'pow_generic_double_s_pow_reduce_anonymo_15' to 'pow_generic_doubljbC' due to the length limit 20
INFO: [SYN 201-210] Renamed object name 'pow_generic_double_s_pow_reduce_anonymo_18' to 'pow_generic_doublkbM' due to the length limit 20
INFO: [SYN 201-210] Renamed object name 'pow_generic_double_s_pow_reduce_anonymo' to 'pow_generic_doubllbW' due to the length limit 20
INFO: [SYN 201-210] Renamed object name 'pow_generic_double_s_pow_reduce_anonymo_21' to 'pow_generic_doublmb6' due to the length limit 20
INFO: [SYN 201-210] Renamed object name 'kmeans_mul_54s_6ns_54_2_1' to 'kmeans_mul_54s_6nncg' due to the length limit 20
INFO: [SYN 201-210] Renamed object name 'kmeans_mul_71ns_4ns_75_5_1' to 'kmeans_mul_71ns_4ocq' due to the length limit 20
INFO: [SYN 201-210] Renamed object name 'kmeans_mul_73ns_6ns_79_5_1' to 'kmeans_mul_73ns_6pcA' due to the length limit 20
INFO: [SYN 201-210] Renamed object name 'kmeans_mul_83ns_6ns_89_5_1' to 'kmeans_mul_83ns_6qcK' due to the length limit 20
INFO: [SYN 201-210] Renamed object name 'kmeans_mul_92ns_6ns_98_5_1' to 'kmeans_mul_92ns_6rcU' due to the length limit 20
INFO: [SYN 201-210] Renamed object name 'kmeans_mul_87ns_6ns_93_5_1' to 'kmeans_mul_87ns_6sc4' due to the length limit 20
INFO: [SYN 201-210] Renamed object name 'kmeans_mul_82ns_6ns_88_5_1' to 'kmeans_mul_82ns_6tde' due to the length limit 20
INFO: [SYN 201-210] Renamed object name 'kmeans_mul_77ns_6ns_83_5_1' to 'kmeans_mul_77ns_6udo' due to the length limit 20
INFO: [SYN 201-210] Renamed object name 'kmeans_mul_80ns_12s_90_5_1' to 'kmeans_mul_80ns_1vdy' due to the length limit 20
INFO: [SYN 201-210] Renamed object name 'kmeans_mul_72ns_13s_83_5_1' to 'kmeans_mul_72ns_1wdI' due to the length limit 20
INFO: [SYN 201-210] Renamed object name 'kmeans_mul_43ns_36ns_79_2_1' to 'kmeans_mul_43ns_3xdS' due to the length limit 20
INFO: [SYN 201-210] Renamed object name 'kmeans_mul_49ns_44ns_93_2_1' to 'kmeans_mul_49ns_4yd2' due to the length limit 20
INFO: [SYN 201-210] Renamed object name 'kmeans_mul_50ns_50ns_100_2_1' to 'kmeans_mul_50ns_5zec' due to the length limit 20
INFO: [SYN 201-210] Renamed object name 'kmeans_mac_muladd_16ns_16s_19s_31_1_1' to 'kmeans_mac_muladdAem' due to the length limit 20
INFO: [RTGEN 206-104] Estimated max fanout for 'pow_generic_double_s' is 11134 from HDL expression: (1'b0 == ap_block_pp0_stage0_11001)
INFO: [RTGEN 206-100] Generating core module 'kmeans_mac_muladdAem': 1 instance(s).
INFO: [RTGEN 206-100] Generating core module 'kmeans_mul_43ns_3xdS': 1 instance(s).
INFO: [RTGEN 206-100] Generating core module 'kmeans_mul_49ns_4yd2': 1 instance(s).
INFO: [RTGEN 206-100] Generating core module 'kmeans_mul_50ns_5zec': 1 instance(s).
INFO: [RTGEN 206-100] Generating core module 'kmeans_mul_54s_6nncg': 1 instance(s).
INFO: [RTGEN 206-100] Generating core module 'kmeans_mul_71ns_4ocq': 1 instance(s).
INFO: [RTGEN 206-100] Generating core module 'kmeans_mul_72ns_1wdI': 1 instance(s).
INFO: [RTGEN 206-100] Generating core module 'kmeans_mul_73ns_6pcA': 1 instance(s).
INFO: [RTGEN 206-100] Generating core module 'kmeans_mul_77ns_6udo': 1 instance(s).
INFO: [RTGEN 206-100] Generating core module 'kmeans_mul_80ns_1vdy': 1 instance(s).
INFO: [RTGEN 206-100] Generating core module 'kmeans_mul_82ns_6tde': 1 instance(s).
INFO: [RTGEN 206-100] Generating core module 'kmeans_mul_83ns_6qcK': 1 instance(s).
INFO: [RTGEN 206-100] Generating core module 'kmeans_mul_87ns_6sc4': 1 instance(s).
INFO: [RTGEN 206-100] Generating core module 'kmeans_mul_92ns_6rcU': 1 instance(s).
INFO: [RTGEN 206-100] Finished creating RTL model for 'pow_generic_double_s'.
Command       create_rtl_model done; 0.501 sec.
INFO: [HLS 200-111]  Elapsed time: 1.38 seconds; current allocated memory: 395.775 MB.
Execute       source E:/4601/proj/comp4601-project/kmeans_c/comp4601_proj/2-reduced-n-size/.autopilot/db/kmeans.rtl_wrap.cfg.tcl 
Execute       gen_rtl pow_generic<double> -style xilinx -tracefl mytrace -tracefmt vcd -traceopt all -f -lang sc -o E:/4601/proj/comp4601-project/kmeans_c/comp4601_proj/2-reduced-n-size/syn/systemc/pow_generic_double_s -synmodules pow_generic<double> kmeans 
Execute       gen_rtl pow_generic<double> -style xilinx -f -lang vhdl -o E:/4601/proj/comp4601-project/kmeans_c/comp4601_proj/2-reduced-n-size/syn/vhdl/pow_generic_double_s 
Execute       gen_rtl pow_generic<double> -style xilinx -f -lang vlog -o E:/4601/proj/comp4601-project/kmeans_c/comp4601_proj/2-reduced-n-size/syn/verilog/pow_generic_double_s 
Execute       syn_report -csynth -model pow_generic<double> -o E:/4601/proj/comp4601-project/kmeans_c/comp4601_proj/2-reduced-n-size/syn/report/pow_generic_double_s_csynth.rpt 
Command       syn_report done; 0.146 sec.
Execute       syn_report -rtlxml -model pow_generic<double> -o E:/4601/proj/comp4601-project/kmeans_c/comp4601_proj/2-reduced-n-size/syn/report/pow_generic_double_s_csynth.xml 
Execute       syn_report -verbosereport -model pow_generic<double> -o E:/4601/proj/comp4601-project/kmeans_c/comp4601_proj/2-reduced-n-size/.autopilot/db/pow_generic_double_s.verbose.rpt 
Command       syn_report done; 0.297 sec.
Execute       db_write -model pow_generic<double> -f -o E:/4601/proj/comp4601-project/kmeans_c/comp4601_proj/2-reduced-n-size/.autopilot/db/pow_generic_double_s.adb 
Command       db_write done; 0.212 sec.
Execute       gen_tb_info pow_generic<double> -p E:/4601/proj/comp4601-project/kmeans_c/comp4601_proj/2-reduced-n-size/.autopilot/db -o E:/4601/proj/comp4601-project/kmeans_c/comp4601_proj/2-reduced-n-size/.autopilot/db/pow_generic_double_s 
INFO: [HLS 200-10] ----------------------------------------------------------------
INFO: [HLS 200-10] -- Generating RTL for module 'kmeans' 
INFO: [HLS 200-10] ----------------------------------------------------------------
Execute       get_config_rtl -module_prefix 
Execute       get_config_rtl -module_auto_prefix 
Execute       create_rtl_model kmeans -vendor xilinx -mg_file E:/4601/proj/comp4601-project/kmeans_c/comp4601_proj/2-reduced-n-size/.autopilot/db/kmeans.compgen.tcl 
INFO: [RTGEN 206-500] Setting interface mode on port 'kmeans/centroids_x' to 'ap_memory'.
INFO: [RTGEN 206-500] Setting interface mode on port 'kmeans/centroids_y' to 'ap_memory'.
INFO: [RTGEN 206-500] Setting interface mode on function 'kmeans' to 'ap_ctrl_hs'.
INFO: [SYN 201-210] Renamed object name 'kmeans_data_cluster_id' to 'kmeans_data_clustBew' due to the length limit 20
INFO: [SYN 201-210] Renamed object name 'kmeans_faddfsub_32ns_32ns_32_5_full_dsp_1' to 'kmeans_faddfsub_3CeG' due to the length limit 20
INFO: [SYN 201-210] Renamed object name 'kmeans_fsub_32ns_32ns_32_5_full_dsp_1' to 'kmeans_fsub_32ns_DeQ' due to the length limit 20
INFO: [SYN 201-210] Renamed object name 'kmeans_fdiv_32ns_32ns_32_16_1' to 'kmeans_fdiv_32ns_Ee0' due to the length limit 20
INFO: [SYN 201-210] Renamed object name 'kmeans_sitofp_32ns_32_6_1' to 'kmeans_sitofp_32nFfa' due to the length limit 20
INFO: [SYN 201-210] Renamed object name 'kmeans_fptrunc_64ns_32_2_1' to 'kmeans_fptrunc_64Gfk' due to the length limit 20
INFO: [SYN 201-210] Renamed object name 'kmeans_fpext_32ns_64_2_1' to 'kmeans_fpext_32nsHfu' due to the length limit 20
INFO: [SYN 201-210] Renamed object name 'kmeans_fcmp_32ns_32ns_1_2_1' to 'kmeans_fcmp_32ns_IfE' due to the length limit 20
INFO: [SYN 201-210] Renamed object name 'kmeans_dadd_64ns_64ns_64_5_full_dsp_1' to 'kmeans_dadd_64ns_JfO' due to the length limit 20
INFO: [RTGEN 206-100] Generating core module 'kmeans_dadd_64ns_JfO': 2 instance(s).
INFO: [RTGEN 206-100] Generating core module 'kmeans_faddfsub_3CeG': 2 instance(s).
INFO: [RTGEN 206-100] Generating core module 'kmeans_fcmp_32ns_IfE': 1 instance(s).
INFO: [RTGEN 206-100] Generating core module 'kmeans_fdiv_32ns_Ee0': 2 instance(s).
INFO: [RTGEN 206-100] Generating core module 'kmeans_fpext_32nsHfu': 4 instance(s).
INFO: [RTGEN 206-100] Generating core module 'kmeans_fptrunc_64Gfk': 2 instance(s).
INFO: [RTGEN 206-100] Generating core module 'kmeans_fsub_32ns_DeQ': 2 instance(s).
INFO: [RTGEN 206-100] Generating core module 'kmeans_sitofp_32nFfa': 1 instance(s).
INFO: [RTGEN 206-100] Finished creating RTL model for 'kmeans'.
Command       create_rtl_model done; 0.201 sec.
INFO: [HLS 200-111]  Elapsed time: 1.126 seconds; current allocated memory: 402.636 MB.
Execute       source E:/4601/proj/comp4601-project/kmeans_c/comp4601_proj/2-reduced-n-size/.autopilot/db/kmeans.rtl_wrap.cfg.tcl 
Execute       gen_rtl kmeans -istop -style xilinx -tracefl mytrace -tracefmt vcd -traceopt all -f -lang sc -o E:/4601/proj/comp4601-project/kmeans_c/comp4601_proj/2-reduced-n-size/syn/systemc/kmeans -synmodules pow_generic<double> kmeans 
Execute       gen_rtl kmeans -istop -style xilinx -f -lang vhdl -o E:/4601/proj/comp4601-project/kmeans_c/comp4601_proj/2-reduced-n-size/syn/vhdl/kmeans 
Execute       gen_rtl kmeans -istop -style xilinx -f -lang vlog -o E:/4601/proj/comp4601-project/kmeans_c/comp4601_proj/2-reduced-n-size/syn/verilog/kmeans 
Execute       syn_report -csynth -model kmeans -o E:/4601/proj/comp4601-project/kmeans_c/comp4601_proj/2-reduced-n-size/syn/report/kmeans_csynth.rpt 
Execute       syn_report -rtlxml -model kmeans -o E:/4601/proj/comp4601-project/kmeans_c/comp4601_proj/2-reduced-n-size/syn/report/kmeans_csynth.xml 
Execute       syn_report -verbosereport -model kmeans -o E:/4601/proj/comp4601-project/kmeans_c/comp4601_proj/2-reduced-n-size/.autopilot/db/kmeans.verbose.rpt 
Command       syn_report done; 0.726 sec.
Execute       db_write -model kmeans -f -o E:/4601/proj/comp4601-project/kmeans_c/comp4601_proj/2-reduced-n-size/.autopilot/db/kmeans.adb 
Command       db_write done; 0.137 sec.
Execute       gen_tb_info kmeans -p E:/4601/proj/comp4601-project/kmeans_c/comp4601_proj/2-reduced-n-size/.autopilot/db -o E:/4601/proj/comp4601-project/kmeans_c/comp4601_proj/2-reduced-n-size/.autopilot/db/kmeans 
Execute       export_constraint_db -f -tool general -o E:/4601/proj/comp4601-project/kmeans_c/comp4601_proj/2-reduced-n-size/.autopilot/db/kmeans.constraint.tcl 
Execute       syn_report -designview -model kmeans -o E:/4601/proj/comp4601-project/kmeans_c/comp4601_proj/2-reduced-n-size/.autopilot/db/kmeans.design.xml 
Command       syn_report done; 0.256 sec.
Execute       get_config_rtl -disable_wave_debug 
Execute       syn_report -wcfg -model kmeans -o E:/4601/proj/comp4601-project/kmeans_c/comp4601_proj/2-reduced-n-size/.autopilot/db/kmeans_dataflow_ana.wcfg 
Execute       syn_report -protoinst -model kmeans -o E:/4601/proj/comp4601-project/kmeans_c/comp4601_proj/2-reduced-n-size/.autopilot/db/kmeans.protoinst 
Execute       get_config_debug -directory 
Execute       sc_get_clocks kmeans 
Execute       get_config_export -vivado_clock 
Execute       sc_get_portdomain kmeans 
INFO-FLOW: Model list for RTL component generation: pow_generic<double> kmeans
INFO-FLOW: Handling components in module [pow_generic_double_s] ... 
Execute       source E:/4601/proj/comp4601-project/kmeans_c/comp4601_proj/2-reduced-n-size/.autopilot/db/pow_generic_double_s.compgen.tcl 
INFO-FLOW: Found component kmeans_mul_54s_6nncg.
INFO-FLOW: Append model kmeans_mul_54s_6nncg
INFO-FLOW: Found component kmeans_mul_71ns_4ocq.
INFO-FLOW: Append model kmeans_mul_71ns_4ocq
INFO-FLOW: Found component kmeans_mul_73ns_6pcA.
INFO-FLOW: Append model kmeans_mul_73ns_6pcA
INFO-FLOW: Found component kmeans_mul_83ns_6qcK.
INFO-FLOW: Append model kmeans_mul_83ns_6qcK
INFO-FLOW: Found component kmeans_mul_92ns_6rcU.
INFO-FLOW: Append model kmeans_mul_92ns_6rcU
INFO-FLOW: Found component kmeans_mul_87ns_6sc4.
INFO-FLOW: Append model kmeans_mul_87ns_6sc4
INFO-FLOW: Found component kmeans_mul_82ns_6tde.
INFO-FLOW: Append model kmeans_mul_82ns_6tde
INFO-FLOW: Found component kmeans_mul_77ns_6udo.
INFO-FLOW: Append model kmeans_mul_77ns_6udo
INFO-FLOW: Found component kmeans_mul_80ns_1vdy.
INFO-FLOW: Append model kmeans_mul_80ns_1vdy
INFO-FLOW: Found component kmeans_mul_72ns_1wdI.
INFO-FLOW: Append model kmeans_mul_72ns_1wdI
INFO-FLOW: Found component kmeans_mul_43ns_3xdS.
INFO-FLOW: Append model kmeans_mul_43ns_3xdS
INFO-FLOW: Found component kmeans_mul_49ns_4yd2.
INFO-FLOW: Append model kmeans_mul_49ns_4yd2
INFO-FLOW: Found component kmeans_mul_50ns_5zec.
INFO-FLOW: Append model kmeans_mul_50ns_5zec
INFO-FLOW: Found component kmeans_mac_muladdAem.
INFO-FLOW: Append model kmeans_mac_muladdAem
INFO-FLOW: Found component pow_generic_doublbkb.
INFO-FLOW: Append model pow_generic_doublbkb
INFO-FLOW: Found component pow_generic_doublcud.
INFO-FLOW: Append model pow_generic_doublcud
INFO-FLOW: Found component pow_generic_doubldEe.
INFO-FLOW: Append model pow_generic_doubldEe
INFO-FLOW: Found component pow_generic_doubleOg.
INFO-FLOW: Append model pow_generic_doubleOg
INFO-FLOW: Found component pow_generic_doublfYi.
INFO-FLOW: Append model pow_generic_doublfYi
INFO-FLOW: Found component pow_generic_doublg8j.
INFO-FLOW: Append model pow_generic_doublg8j
INFO-FLOW: Found component pow_generic_doublhbi.
INFO-FLOW: Append model pow_generic_doublhbi
INFO-FLOW: Found component pow_generic_doublibs.
INFO-FLOW: Append model pow_generic_doublibs
INFO-FLOW: Found component pow_generic_doubljbC.
INFO-FLOW: Append model pow_generic_doubljbC
INFO-FLOW: Found component pow_generic_doublkbM.
INFO-FLOW: Append model pow_generic_doublkbM
INFO-FLOW: Found component pow_generic_doubllbW.
INFO-FLOW: Append model pow_generic_doubllbW
INFO-FLOW: Found component pow_generic_doublmb6.
INFO-FLOW: Append model pow_generic_doublmb6
INFO-FLOW: Handling components in module [kmeans] ... 
Execute       source E:/4601/proj/comp4601-project/kmeans_c/comp4601_proj/2-reduced-n-size/.autopilot/db/kmeans.compgen.tcl 
INFO-FLOW: Found component kmeans_faddfsub_3CeG.
INFO-FLOW: Append model kmeans_faddfsub_3CeG
INFO-FLOW: Found component kmeans_fsub_32ns_DeQ.
INFO-FLOW: Append model kmeans_fsub_32ns_DeQ
INFO-FLOW: Found component kmeans_fdiv_32ns_Ee0.
INFO-FLOW: Append model kmeans_fdiv_32ns_Ee0
INFO-FLOW: Found component kmeans_sitofp_32nFfa.
INFO-FLOW: Append model kmeans_sitofp_32nFfa
INFO-FLOW: Found component kmeans_fptrunc_64Gfk.
INFO-FLOW: Append model kmeans_fptrunc_64Gfk
INFO-FLOW: Found component kmeans_fpext_32nsHfu.
INFO-FLOW: Append model kmeans_fpext_32nsHfu
INFO-FLOW: Found component kmeans_fcmp_32ns_IfE.
INFO-FLOW: Append model kmeans_fcmp_32ns_IfE
INFO-FLOW: Found component kmeans_dadd_64ns_JfO.
INFO-FLOW: Append model kmeans_dadd_64ns_JfO
INFO-FLOW: Found component kmeans_x_data.
INFO-FLOW: Append model kmeans_x_data
INFO-FLOW: Found component kmeans_y_data.
INFO-FLOW: Append model kmeans_y_data
INFO-FLOW: Found component kmeans_data_clustBew.
INFO-FLOW: Append model kmeans_data_clustBew
INFO-FLOW: Append model pow_generic_double_s
INFO-FLOW: Append model kmeans
INFO-FLOW: Generating RTL model list ...
INFO-FLOW: All models in this session: kmeans_mul_54s_6nncg kmeans_mul_71ns_4ocq kmeans_mul_73ns_6pcA kmeans_mul_83ns_6qcK kmeans_mul_92ns_6rcU kmeans_mul_87ns_6sc4 kmeans_mul_82ns_6tde kmeans_mul_77ns_6udo kmeans_mul_80ns_1vdy kmeans_mul_72ns_1wdI kmeans_mul_43ns_3xdS kmeans_mul_49ns_4yd2 kmeans_mul_50ns_5zec kmeans_mac_muladdAem pow_generic_doublbkb pow_generic_doublcud pow_generic_doubldEe pow_generic_doubleOg pow_generic_doublfYi pow_generic_doublg8j pow_generic_doublhbi pow_generic_doublibs pow_generic_doubljbC pow_generic_doublkbM pow_generic_doubllbW pow_generic_doublmb6 kmeans_faddfsub_3CeG kmeans_fsub_32ns_DeQ kmeans_fdiv_32ns_Ee0 kmeans_sitofp_32nFfa kmeans_fptrunc_64Gfk kmeans_fpext_32nsHfu kmeans_fcmp_32ns_IfE kmeans_dadd_64ns_JfO kmeans_x_data kmeans_y_data kmeans_data_clustBew pow_generic_double_s kmeans
INFO-FLOW: To file: write model kmeans_mul_54s_6nncg
INFO-FLOW: To file: write model kmeans_mul_71ns_4ocq
INFO-FLOW: To file: write model kmeans_mul_73ns_6pcA
INFO-FLOW: To file: write model kmeans_mul_83ns_6qcK
INFO-FLOW: To file: write model kmeans_mul_92ns_6rcU
INFO-FLOW: To file: write model kmeans_mul_87ns_6sc4
INFO-FLOW: To file: write model kmeans_mul_82ns_6tde
INFO-FLOW: To file: write model kmeans_mul_77ns_6udo
INFO-FLOW: To file: write model kmeans_mul_80ns_1vdy
INFO-FLOW: To file: write model kmeans_mul_72ns_1wdI
INFO-FLOW: To file: write model kmeans_mul_43ns_3xdS
INFO-FLOW: To file: write model kmeans_mul_49ns_4yd2
INFO-FLOW: To file: write model kmeans_mul_50ns_5zec
INFO-FLOW: To file: write model kmeans_mac_muladdAem
INFO-FLOW: To file: write model pow_generic_doublbkb
INFO-FLOW: To file: write model pow_generic_doublcud
INFO-FLOW: To file: write model pow_generic_doubldEe
INFO-FLOW: To file: write model pow_generic_doubleOg
INFO-FLOW: To file: write model pow_generic_doublfYi
INFO-FLOW: To file: write model pow_generic_doublg8j
INFO-FLOW: To file: write model pow_generic_doublhbi
INFO-FLOW: To file: write model pow_generic_doublibs
INFO-FLOW: To file: write model pow_generic_doubljbC
INFO-FLOW: To file: write model pow_generic_doublkbM
INFO-FLOW: To file: write model pow_generic_doubllbW
INFO-FLOW: To file: write model pow_generic_doublmb6
INFO-FLOW: To file: write model kmeans_faddfsub_3CeG
INFO-FLOW: To file: write model kmeans_fsub_32ns_DeQ
INFO-FLOW: To file: write model kmeans_fdiv_32ns_Ee0
INFO-FLOW: To file: write model kmeans_sitofp_32nFfa
INFO-FLOW: To file: write model kmeans_fptrunc_64Gfk
INFO-FLOW: To file: write model kmeans_fpext_32nsHfu
INFO-FLOW: To file: write model kmeans_fcmp_32ns_IfE
INFO-FLOW: To file: write model kmeans_dadd_64ns_JfO
INFO-FLOW: To file: write model kmeans_x_data
INFO-FLOW: To file: write model kmeans_y_data
INFO-FLOW: To file: write model kmeans_data_clustBew
INFO-FLOW: To file: write model pow_generic_double_s
INFO-FLOW: To file: write model kmeans
INFO-FLOW: Finished generating RTL model list.


INFO-FLOW: RTL Generation done.
INFO-FLOW: CAS Generation done.
INFO-FLOW: CBC Generation done.
Execute       syn_report -model kmeans -printsummary 
INFO: [HLS 200-790] **** Loop Constraint Status: All loop constraints were satisfied.
INFO: [HLS 200-789] **** Estimated Fmax: 105.11 MHz
INFO-FLOW: DBG:CMD: auto_generate_csynth_design
INFO-FLOW: DBG:CMD:     auto_generate --sim-model -phase csynth_design -d E:/4601/proj/comp4601-project/kmeans_c/comp4601_proj/2-reduced-n-size
Execute       source E:/4601/proj/comp4601-project/kmeans_c/comp4601_proj/2-reduced-n-size/.autopilot/db/global.setting.tcl 
INFO-FLOW: DBG:CMD: read_platform_lib E:/4601/proj/comp4601-project/kmeans_c/comp4601_proj/2-reduced-n-size/.autopilot/db/global.setting.tcl
Execute       source E:/Xilinx2020.1/Vivado/2020.1/common/technology/generic/autopilot/common.gen 
Execute         source E:/Xilinx2020.1/Vivado/2020.1/common/technology/generic/autopilot/APCoreGen.gen 
Execute       source E:/Xilinx2020.1/Vivado/2020.1/common/technology/generic/autopilot/op.gen 
Execute       source E:/Xilinx2020.1/Vivado/2020.1/common/technology/generic/autopilot/op_simcore.gen 
Execute       source E:/Xilinx2020.1/Vivado/2020.1/common/technology/generic/autopilot/interface.gen 
Execute       source E:/4601/proj/comp4601-project/kmeans_c/comp4601_proj/2-reduced-n-size/.autopilot/db/global.setting.tcl 
Execute       source E:/Xilinx2020.1/Vivado/2020.1/common/technology/xilinx/zynq/zynq.gen 
Execute         source E:/Xilinx2020.1/Vivado/2020.1/common/technology/xilinx/common/xilinx.gen 
Execute           source E:/Xilinx2020.1/Vivado/2020.1/common/technology/xilinx/interface/plb46.gen 
Execute           source E:/Xilinx2020.1/Vivado/2020.1/common/technology/xilinx/interface/fsl.gen 
Execute           source E:/Xilinx2020.1/Vivado/2020.1/common/technology/xilinx/interface/axi4.gen 
Execute           source E:/Xilinx2020.1/Vivado/2020.1/common/technology/xilinx/interface/nativeAXI4.gen 
Execute             source E:/Xilinx2020.1/Vivado/2020.1/common/technology/xilinx/interface/saxilite.gen 
Execute             source E:/Xilinx2020.1/Vivado/2020.1/common/technology/xilinx/interface/maxi.gen 
Execute           source E:/Xilinx2020.1/Vivado/2020.1/common/technology/xilinx/scripts/xilinxcoregen.gen 
Execute           source E:/Xilinx2020.1/Vivado/2020.1/common/technology/xilinx/interface/XilEDKCoreGen.gen 
Execute           source E:/Xilinx2020.1/Vivado/2020.1/common/technology/xilinx/ip/dds_compiler.gen 
Execute           source E:/Xilinx2020.1/Vivado/2020.1/common/technology/xilinx/ip/util.gen 
Execute           source E:/Xilinx2020.1/Vivado/2020.1/common/technology/xilinx/ip/xfft.gen 
Execute           source E:/Xilinx2020.1/Vivado/2020.1/common/technology/xilinx/ip/xfir.gen 
Execute           source E:/Xilinx2020.1/Vivado/2020.1/common/technology/xilinx/common/dsp48.gen 
Command         ap_source done; 0.109 sec.
Command       ap_source done; 0.11 sec.
Execute       source E:/Xilinx2020.1/Vivado/2020.1/common/technology/xilinx/zynq/zynq_fpv6.gen 
Execute         source E:/Xilinx2020.1/Vivado/2020.1/common/technology/xilinx/common/xilinx_fp.gen 
INFO-FLOW: DBG:CMD:   using AESL_AUTOCG::g_clock_period=10.000 (was NA)
INFO-FLOW: DBG:CMD:       generate_ip_cores sim=1 export=0 expOnly=0 dstVlogDir=syn/verilog
Execute       source E:/4601/proj/comp4601-project/kmeans_c/comp4601_proj/2-reduced-n-size/.autopilot/db/global.setting.tcl 
Execute       ap_part_info -name xc7z020-clg484-1 -data names -quiet 
Execute       ap_part_info -name xc7z020-clg484-1 -data info -quiet 
Execute       source E:/4601/proj/comp4601-project/kmeans_c/comp4601_proj/2-reduced-n-size/.autopilot/db/global.setting.tcl 
Execute       source E:/4601/proj/comp4601-project/kmeans_c/comp4601_proj/2-reduced-n-size/.autopilot/db/global.setting.tcl 
Execute       source E:/4601/proj/comp4601-project/kmeans_c/comp4601_proj/2-reduced-n-size/.autopilot/db/pow_generic_double_s.compgen.tcl 
Execute         ap_part_info -name xc7z020-clg484-1 -data names -quiet 
Execute         ap_part_info -name xc7z020-clg484-1 -data info -quiet 
Execute         ap_part_info -name xc7z020-clg484-1 -data names -quiet 
Execute         ap_part_info -name xc7z020-clg484-1 -data info -quiet 
INFO: [RTMG 210-282] Generating pipelined core: 'kmeans_mul_54s_6nncg_MulnS_0'
Execute         ap_part_info -name xc7z020-clg484-1 -data names -quiet 
Execute         ap_part_info -name xc7z020-clg484-1 -data info -quiet 
Execute         ap_part_info -name xc7z020-clg484-1 -data names -quiet 
Execute         ap_part_info -name xc7z020-clg484-1 -data info -quiet 
INFO: [RTMG 210-282] Generating pipelined core: 'kmeans_mul_71ns_4ocq_MulnS_1'
Execute         ap_part_info -name xc7z020-clg484-1 -data names -quiet 
Execute         ap_part_info -name xc7z020-clg484-1 -data info -quiet 
Execute         ap_part_info -name xc7z020-clg484-1 -data names -quiet 
Execute         ap_part_info -name xc7z020-clg484-1 -data info -quiet 
INFO: [RTMG 210-282] Generating pipelined core: 'kmeans_mul_73ns_6pcA_MulnS_2'
Execute         ap_part_info -name xc7z020-clg484-1 -data names -quiet 
Execute         ap_part_info -name xc7z020-clg484-1 -data info -quiet 
Execute         ap_part_info -name xc7z020-clg484-1 -data names -quiet 
Execute         ap_part_info -name xc7z020-clg484-1 -data info -quiet 
INFO: [RTMG 210-282] Generating pipelined core: 'kmeans_mul_83ns_6qcK_MulnS_3'
Execute         ap_part_info -name xc7z020-clg484-1 -data names -quiet 
Execute         ap_part_info -name xc7z020-clg484-1 -data info -quiet 
Execute         ap_part_info -name xc7z020-clg484-1 -data names -quiet 
Execute         ap_part_info -name xc7z020-clg484-1 -data info -quiet 
INFO: [RTMG 210-282] Generating pipelined core: 'kmeans_mul_92ns_6rcU_MulnS_4'
Execute         ap_part_info -name xc7z020-clg484-1 -data names -quiet 
Execute         ap_part_info -name xc7z020-clg484-1 -data info -quiet 
Execute         ap_part_info -name xc7z020-clg484-1 -data names -quiet 
Execute         ap_part_info -name xc7z020-clg484-1 -data info -quiet 
INFO: [RTMG 210-282] Generating pipelined core: 'kmeans_mul_87ns_6sc4_MulnS_5'
Execute         ap_part_info -name xc7z020-clg484-1 -data names -quiet 
Execute         ap_part_info -name xc7z020-clg484-1 -data info -quiet 
Execute         ap_part_info -name xc7z020-clg484-1 -data names -quiet 
Execute         ap_part_info -name xc7z020-clg484-1 -data info -quiet 
INFO: [RTMG 210-282] Generating pipelined core: 'kmeans_mul_82ns_6tde_MulnS_6'
Execute         ap_part_info -name xc7z020-clg484-1 -data names -quiet 
Execute         ap_part_info -name xc7z020-clg484-1 -data info -quiet 
Execute         ap_part_info -name xc7z020-clg484-1 -data names -quiet 
Execute         ap_part_info -name xc7z020-clg484-1 -data info -quiet 
INFO: [RTMG 210-282] Generating pipelined core: 'kmeans_mul_77ns_6udo_MulnS_7'
Execute         ap_part_info -name xc7z020-clg484-1 -data names -quiet 
Execute         ap_part_info -name xc7z020-clg484-1 -data info -quiet 
Execute         ap_part_info -name xc7z020-clg484-1 -data names -quiet 
Execute         ap_part_info -name xc7z020-clg484-1 -data info -quiet 
INFO: [RTMG 210-282] Generating pipelined core: 'kmeans_mul_80ns_1vdy_MulnS_8'
Execute         ap_part_info -name xc7z020-clg484-1 -data names -quiet 
Execute         ap_part_info -name xc7z020-clg484-1 -data info -quiet 
Execute         ap_part_info -name xc7z020-clg484-1 -data names -quiet 
Execute         ap_part_info -name xc7z020-clg484-1 -data info -quiet 
INFO: [RTMG 210-282] Generating pipelined core: 'kmeans_mul_72ns_1wdI_MulnS_9'
Execute         ap_part_info -name xc7z020-clg484-1 -data names -quiet 
Execute         ap_part_info -name xc7z020-clg484-1 -data info -quiet 
Execute         ap_part_info -name xc7z020-clg484-1 -data names -quiet 
Execute         ap_part_info -name xc7z020-clg484-1 -data info -quiet 
INFO: [RTMG 210-282] Generating pipelined core: 'kmeans_mul_43ns_3xdS_MulnS_10'
Execute         ap_part_info -name xc7z020-clg484-1 -data names -quiet 
Execute         ap_part_info -name xc7z020-clg484-1 -data info -quiet 
Execute         ap_part_info -name xc7z020-clg484-1 -data names -quiet 
Execute         ap_part_info -name xc7z020-clg484-1 -data info -quiet 
INFO: [RTMG 210-282] Generating pipelined core: 'kmeans_mul_49ns_4yd2_MulnS_11'
Execute         ap_part_info -name xc7z020-clg484-1 -data names -quiet 
Execute         ap_part_info -name xc7z020-clg484-1 -data info -quiet 
Execute         ap_part_info -name xc7z020-clg484-1 -data names -quiet 
Execute         ap_part_info -name xc7z020-clg484-1 -data info -quiet 
INFO: [RTMG 210-282] Generating pipelined core: 'kmeans_mul_50ns_5zec_MulnS_12'
Execute         ap_part_info -name xc7z020-clg484-1 -data names -quiet 
Execute         ap_part_info -name xc7z020-clg484-1 -data info -quiet 
Execute         ap_part_info -name xc7z020-clg484-1 -data info 
Execute         ap_part_info -name xc7z020-clg484-1 -data names -quiet 
Execute         ap_part_info -name xc7z020-clg484-1 -data info -quiet 
INFO: [RTMG 210-279] Implementing memory 'pow_generic_doublbkb_rom' using distributed ROMs.
Execute         ap_part_info -name xc7z020-clg484-1 -data names -quiet 
Execute         ap_part_info -name xc7z020-clg484-1 -data info -quiet 
Execute         ap_part_info -name xc7z020-clg484-1 -data names -quiet 
Execute         ap_part_info -name xc7z020-clg484-1 -data info -quiet 
Execute         ap_part_info -name xc7z020-clg484-1 -data names -quiet 
Execute         ap_part_info -name xc7z020-clg484-1 -data info -quiet 
INFO: [RTMG 210-279] Implementing memory 'pow_generic_doublcud_rom' using auto ROMs.
Execute         ap_part_info -name xc7z020-clg484-1 -data names -quiet 
Execute         ap_part_info -name xc7z020-clg484-1 -data info -quiet 
Execute         ap_part_info -name xc7z020-clg484-1 -data names -quiet 
Execute         ap_part_info -name xc7z020-clg484-1 -data info -quiet 
Execute         ap_part_info -name xc7z020-clg484-1 -data names -quiet 
Execute         ap_part_info -name xc7z020-clg484-1 -data info -quiet 
INFO: [RTMG 210-279] Implementing memory 'pow_generic_doubldEe_rom' using auto ROMs.
Execute         ap_part_info -name xc7z020-clg484-1 -data names -quiet 
Execute         ap_part_info -name xc7z020-clg484-1 -data info -quiet 
Execute         ap_part_info -name xc7z020-clg484-1 -data names -quiet 
Execute         ap_part_info -name xc7z020-clg484-1 -data info -quiet 
Execute         ap_part_info -name xc7z020-clg484-1 -data names -quiet 
Execute         ap_part_info -name xc7z020-clg484-1 -data info -quiet 
INFO: [RTMG 210-279] Implementing memory 'pow_generic_doubleOg_rom' using auto ROMs.
Execute         ap_part_info -name xc7z020-clg484-1 -data names -quiet 
Execute         ap_part_info -name xc7z020-clg484-1 -data info -quiet 
Execute         ap_part_info -name xc7z020-clg484-1 -data names -quiet 
Execute         ap_part_info -name xc7z020-clg484-1 -data info -quiet 
Execute         ap_part_info -name xc7z020-clg484-1 -data names -quiet 
Execute         ap_part_info -name xc7z020-clg484-1 -data info -quiet 
INFO: [RTMG 210-279] Implementing memory 'pow_generic_doublfYi_rom' using auto ROMs.
Execute         ap_part_info -name xc7z020-clg484-1 -data names -quiet 
Execute         ap_part_info -name xc7z020-clg484-1 -data info -quiet 
Execute         ap_part_info -name xc7z020-clg484-1 -data names -quiet 
Execute         ap_part_info -name xc7z020-clg484-1 -data info -quiet 
Execute         ap_part_info -name xc7z020-clg484-1 -data names -quiet 
Execute         ap_part_info -name xc7z020-clg484-1 -data info -quiet 
INFO: [RTMG 210-279] Implementing memory 'pow_generic_doublg8j_rom' using auto ROMs.
Execute         ap_part_info -name xc7z020-clg484-1 -data names -quiet 
Execute         ap_part_info -name xc7z020-clg484-1 -data info -quiet 
Execute         ap_part_info -name xc7z020-clg484-1 -data names -quiet 
Execute         ap_part_info -name xc7z020-clg484-1 -data info -quiet 
Execute         ap_part_info -name xc7z020-clg484-1 -data names -quiet 
Execute         ap_part_info -name xc7z020-clg484-1 -data info -quiet 
INFO: [RTMG 210-279] Implementing memory 'pow_generic_doublhbi_rom' using auto ROMs.
Execute         ap_part_info -name xc7z020-clg484-1 -data names -quiet 
Execute         ap_part_info -name xc7z020-clg484-1 -data info -quiet 
Execute         ap_part_info -name xc7z020-clg484-1 -data names -quiet 
Execute         ap_part_info -name xc7z020-clg484-1 -data info -quiet 
Execute         ap_part_info -name xc7z020-clg484-1 -data names -quiet 
Execute         ap_part_info -name xc7z020-clg484-1 -data info -quiet 
INFO: [RTMG 210-279] Implementing memory 'pow_generic_doublibs_rom' using auto ROMs.
Execute         ap_part_info -name xc7z020-clg484-1 -data names -quiet 
Execute         ap_part_info -name xc7z020-clg484-1 -data info -quiet 
Execute         ap_part_info -name xc7z020-clg484-1 -data names -quiet 
Execute         ap_part_info -name xc7z020-clg484-1 -data info -quiet 
Execute         ap_part_info -name xc7z020-clg484-1 -data names -quiet 
Execute         ap_part_info -name xc7z020-clg484-1 -data info -quiet 
INFO: [RTMG 210-279] Implementing memory 'pow_generic_doubljbC_rom' using auto ROMs.
Execute         ap_part_info -name xc7z020-clg484-1 -data names -quiet 
Execute         ap_part_info -name xc7z020-clg484-1 -data info -quiet 
Execute         ap_part_info -name xc7z020-clg484-1 -data names -quiet 
Execute         ap_part_info -name xc7z020-clg484-1 -data info -quiet 
Execute         ap_part_info -name xc7z020-clg484-1 -data names -quiet 
Execute         ap_part_info -name xc7z020-clg484-1 -data info -quiet 
INFO: [RTMG 210-279] Implementing memory 'pow_generic_doublkbM_rom' using auto ROMs.
Execute         ap_part_info -name xc7z020-clg484-1 -data names -quiet 
Execute         ap_part_info -name xc7z020-clg484-1 -data info -quiet 
Execute         ap_part_info -name xc7z020-clg484-1 -data names -quiet 
Execute         ap_part_info -name xc7z020-clg484-1 -data info -quiet 
Execute         ap_part_info -name xc7z020-clg484-1 -data names -quiet 
Execute         ap_part_info -name xc7z020-clg484-1 -data info -quiet 
INFO: [RTMG 210-279] Implementing memory 'pow_generic_doubllbW_rom' using auto ROMs.
Execute         ap_part_info -name xc7z020-clg484-1 -data names -quiet 
Execute         ap_part_info -name xc7z020-clg484-1 -data info -quiet 
Execute         ap_part_info -name xc7z020-clg484-1 -data names -quiet 
Execute         ap_part_info -name xc7z020-clg484-1 -data info -quiet 
Execute         ap_part_info -name xc7z020-clg484-1 -data names -quiet 
Execute         ap_part_info -name xc7z020-clg484-1 -data info -quiet 
Execute         ap_part_info -name xc7z020-clg484-1 -data names -quiet 
Execute         ap_part_info -name xc7z020-clg484-1 -data info -quiet 
INFO: [RTMG 210-279] Implementing memory 'pow_generic_doublmb6_rom' using auto ROMs.
Execute         ap_part_info -name xc7z020-clg484-1 -data names -quiet 
Execute         ap_part_info -name xc7z020-clg484-1 -data info -quiet 
Execute         ap_part_info -name xc7z020-clg484-1 -data names -quiet 
Execute         ap_part_info -name xc7z020-clg484-1 -data info -quiet 
Command       ap_source done; 2.137 sec.
Execute       source E:/4601/proj/comp4601-project/kmeans_c/comp4601_proj/2-reduced-n-size/.autopilot/db/kmeans.compgen.tcl 
Execute         ap_part_info -name xc7z020-clg484-1 -data names -quiet 
Execute         ap_part_info -name xc7z020-clg484-1 -data info -quiet 
Execute         ap_part_info -name xc7z020-clg484-1 -data names -quiet 
Execute         ap_part_info -name xc7z020-clg484-1 -data info -quiet 
Execute         ap_part_info -name xc7z020-clg484-1 -data names -quiet 
Execute         ap_part_info -name xc7z020-clg484-1 -data info -quiet 
Execute         ap_part_info -name xc7z020-clg484-1 -data names -quiet 
Execute         ap_part_info -name xc7z020-clg484-1 -data info -quiet 
Execute         ap_part_info -name xc7z020-clg484-1 -data names -quiet 
Execute         ap_part_info -name xc7z020-clg484-1 -data info -quiet 
Execute         ap_part_info -name xc7z020-clg484-1 -data names -quiet 
Execute         ap_part_info -name xc7z020-clg484-1 -data info -quiet 
Execute         ap_part_info -name xc7z020-clg484-1 -data names -quiet 
Execute         ap_part_info -name xc7z020-clg484-1 -data info -quiet 
Execute         ap_part_info -name xc7z020-clg484-1 -data names -quiet 
Execute         ap_part_info -name xc7z020-clg484-1 -data info -quiet 
Execute         ap_part_info -name xc7z020-clg484-1 -data names -quiet 
Execute         ap_part_info -name xc7z020-clg484-1 -data info -quiet 
INFO: [RTMG 210-279] Implementing memory 'kmeans_x_data_rom' using auto ROMs.
Execute         ap_part_info -name xc7z020-clg484-1 -data names -quiet 
Execute         ap_part_info -name xc7z020-clg484-1 -data info -quiet 
Execute         ap_part_info -name xc7z020-clg484-1 -data names -quiet 
Execute         ap_part_info -name xc7z020-clg484-1 -data info -quiet 
Execute         ap_part_info -name xc7z020-clg484-1 -data names -quiet 
Execute         ap_part_info -name xc7z020-clg484-1 -data info -quiet 
INFO: [RTMG 210-279] Implementing memory 'kmeans_y_data_rom' using auto ROMs.
Execute         ap_part_info -name xc7z020-clg484-1 -data names -quiet 
Execute         ap_part_info -name xc7z020-clg484-1 -data info -quiet 
Execute         ap_part_info -name xc7z020-clg484-1 -data names -quiet 
Execute         ap_part_info -name xc7z020-clg484-1 -data info -quiet 
INFO: [RTMG 210-278] Implementing memory 'kmeans_data_clustBew_ram (RAM)' using distributed RAMs.
Execute         ap_part_info -name xc7z020-clg484-1 -data names -quiet 
Execute         ap_part_info -name xc7z020-clg484-1 -data info -quiet 
Command       ap_source done; 0.635 sec.
INFO-FLOW: DBG:CMD:     auto_generate -export -impltomg_flag -rtl both -tool Vivado -pcore_version 1.00.a -phase csynth_design -d E:/4601/proj/comp4601-project/kmeans_c/comp4601_proj/2-reduced-n-size
Execute       source E:/4601/proj/comp4601-project/kmeans_c/comp4601_proj/2-reduced-n-size/.autopilot/db/global.setting.tcl 
INFO-FLOW: DBG:CMD: read_platform_lib E:/4601/proj/comp4601-project/kmeans_c/comp4601_proj/2-reduced-n-size/.autopilot/db/global.setting.tcl
Execute       source E:/Xilinx2020.1/Vivado/2020.1/common/technology/generic/autopilot/common.gen 
Execute         source E:/Xilinx2020.1/Vivado/2020.1/common/technology/generic/autopilot/APCoreGen.gen 
Execute       source E:/Xilinx2020.1/Vivado/2020.1/common/technology/generic/autopilot/op.gen 
Execute       source E:/Xilinx2020.1/Vivado/2020.1/common/technology/generic/autopilot/op_simcore.gen 
Execute       source E:/Xilinx2020.1/Vivado/2020.1/common/technology/generic/autopilot/interface.gen 
Execute       source E:/4601/proj/comp4601-project/kmeans_c/comp4601_proj/2-reduced-n-size/.autopilot/db/global.setting.tcl 
Execute       source E:/Xilinx2020.1/Vivado/2020.1/common/technology/xilinx/zynq/zynq.gen 
Execute         source E:/Xilinx2020.1/Vivado/2020.1/common/technology/xilinx/common/xilinx.gen 
Execute           source E:/Xilinx2020.1/Vivado/2020.1/common/technology/xilinx/interface/plb46.gen 
Execute           source E:/Xilinx2020.1/Vivado/2020.1/common/technology/xilinx/interface/fsl.gen 
Execute           source E:/Xilinx2020.1/Vivado/2020.1/common/technology/xilinx/interface/axi4.gen 
Execute           source E:/Xilinx2020.1/Vivado/2020.1/common/technology/xilinx/interface/nativeAXI4.gen 
Execute             source E:/Xilinx2020.1/Vivado/2020.1/common/technology/xilinx/interface/saxilite.gen 
Execute             source E:/Xilinx2020.1/Vivado/2020.1/common/technology/xilinx/interface/maxi.gen 
Execute           source E:/Xilinx2020.1/Vivado/2020.1/common/technology/xilinx/scripts/xilinxcoregen.gen 
Execute           source E:/Xilinx2020.1/Vivado/2020.1/common/technology/xilinx/interface/XilEDKCoreGen.gen 
Execute           source E:/Xilinx2020.1/Vivado/2020.1/common/technology/xilinx/ip/dds_compiler.gen 
Execute           source E:/Xilinx2020.1/Vivado/2020.1/common/technology/xilinx/ip/util.gen 
Execute           source E:/Xilinx2020.1/Vivado/2020.1/common/technology/xilinx/ip/xfft.gen 
Execute           source E:/Xilinx2020.1/Vivado/2020.1/common/technology/xilinx/ip/xfir.gen 
Execute           source E:/Xilinx2020.1/Vivado/2020.1/common/technology/xilinx/common/dsp48.gen 
Command         ap_source done; 0.114 sec.
Command       ap_source done; 0.114 sec.
Execute       source E:/Xilinx2020.1/Vivado/2020.1/common/technology/xilinx/zynq/zynq_fpv6.gen 
Execute         source E:/Xilinx2020.1/Vivado/2020.1/common/technology/xilinx/common/xilinx_fp.gen 
INFO-FLOW: DBG:CMD:       initCTypeInfo top_module=kmeans xml_exists=0
Execute       source E:/4601/proj/comp4601-project/kmeans_c/comp4601_proj/2-reduced-n-size/.autopilot/db/kmeans.rtl_wrap.cfg.tcl 
Execute       source E:/4601/proj/comp4601-project/kmeans_c/comp4601_proj/2-reduced-n-size/.autopilot/db/kmeans.rtl_wrap.cfg.tcl 
Execute       source E:/4601/proj/comp4601-project/kmeans_c/comp4601_proj/2-reduced-n-size/.autopilot/db/kmeans.rtl_wrap.cfg.tcl 
Execute       source E:/4601/proj/comp4601-project/kmeans_c/comp4601_proj/2-reduced-n-size/.autopilot/db/kmeans.tbgen.tcl 
Execute       source E:/4601/proj/comp4601-project/kmeans_c/comp4601_proj/2-reduced-n-size/.autopilot/db/kmeans.tbgen.tcl 
INFO-FLOW: DBG:CMD:       export_impl_rtl
INFO-FLOW: DBG:CMD:       generate_ip_cores sim=0 export=0 expOnly=0 dstVlogDir=impl/.verilog
Execute       source E:/4601/proj/comp4601-project/kmeans_c/comp4601_proj/2-reduced-n-size/.autopilot/db/global.setting.tcl 
Execute       source E:/4601/proj/comp4601-project/kmeans_c/comp4601_proj/2-reduced-n-size/.autopilot/db/pow_generic_double_s.compgen.tcl 
Execute       source E:/4601/proj/comp4601-project/kmeans_c/comp4601_proj/2-reduced-n-size/.autopilot/db/kmeans.compgen.tcl 
Execute         ap_part_info -name xc7z020-clg484-1 -data names -quiet 
Execute         ap_part_info -name xc7z020-clg484-1 -data info -quiet 
Execute         ap_part_info -name xc7z020-clg484-1 -data names -quiet 
Execute         ap_part_info -name xc7z020-clg484-1 -data info -quiet 
Execute         ap_part_info -name xc7z020-clg484-1 -data names -quiet 
Execute         ap_part_info -name xc7z020-clg484-1 -data info -quiet 
Execute         ap_part_info -name xc7z020-clg484-1 -data names -quiet 
Execute         ap_part_info -name xc7z020-clg484-1 -data info -quiet 
Execute         ap_part_info -name xc7z020-clg484-1 -data names -quiet 
Execute         ap_part_info -name xc7z020-clg484-1 -data info -quiet 
Execute         ap_part_info -name xc7z020-clg484-1 -data names -quiet 
Execute         ap_part_info -name xc7z020-clg484-1 -data info -quiet 
Execute         ap_part_info -name xc7z020-clg484-1 -data names -quiet 
Execute         ap_part_info -name xc7z020-clg484-1 -data info -quiet 
Execute         ap_part_info -name xc7z020-clg484-1 -data names -quiet 
Execute         ap_part_info -name xc7z020-clg484-1 -data info -quiet 
Command       ap_source done; 0.341 sec.
INFO-FLOW: DBG:CMD:       generate_ip_cores sim=0 export=1 expOnly=1 dstVlogDir=impl/.pcores/verilog
Execute       source E:/4601/proj/comp4601-project/kmeans_c/comp4601_proj/2-reduced-n-size/.autopilot/db/global.setting.tcl 
Execute       source E:/4601/proj/comp4601-project/kmeans_c/comp4601_proj/2-reduced-n-size/.autopilot/db/pow_generic_double_s.compgen.tcl 
Execute       source E:/4601/proj/comp4601-project/kmeans_c/comp4601_proj/2-reduced-n-size/.autopilot/db/kmeans.compgen.tcl 
Execute         ap_part_info -name xc7z020-clg484-1 -data names -quiet 
Execute         ap_part_info -name xc7z020-clg484-1 -data info -quiet 
Execute         ap_part_info -name xc7z020-clg484-1 -data names -quiet 
Execute         ap_part_info -name xc7z020-clg484-1 -data info -quiet 
Execute         source E:/4601/proj/comp4601-project/kmeans_c/comp4601_proj/2-reduced-n-size/.autopilot/db/kmeans.tbgen.tcl 
Execute         source E:/4601/proj/comp4601-project/kmeans_c/comp4601_proj/2-reduced-n-size/.autopilot/db/kmeans.tbgen.tcl 
Execute         ap_part_info -name xc7z020-clg484-1 -data names -quiet 
Execute         ap_part_info -name xc7z020-clg484-1 -data info -quiet 
Execute         ap_part_info -name xc7z020-clg484-1 -data names -quiet 
Execute         ap_part_info -name xc7z020-clg484-1 -data info -quiet 
Execute         ap_part_info -name xc7z020-clg484-1 -data names -quiet 
Execute         ap_part_info -name xc7z020-clg484-1 -data info -quiet 
Execute         ap_part_info -name xc7z020-clg484-1 -data names -quiet 
Execute         ap_part_info -name xc7z020-clg484-1 -data info -quiet 
Execute         ap_part_info -name xc7z020-clg484-1 -data names -quiet 
Execute         ap_part_info -name xc7z020-clg484-1 -data info -quiet 
Command       ap_source done; 0.268 sec.
Execute       ap_part_info -name xc7z020-clg484-1 -data names -quiet 
Execute       ap_part_info -name xc7z020-clg484-1 -data info -quiet 
INFO-FLOW: DBG:CMD:       generate_ip_cores sim=0 export=0 expOnly=0 dstVlogDir=impl/.pcores/verilog_sim
Execute       source E:/4601/proj/comp4601-project/kmeans_c/comp4601_proj/2-reduced-n-size/.autopilot/db/global.setting.tcl 
Execute       source E:/4601/proj/comp4601-project/kmeans_c/comp4601_proj/2-reduced-n-size/.autopilot/db/pow_generic_double_s.compgen.tcl 
Execute       source E:/4601/proj/comp4601-project/kmeans_c/comp4601_proj/2-reduced-n-size/.autopilot/db/kmeans.compgen.tcl 
Execute       ap_part_info -name xc7z020-clg484-1 -data names -quiet 
Execute       ap_part_info -name xc7z020-clg484-1 -data info -quiet 
Execute       ap_part_info -name xc7z020-clg484-1 -data names -quiet 
Execute       ap_part_info -name xc7z020-clg484-1 -data info -quiet 
Execute       source E:/4601/proj/comp4601-project/kmeans_c/comp4601_proj/2-reduced-n-size/.autopilot/db/global.setting.tcl 
Execute       ap_part_info -name xc7z020-clg484-1 -data names -quiet 
Execute       ap_part_info -name xc7z020-clg484-1 -data info -quiet 
Execute       source E:/4601/proj/comp4601-project/kmeans_c/comp4601_proj/2-reduced-n-size/.autopilot/db/kmeans.constraint.tcl 
Execute       source E:/4601/proj/comp4601-project/kmeans_c/comp4601_proj/2-reduced-n-size/.autopilot/db/kmeans.tbgen.tcl 
INFO-FLOW: DBG:CMD:       hasPcoreIpAdapter=false #gSsdmPorts=6
INFO-FLOW: DBG:CMD: Skipping loadAnalyze_DB, #g_database=2
INFO-FLOW: DBG:CMD:       generate_json is_phase_csynth=1 g_has_adaptors=false generate_bd_files=0 #modelList=39 #gSsdmPorts=6
Execute       source E:/Xilinx2020.1/Vivado/2020.1/tps/tcl/tcllib1.11.1/fileutil/fileutil.tcl 
Execute         source E:/Xilinx2020.1/Vivado/2020.1/tps/tcl/tcllib1.11.1/cmdline/cmdline.tcl 
Execute       source E:/4601/proj/comp4601-project/kmeans_c/comp4601_proj/2-reduced-n-size/.autopilot/db/global.setting.tcl 
Execute       source E:/4601/proj/comp4601-project/kmeans_c/comp4601_proj/2-reduced-n-size/.autopilot/db/global.setting.tcl 
Execute       get_config_export -xo 
Execute       source E:/4601/proj/comp4601-project/kmeans_c/comp4601_proj/2-reduced-n-size/.autopilot/db/kmeans.tbgen.tcl 
Execute       source E:/4601/proj/comp4601-project/kmeans_c/comp4601_proj/2-reduced-n-size/.autopilot/db/kmeans.tbgen.tcl 
Execute       source E:/4601/proj/comp4601-project/kmeans_c/comp4601_proj/2-reduced-n-size/.autopilot/db/kmeans.tbgen.tcl 
Execute       source E:/4601/proj/comp4601-project/kmeans_c/comp4601_proj/2-reduced-n-size/.autopilot/db/kmeans.tbgen.tcl 
Execute       source E:/4601/proj/comp4601-project/kmeans_c/comp4601_proj/2-reduced-n-size/.autopilot/db/kmeans.tbgen.tcl 
Execute       source E:/4601/proj/comp4601-project/kmeans_c/comp4601_proj/2-reduced-n-size/.autopilot/db/kmeans.tbgen.tcl 
Execute       source E:/4601/proj/comp4601-project/kmeans_c/comp4601_proj/2-reduced-n-size/.autopilot/db/global.setting.tcl 
Execute       get_config_sdx -target 
Execute       source E:/4601/proj/comp4601-project/kmeans_c/comp4601_proj/2-reduced-n-size/.autopilot/db/kmeans.rtl_wrap.cfg.tcl 
Execute       source E:/4601/proj/comp4601-project/kmeans_c/comp4601_proj/2-reduced-n-size/.autopilot/db/kmeans.compgen.dataonly.tcl 
Execute       source E:/4601/proj/comp4601-project/kmeans_c/comp4601_proj/2-reduced-n-size/.autopilot/db/global.setting.tcl 
Execute       ap_part_info -name xc7z020-clg484-1 -data names -quiet 
Execute       ap_part_info -name xc7z020-clg484-1 -data info -quiet 
Execute       source E:/4601/proj/comp4601-project/kmeans_c/comp4601_proj/2-reduced-n-size/.autopilot/db/kmeans.constraint.tcl 
Execute       sc_get_clocks kmeans 
Execute       ap_part_info -name xc7z020-clg484-1 -data names -quiet 
Execute       ap_part_info -name xc7z020-clg484-1 -data info -quiet 
Execute       source E:/4601/proj/comp4601-project/kmeans_c/comp4601_proj/2-reduced-n-size/.autopilot/db/global.setting.tcl 
Execute       get_config_debug -directory 
Execute       source E:/4601/proj/comp4601-project/kmeans_c/comp4601_proj/2-reduced-n-size/impl/misc/kmeans_ap_dadd_3_full_dsp_64_ip.tcl 
Execute       source E:/4601/proj/comp4601-project/kmeans_c/comp4601_proj/2-reduced-n-size/impl/misc/kmeans_ap_faddfsub_3_full_dsp_32_ip.tcl 
Execute       source E:/4601/proj/comp4601-project/kmeans_c/comp4601_proj/2-reduced-n-size/impl/misc/kmeans_ap_fcmp_0_no_dsp_32_ip.tcl 
Execute       source E:/4601/proj/comp4601-project/kmeans_c/comp4601_proj/2-reduced-n-size/impl/misc/kmeans_ap_fdiv_14_no_dsp_32_ip.tcl 
Execute       source E:/4601/proj/comp4601-project/kmeans_c/comp4601_proj/2-reduced-n-size/impl/misc/kmeans_ap_fpext_0_no_dsp_32_ip.tcl 
Execute       source E:/4601/proj/comp4601-project/kmeans_c/comp4601_proj/2-reduced-n-size/impl/misc/kmeans_ap_fptrunc_0_no_dsp_64_ip.tcl 
Execute       source E:/4601/proj/comp4601-project/kmeans_c/comp4601_proj/2-reduced-n-size/impl/misc/kmeans_ap_fsub_3_full_dsp_32_ip.tcl 
Execute       source E:/4601/proj/comp4601-project/kmeans_c/comp4601_proj/2-reduced-n-size/impl/misc/kmeans_ap_sitofp_4_no_dsp_32_ip.tcl 
Execute       source E:/4601/proj/comp4601-project/kmeans_c/comp4601_proj/2-reduced-n-size/.autopilot/db/pow_generic_double_s.tbgen.tcl 
Execute       source E:/4601/proj/comp4601-project/kmeans_c/comp4601_proj/2-reduced-n-size/.autopilot/db/kmeans.tbgen.tcl 
Execute       get_config_sdx -target 
Execute       get_config_sdx -profile 
Execute       get_config_rtl -kernel_profile 
Execute       get_config_rtl -stall_sig_gen 
Execute       get_config_rtl -profile 
INFO-FLOW: DBG:CMD: add_json_sdx_info kernel file does not exist, skipping opencl info: E:/4601/proj/comp4601-project/kmeans_c/comp4601_proj/2-reduced-n-size/.autopilot/db/kernel.internal.xml
INFO-FLOW: DBG:CMD:       delete-temp-dirs (skipped for debug)
INFO: [HLS 200-111] Finished generating all RTL models Time (s): cpu = 00:00:19 ; elapsed = 00:00:30 . Memory (MB): peak = 992.086 ; gain = 897.543
INFO: [VHDL 208-304] Generating VHDL RTL for kmeans.
INFO: [VLOG 209-307] Generating Verilog RTL for kmeans.
Command     autosyn done; 13.248 sec.
Command   csynth_design done; 28.28 sec.
Command ap_source done; 29.643 sec.
Execute cleanup_all 
