INFO: Applying HLS Y2K22 patch v1.2 for IP revision
INFO: [HLS 200-10] Running 'E:/Xilinx/Vivado/2020.1/bin/unwrapped/win64.o/vivado_hls.exe'
INFO: [HLS 200-10] For user 'Alex Wan' on host 'desktop-aagu0qj' (Windows NT_amd64 version 6.2) on Fri Jul 22 17:50:00 +1000 2022
INFO: [HLS 200-10] In directory 'D:/comp4601-project/kmeans_c'
Sourcing Tcl script 'D:/comp4601-project/kmeans_c/kmeans_proj/solution5/csynth.tcl'
INFO: [HLS 200-10] Opening project 'D:/comp4601-project/kmeans_c/kmeans_proj'.
INFO: [HLS 200-10] Adding design file 'kmeans.h' to the project
INFO: [HLS 200-10] Adding design file 'kmeans.cpp' to the project
INFO: [HLS 200-10] Adding test bench file 'kmeans_tb.cpp' to the project
INFO: [HLS 200-10] Opening solution 'D:/comp4601-project/kmeans_c/kmeans_proj/solution5'.
INFO: [SYN 201-201] Setting up clock 'default' with a period of 10ns.
INFO: [HLS 200-10] Setting target device to 'xc7z020-clg484-1'
INFO: [SCHED 204-61] Option 'relax_ii_for_timing' is enabled, will increase II to preserve clock frequency constraints.
INFO: [HLS 200-10] Analyzing design file 'kmeans.cpp' ... 
INFO: [HLS 200-111] Finished Linking Time (s): cpu = 00:00:02 ; elapsed = 00:00:10 . Memory (MB): peak = 980.211 ; gain = 886.320
INFO: [HLS 200-111] Finished Checking Pragmas Time (s): cpu = 00:00:02 ; elapsed = 00:00:10 . Memory (MB): peak = 980.211 ; gain = 886.320
INFO: [HLS 200-10] Starting code transformations ...
INFO: [HLS 200-489] Unrolling loop 'kmeans_distance_inner' (kmeans.cpp:33) in function 'kmeans()' completely with a factor of 1.
INFO: [HLS 200-111] Finished Standard Transforms Time (s): cpu = 00:00:02 ; elapsed = 00:00:11 . Memory (MB): peak = 980.211 ; gain = 886.320
INFO: [HLS 200-10] Checking synthesizability ...
INFO: [HLS 200-111] Finished Checking Synthesizability Time (s): cpu = 00:00:02 ; elapsed = 00:00:11 . Memory (MB): peak = 980.211 ; gain = 886.320
INFO: [HLS 200-489] Unrolling loop 'kmeans_distance_outer' (kmeans.cpp:30) in function 'kmeans' completely with a factor of 50.
INFO: [XFORM 203-401] Performing if-conversion on hyperblock from (kmeans.cpp:50:17) to (kmeans.cpp:49:32) in function 'kmeans'... converting 3 basic blocks.
INFO: [HLS 200-111] Finished Pre-synthesis Time (s): cpu = 00:00:02 ; elapsed = 00:00:11 . Memory (MB): peak = 980.211 ; gain = 886.320
INFO: [HLS 200-472] Inferring partial write operation for 'centroids_x.V' (kmeans.cpp:20:6)
INFO: [HLS 200-472] Inferring partial write operation for 'centroids_y.V' (kmeans.cpp:21:6)
INFO: [HLS 200-472] Inferring partial write operation for 'data_cluster_id' (kmeans.cpp:40:13)
INFO: [HLS 200-472] Inferring partial write operation for 'centroids_x.V' (kmeans.cpp:58:34)
INFO: [HLS 200-472] Inferring partial write operation for 'centroids_y.V' (kmeans.cpp:59:34)
INFO: [HLS 200-111] Finished Architecture Synthesis Time (s): cpu = 00:00:02 ; elapsed = 00:00:12 . Memory (MB): peak = 980.211 ; gain = 886.320
INFO: [HLS 200-10] Starting hardware synthesis ...
INFO: [HLS 200-10] Synthesizing 'kmeans' ...
INFO: [HLS 200-10] ----------------------------------------------------------------
INFO: [HLS 200-42] -- Implementing module 'abs_custom' 
INFO: [HLS 200-10] ----------------------------------------------------------------
INFO: [SCHED 204-11] Starting scheduling ...
INFO: [SCHED 204-11] Finished scheduling.
INFO: [HLS 200-111]  Elapsed time: 11.764 seconds; current allocated memory: 154.547 MB.
INFO: [BIND 205-100] Starting micro-architecture generation ...
INFO: [BIND 205-101] Performing variable lifetime analysis.
INFO: [BIND 205-101] Exploring resource sharing.
INFO: [BIND 205-101] Binding ...
INFO: [BIND 205-100] Finished micro-architecture generation.
INFO: [HLS 200-111]  Elapsed time: 0.046 seconds; current allocated memory: 154.595 MB.
INFO: [HLS 200-10] ----------------------------------------------------------------
INFO: [HLS 200-42] -- Implementing module 'kmeans' 
INFO: [HLS 200-10] ----------------------------------------------------------------
INFO: [SCHED 204-11] Starting scheduling ...
WARNING: [SCHED 204-21] Estimated clock period (10.8896ns) exceeds the target (target clock period: 10ns, clock uncertainty: 1.25ns, effective delay budget: 8.75ns).
WARNING: [SCHED 204-21] The critical path in module 'kmeans' consists of the following:
	'call' operation ('p_022_2', kmeans.cpp:31) to 'abs_custom' [58]  (6.35 ns)
	'add' operation ('add_ln703_52', kmeans.cpp:31) [61]  (2.11 ns)
	'icmp' operation ('icmp_ln1495_2', kmeans.cpp:35) [67]  (2.43 ns)
INFO: [SCHED 204-11] Finished scheduling.
INFO: [HLS 200-111]  Elapsed time: 0.481 seconds; current allocated memory: 156.392 MB.
INFO: [BIND 205-100] Starting micro-architecture generation ...
INFO: [BIND 205-101] Performing variable lifetime analysis.
INFO: [BIND 205-101] Exploring resource sharing.
INFO: [BIND 205-101] Binding ...
INFO: [BIND 205-100] Finished micro-architecture generation.
INFO: [HLS 200-111]  Elapsed time: 0.403 seconds; current allocated memory: 158.929 MB.
INFO: [HLS 200-10] ----------------------------------------------------------------
INFO: [HLS 200-10] -- Generating RTL for module 'abs_custom' 
INFO: [HLS 200-10] ----------------------------------------------------------------
INFO: [RTGEN 206-100] Finished creating RTL model for 'abs_custom'.
INFO: [HLS 200-111]  Elapsed time: 0.742 seconds; current allocated memory: 159.789 MB.
INFO: [HLS 200-10] ----------------------------------------------------------------
INFO: [HLS 200-10] -- Generating RTL for module 'kmeans' 
INFO: [HLS 200-10] ----------------------------------------------------------------
INFO: [RTGEN 206-500] Setting interface mode on port 'kmeans/centroids_x_V' to 'ap_memory'.
INFO: [RTGEN 206-500] Setting interface mode on port 'kmeans/centroids_y_V' to 'ap_memory'.
INFO: [RTGEN 206-500] Setting interface mode on function 'kmeans' to 'ap_ctrl_hs'.
INFO: [SYN 201-210] Renamed object name 'kmeans_data_cluster_id' to 'kmeans_data_clustbkb' due to the length limit 20
INFO: [SYN 201-210] Renamed object name 'kmeans_sdiv_18s_17ns_17_22_seq_1' to 'kmeans_sdiv_18s_1cud' due to the length limit 20
INFO: [RTGEN 206-100] Generating core module 'kmeans_sdiv_18s_1cud': 2 instance(s).
INFO: [RTGEN 206-100] Finished creating RTL model for 'kmeans'.
INFO: [HLS 200-111]  Elapsed time: 0.3 seconds; current allocated memory: 164.423 MB.
INFO: [HLS 200-790] **** Loop Constraint Status: All loop constraints were satisfied.
INFO: [HLS 200-789] **** Estimated Fmax: 91.83 MHz
INFO: [RTMG 210-282] Generating pipelined core: 'kmeans_sdiv_18s_1cud_div'
INFO: [RTMG 210-279] Implementing memory 'kmeans_x_data_V_rom' using distributed ROMs.
INFO: [RTMG 210-279] Implementing memory 'kmeans_y_data_V_rom' using distributed ROMs.
INFO: [RTMG 210-278] Implementing memory 'kmeans_data_clustbkb_ram (RAM)' using block RAMs.
INFO: [HLS 200-111] Finished generating all RTL models Time (s): cpu = 00:00:07 ; elapsed = 00:00:17 . Memory (MB): peak = 980.211 ; gain = 886.320
INFO: [VHDL 208-304] Generating VHDL RTL for kmeans.
INFO: [VLOG 209-307] Generating Verilog RTL for kmeans.
INFO: [HLS 200-112] Total elapsed time: 17.437 seconds; peak allocated memory: 164.423 MB.
