

================================================================
== Vivado HLS Report for 'kmeans'
================================================================
* Date:           Fri Jul 22 16:05:41 2022

* Version:        2020.1 (Build 2897737 on Wed May 27 20:21:37 MDT 2020)
* Project:        kmeans_proj
* Solution:       solution3
* Product family: zynq
* Target device:  xc7z020-clg484-1


================================================================
== Performance Estimates
================================================================
+ Timing: 
    * Summary: 
    +--------+----------+-----------+------------+
    |  Clock |  Target  | Estimated | Uncertainty|
    +--------+----------+-----------+------------+
    |ap_clk  | 10.00 ns | 10.429 ns |   1.25 ns  |
    +--------+----------+-----------+------------+

+ Latency: 
    * Summary: 
    +---------+---------+----------+----------+-----+-----+---------+
    |  Latency (cycles) |  Latency (absolute) |  Interval | Pipeline|
    |   min   |   max   |    min   |    max   | min | max |   Type  |
    +---------+---------+----------+----------+-----+-----+---------+
    |      252|      292| 2.628 us | 3.045 us |  252|  292|   none  |
    +---------+---------+----------+----------+-----+-----+---------+

    + Detail: 
        * Instance: 
        +-----------------------+------------+---------+---------+----------+----------+-----+-----+---------+
        |                       |            |  Latency (cycles) |  Latency (absolute) |  Interval | Pipeline|
        |        Instance       |   Module   |   min   |   max   |    min   |    max   | min | max |   Type  |
        +-----------------------+------------+---------+---------+----------+----------+-----+-----+---------+
        |grp_abs_custom_fu_498  |abs_custom  |        0|        0|   0 ns   |   0 ns   |    0|    0|   none  |
        |grp_abs_custom_fu_503  |abs_custom  |        0|        0|   0 ns   |   0 ns   |    0|    0|   none  |
        |grp_abs_custom_fu_508  |abs_custom  |        0|        0|   0 ns   |   0 ns   |    0|    0|   none  |
        |grp_abs_custom_fu_513  |abs_custom  |        0|        0|   0 ns   |   0 ns   |    0|    0|   none  |
        |grp_abs_custom_fu_518  |abs_custom  |        0|        0|   0 ns   |   0 ns   |    0|    0|   none  |
        |grp_abs_custom_fu_523  |abs_custom  |        0|        0|   0 ns   |   0 ns   |    0|    0|   none  |
        |grp_abs_custom_fu_528  |abs_custom  |        0|        0|   0 ns   |   0 ns   |    0|    0|   none  |
        |grp_abs_custom_fu_533  |abs_custom  |        0|        0|   0 ns   |   0 ns   |    0|    0|   none  |
        +-----------------------+------------+---------+---------+----------+----------+-----+-----+---------+

        * Loop: 
        +-------------------------+---------+---------+-----------+-----------+-----------+------+----------+
        |                         |  Latency (cycles) | Iteration |  Initiation Interval  | Trip |          |
        |        Loop Name        |   min   |   max   |  Latency  |  achieved |   target  | Count| Pipelined|
        +-------------------------+---------+---------+-----------+-----------+-----------+------+----------+
        |- Loop 1                 |        2|        2|          1|          -|          -|     2|    no    |
        |- kmeans_distance_outer  |       40|       40|          8|          -|          -|     5|    no    |
        |- Loop 3                 |      206|      246| 103 ~ 123 |          -|          -|     2|    no    |
        | + Loop 3.1              |      100|      100|          2|          -|          -|    50|    no    |
        +-------------------------+---------+---------+-----------+-----------+-----------+------+----------+



================================================================
== Utilization Estimates
================================================================
* Summary: 
+-----------------+---------+-------+--------+-------+-----+
|       Name      | BRAM_18K| DSP48E|   FF   |  LUT  | URAM|
+-----------------+---------+-------+--------+-------+-----+
|DSP              |        -|      -|       -|      -|    -|
|Expression       |        -|      -|       0|   1450|    -|
|FIFO             |        -|      -|       -|      -|    -|
|Instance         |        -|      -|     454|    606|    -|
|Memory           |        1|      -|      52|     22|    0|
|Multiplexer      |        -|      -|       -|    827|    -|
|Register         |        -|      -|     933|      -|    -|
+-----------------+---------+-------+--------+-------+-----+
|Total            |        1|      0|    1439|   2905|    0|
+-----------------+---------+-------+--------+-------+-----+
|Available        |      280|    220|  106400|  53200|    0|
+-----------------+---------+-------+--------+-------+-----+
|Utilization (%)  |    ~0   |      0|       1|      5|    0|
+-----------------+---------+-------+--------+-------+-----+

+ Detail: 
    * Instance: 
    +-------------------------+----------------------+---------+-------+-----+-----+-----+
    |         Instance        |        Module        | BRAM_18K| DSP48E|  FF | LUT | URAM|
    +-------------------------+----------------------+---------+-------+-----+-----+-----+
    |grp_abs_custom_fu_498    |abs_custom            |        0|      0|    0|   41|    0|
    |grp_abs_custom_fu_503    |abs_custom            |        0|      0|    0|   41|    0|
    |grp_abs_custom_fu_508    |abs_custom            |        0|      0|    0|   41|    0|
    |grp_abs_custom_fu_513    |abs_custom            |        0|      0|    0|   41|    0|
    |grp_abs_custom_fu_518    |abs_custom            |        0|      0|    0|   41|    0|
    |grp_abs_custom_fu_523    |abs_custom            |        0|      0|    0|   41|    0|
    |grp_abs_custom_fu_528    |abs_custom            |        0|      0|    0|   41|    0|
    |grp_abs_custom_fu_533    |abs_custom            |        0|      0|    0|   41|    0|
    |kmeans_sdiv_18s_1cud_U2  |kmeans_sdiv_18s_1cud  |        0|      0|  227|  139|    0|
    |kmeans_sdiv_18s_1cud_U3  |kmeans_sdiv_18s_1cud  |        0|      0|  227|  139|    0|
    +-------------------------+----------------------+---------+-------+-----+-----+-----+
    |Total                    |                      |        0|      0|  454|  606|    0|
    +-------------------------+----------------------+---------+-------+-----+-----+-----+

    * DSP48E: 
    N/A

    * Memory: 
    +-------------------+----------------------+---------+----+----+-----+------+-----+------+-------------+
    |       Memory      |        Module        | BRAM_18K| FF | LUT| URAM| Words| Bits| Banks| W*Bits*Banks|
    +-------------------+----------------------+---------+----+----+-----+------+-----+------+-------------+
    |data_cluster_id_U  |kmeans_data_clustbkb  |        1|   0|   0|    0|    50|    1|     1|           50|
    |x_data_V_U         |kmeans_x_data_V       |        0|  26|  11|    0|    50|   13|     1|          650|
    |y_data_V_U         |kmeans_y_data_V       |        0|  26|  11|    0|    50|   13|     1|          650|
    +-------------------+----------------------+---------+----+----+-----+------+-----+------+-------------+
    |Total              |                      |        1|  52|  22|    0|   150|   27|     3|         1350|
    +-------------------+----------------------+---------+----+----+-----+------+-----+------+-------------+

    * FIFO: 
    N/A

    * Expression: 
    +-----------------------------+----------+-------+---+----+------------+------------+
    |        Variable Name        | Operation| DSP48E| FF| LUT| Bitwidth P0| Bitwidth P1|
    +-----------------------------+----------+-------+---+----+------------+------------+
    |add_ln30_1_fu_702_p2         |     +    |      0|  0|  15|           6|           2|
    |add_ln30_2_fu_770_p2         |     +    |      0|  0|  15|           6|           3|
    |add_ln30_3_fu_782_p2         |     +    |      0|  0|  15|           6|           3|
    |add_ln30_4_fu_850_p2         |     +    |      0|  0|  15|           6|           3|
    |add_ln30_5_fu_862_p2         |     +    |      0|  0|  15|           6|           3|
    |add_ln30_6_fu_930_p2         |     +    |      0|  0|  15|           6|           4|
    |add_ln30_7_fu_942_p2         |     +    |      0|  0|  15|           6|           4|
    |add_ln30_8_fu_954_p2         |     +    |      0|  0|  15|           6|           4|
    |add_ln30_fu_690_p2           |     +    |      0|  0|  15|           6|           2|
    |count_fu_1107_p2             |     +    |      0|  0|  23|          16|           1|
    |grp_fu_538_p2                |     +    |      0|  0|  24|          17|          17|
    |grp_fu_544_p2                |     +    |      0|  0|  24|          17|          17|
    |grp_fu_556_p2                |     +    |      0|  0|  24|          17|          17|
    |grp_fu_562_p2                |     +    |      0|  0|  24|          17|          17|
    |i_1_fu_1022_p2               |     +    |      0|  0|  10|           2|           1|
    |i_fu_580_p2                  |     +    |      0|  0|  10|           2|           1|
    |j_fu_1034_p2                 |     +    |      0|  0|  15|           6|           1|
    |mean_value_x_V_fu_1091_p2    |     +    |      0|  0|  24|          17|          17|
    |mean_value_y_V_fu_1101_p2    |     +    |      0|  0|  24|          17|          17|
    |sub_ln703_10_fu_732_p2       |     -    |      0|  0|  24|          17|          17|
    |sub_ln703_11_fu_737_p2       |     -    |      0|  0|  24|          17|          17|
    |sub_ln703_12_fu_746_p2       |     -    |      0|  0|  24|          17|          17|
    |sub_ln703_13_fu_755_p2       |     -    |      0|  0|  24|          17|          17|
    |sub_ln703_14_fu_760_p2       |     -    |      0|  0|  24|          17|          17|
    |sub_ln703_15_fu_765_p2       |     -    |      0|  0|  24|          17|          17|
    |sub_ln703_16_fu_798_p2       |     -    |      0|  0|  24|          17|          17|
    |sub_ln703_17_fu_807_p2       |     -    |      0|  0|  24|          17|          17|
    |sub_ln703_18_fu_812_p2       |     -    |      0|  0|  24|          17|          17|
    |sub_ln703_19_fu_817_p2       |     -    |      0|  0|  24|          17|          17|
    |sub_ln703_1_fu_647_p2        |     -    |      0|  0|  24|          17|          17|
    |sub_ln703_20_fu_826_p2       |     -    |      0|  0|  24|          17|          17|
    |sub_ln703_21_fu_835_p2       |     -    |      0|  0|  24|          17|          17|
    |sub_ln703_22_fu_840_p2       |     -    |      0|  0|  24|          17|          17|
    |sub_ln703_23_fu_845_p2       |     -    |      0|  0|  24|          17|          17|
    |sub_ln703_24_fu_878_p2       |     -    |      0|  0|  24|          17|          17|
    |sub_ln703_25_fu_887_p2       |     -    |      0|  0|  24|          17|          17|
    |sub_ln703_26_fu_892_p2       |     -    |      0|  0|  24|          17|          17|
    |sub_ln703_27_fu_897_p2       |     -    |      0|  0|  24|          17|          17|
    |sub_ln703_28_fu_906_p2       |     -    |      0|  0|  24|          17|          17|
    |sub_ln703_29_fu_915_p2       |     -    |      0|  0|  24|          17|          17|
    |sub_ln703_2_fu_652_p2        |     -    |      0|  0|  24|          17|          17|
    |sub_ln703_30_fu_920_p2       |     -    |      0|  0|  24|          17|          17|
    |sub_ln703_31_fu_925_p2       |     -    |      0|  0|  24|          17|          17|
    |sub_ln703_32_fu_964_p2       |     -    |      0|  0|  24|          17|          17|
    |sub_ln703_33_fu_973_p2       |     -    |      0|  0|  24|          17|          17|
    |sub_ln703_34_fu_978_p2       |     -    |      0|  0|  24|          17|          17|
    |sub_ln703_35_fu_983_p2       |     -    |      0|  0|  24|          17|          17|
    |sub_ln703_36_fu_992_p2       |     -    |      0|  0|  24|          17|          17|
    |sub_ln703_37_fu_1001_p2      |     -    |      0|  0|  24|          17|          17|
    |sub_ln703_38_fu_1006_p2      |     -    |      0|  0|  24|          17|          17|
    |sub_ln703_39_fu_1011_p2      |     -    |      0|  0|  24|          17|          17|
    |sub_ln703_3_fu_657_p2        |     -    |      0|  0|  24|          17|          17|
    |sub_ln703_4_fu_666_p2        |     -    |      0|  0|  24|          17|          17|
    |sub_ln703_5_fu_675_p2        |     -    |      0|  0|  24|          17|          17|
    |sub_ln703_6_fu_680_p2        |     -    |      0|  0|  24|          17|          17|
    |sub_ln703_7_fu_685_p2        |     -    |      0|  0|  24|          17|          17|
    |sub_ln703_8_fu_718_p2        |     -    |      0|  0|  24|          17|          17|
    |sub_ln703_9_fu_727_p2        |     -    |      0|  0|  24|          17|          17|
    |sub_ln703_fu_638_p2          |     -    |      0|  0|  24|          17|          17|
    |grp_fu_550_p2                |   icmp   |      0|  0|  18|          17|          17|
    |grp_fu_568_p2                |   icmp   |      0|  0|  18|          17|          17|
    |icmp_ln19_fu_574_p2          |   icmp   |      0|  0|   9|           2|           3|
    |icmp_ln30_fu_610_p2          |   icmp   |      0|  0|  11|           6|           5|
    |icmp_ln44_fu_1016_p2         |   icmp   |      0|  0|   9|           2|           3|
    |icmp_ln49_fu_1028_p2         |   icmp   |      0|  0|  11|           6|           5|
    |icmp_ln50_fu_1081_p2         |   icmp   |      0|  0|   8|           2|           2|
    |icmp_ln57_fu_1047_p2         |   icmp   |      0|  0|  13|          16|           1|
    |or_ln30_fu_622_p2            |    or    |      0|  0|   6|           6|           1|
    |count_1_fu_1129_p3           |  select  |      0|  0|  16|           1|          16|
    |mean_value_x_V_1_fu_1113_p3  |  select  |      0|  0|  17|           1|          17|
    |mean_value_y_V_1_fu_1121_p3  |  select  |      0|  0|  17|           1|          17|
    +-----------------------------+----------+-------+---+----+------------+------------+
    |Total                        |          |      0|  0|1450|         939|         918|
    +-----------------------------+----------+-------+---+----+------------+------------+

    * Multiplexer: 
    +--------------------------------+-----+-----------+-----+-----------+
    |              Name              | LUT | Input Size| Bits| Total Bits|
    +--------------------------------+-----+-----------+-----+-----------+
    |ap_NS_fsm                       |  161|         36|    1|         36|
    |centroids_x_V_address0          |   15|          3|    1|          3|
    |centroids_x_V_address1          |   15|          3|    1|          3|
    |centroids_y_V_address0          |   15|          3|    1|          3|
    |centroids_y_V_address1          |   15|          3|    1|          3|
    |data_cluster_id_address0        |   38|          7|    6|         42|
    |data_cluster_id_address1        |   33|          6|    6|         36|
    |data_cluster_id_d0              |   33|          6|    1|          6|
    |data_cluster_id_d1              |   33|          6|    1|          6|
    |grp_abs_custom_fu_498_number_V  |   33|          6|   17|        102|
    |grp_abs_custom_fu_503_number_V  |   33|          6|   17|        102|
    |grp_abs_custom_fu_508_number_V  |   33|          6|   17|        102|
    |grp_abs_custom_fu_513_number_V  |   33|          6|   17|        102|
    |grp_abs_custom_fu_518_number_V  |   33|          6|   17|        102|
    |grp_abs_custom_fu_523_number_V  |   33|          6|   17|        102|
    |grp_abs_custom_fu_528_number_V  |   33|          6|   17|        102|
    |grp_abs_custom_fu_533_number_V  |   33|          6|   17|        102|
    |i_1_0_reg_427                   |    9|          2|    6|         12|
    |i_2_reg_439                     |    9|          2|    2|          4|
    |j_1_reg_475                     |    9|          2|    6|         12|
    |p_Val2_1_reg_416                |    9|          2|    2|          4|
    |p_Val2_5_reg_463                |    9|          2|   17|         34|
    |p_Val2_s_reg_451                |    9|          2|   17|         34|
    |tmp_V_reg_486                   |    9|          2|   16|         32|
    |x_data_V_address0               |   38|          7|    6|         42|
    |x_data_V_address1               |   33|          6|    6|         36|
    |y_data_V_address0               |   38|          7|    6|         42|
    |y_data_V_address1               |   33|          6|    6|         36|
    +--------------------------------+-----+-----------+-----+-----------+
    |Total                           |  827|        161|  245|       1242|
    +--------------------------------+-----+-----------+-----+-----------+

    * Register: 
    +-------------------------------+----+----+-----+-----------+
    |              Name             | FF | LUT| Bits| Const Bits|
    +-------------------------------+----+----+-----+-----------+
    |add_ln30_8_reg_1560            |   6|   0|    6|          0|
    |ap_CS_fsm                      |  35|   0|   35|          0|
    |centroids_x_V_load_1_reg_1189  |  17|   0|   17|          0|
    |centroids_x_V_load_reg_1161    |  17|   0|   17|          0|
    |centroids_y_V_load_1_reg_1203  |  17|   0|   17|          0|
    |centroids_y_V_load_reg_1175    |  17|   0|   17|          0|
    |i_1_0_reg_427                  |   6|   0|    6|          0|
    |i_1_reg_1628                   |   2|   0|    2|          0|
    |i_2_reg_439                    |   2|   0|    2|          0|
    |icmp_ln1495_1_reg_1325         |   1|   0|    1|          0|
    |icmp_ln1495_2_reg_1400         |   1|   0|    1|          0|
    |icmp_ln1495_3_reg_1405         |   1|   0|    1|          0|
    |icmp_ln1495_4_reg_1480         |   1|   0|    1|          0|
    |icmp_ln1495_5_reg_1485         |   1|   0|    1|          0|
    |icmp_ln1495_6_reg_1565         |   1|   0|    1|          0|
    |icmp_ln1495_7_reg_1570         |   1|   0|    1|          0|
    |icmp_ln1495_8_reg_1615         |   1|   0|    1|          0|
    |icmp_ln1495_9_reg_1620         |   1|   0|    1|          0|
    |icmp_ln1495_reg_1320           |   1|   0|    1|          0|
    |icmp_ln57_reg_1656             |   1|   0|    1|          0|
    |j_1_reg_475                    |   6|   0|    6|          0|
    |j_reg_1636                     |   6|   0|    6|          0|
    |p_Val2_1_reg_416               |   2|   0|    2|          0|
    |p_Val2_5_reg_463               |  17|   0|   17|          0|
    |p_Val2_s_reg_451               |  17|   0|   17|          0|
    |sub_ln703_10_reg_1340          |  17|   0|   17|          0|
    |sub_ln703_11_reg_1345          |  17|   0|   17|          0|
    |sub_ln703_12_reg_1350          |  17|   0|   17|          0|
    |sub_ln703_13_reg_1355          |  17|   0|   17|          0|
    |sub_ln703_14_reg_1360          |  17|   0|   17|          0|
    |sub_ln703_15_reg_1365          |  17|   0|   17|          0|
    |sub_ln703_16_reg_1410          |  17|   0|   17|          0|
    |sub_ln703_17_reg_1415          |  17|   0|   17|          0|
    |sub_ln703_18_reg_1420          |  17|   0|   17|          0|
    |sub_ln703_19_reg_1425          |  17|   0|   17|          0|
    |sub_ln703_1_reg_1255           |  17|   0|   17|          0|
    |sub_ln703_20_reg_1430          |  17|   0|   17|          0|
    |sub_ln703_21_reg_1435          |  17|   0|   17|          0|
    |sub_ln703_22_reg_1440          |  17|   0|   17|          0|
    |sub_ln703_23_reg_1445          |  17|   0|   17|          0|
    |sub_ln703_24_reg_1490          |  17|   0|   17|          0|
    |sub_ln703_25_reg_1495          |  17|   0|   17|          0|
    |sub_ln703_26_reg_1500          |  17|   0|   17|          0|
    |sub_ln703_27_reg_1505          |  17|   0|   17|          0|
    |sub_ln703_28_reg_1510          |  17|   0|   17|          0|
    |sub_ln703_29_reg_1515          |  17|   0|   17|          0|
    |sub_ln703_2_reg_1260           |  17|   0|   17|          0|
    |sub_ln703_30_reg_1520          |  17|   0|   17|          0|
    |sub_ln703_31_reg_1525          |  17|   0|   17|          0|
    |sub_ln703_32_reg_1575          |  17|   0|   17|          0|
    |sub_ln703_33_reg_1580          |  17|   0|   17|          0|
    |sub_ln703_34_reg_1585          |  17|   0|   17|          0|
    |sub_ln703_35_reg_1590          |  17|   0|   17|          0|
    |sub_ln703_36_reg_1595          |  17|   0|   17|          0|
    |sub_ln703_37_reg_1600          |  17|   0|   17|          0|
    |sub_ln703_38_reg_1605          |  17|   0|   17|          0|
    |sub_ln703_39_reg_1610          |  17|   0|   17|          0|
    |sub_ln703_3_reg_1265           |  17|   0|   17|          0|
    |sub_ln703_4_reg_1270           |  17|   0|   17|          0|
    |sub_ln703_5_reg_1275           |  17|   0|   17|          0|
    |sub_ln703_6_reg_1280           |  17|   0|   17|          0|
    |sub_ln703_7_reg_1285           |  17|   0|   17|          0|
    |sub_ln703_8_reg_1330           |  17|   0|   17|          0|
    |sub_ln703_9_reg_1335           |  17|   0|   17|          0|
    |sub_ln703_reg_1250             |  17|   0|   17|          0|
    |tmp_V_reg_486                  |  16|   0|   16|          0|
    |zext_ln31_1_reg_1235           |   5|   0|   64|         59|
    |zext_ln31_2_reg_1290           |   6|   0|   64|         58|
    |zext_ln31_3_reg_1305           |   6|   0|   64|         58|
    |zext_ln31_4_reg_1370           |   6|   0|   64|         58|
    |zext_ln31_5_reg_1385           |   6|   0|   64|         58|
    |zext_ln31_6_reg_1450           |   6|   0|   64|         58|
    |zext_ln31_7_reg_1465           |   6|   0|   64|         58|
    |zext_ln31_8_reg_1530           |   6|   0|   64|         58|
    |zext_ln31_9_reg_1545           |   6|   0|   64|         58|
    |zext_ln31_reg_1220             |   6|   0|   64|         58|
    +-------------------------------+----+----+-----+-----------+
    |Total                          | 933|   0| 1514|        581|
    +-------------------------------+----+----+-----+-----------+



================================================================
== Interface
================================================================
* Summary: 
+------------------------+-----+-----+------------+---------------+--------------+
|        RTL Ports       | Dir | Bits|  Protocol  | Source Object |    C Type    |
+------------------------+-----+-----+------------+---------------+--------------+
|ap_clk                  |  in |    1| ap_ctrl_hs |     kmeans    | return value |
|ap_rst                  |  in |    1| ap_ctrl_hs |     kmeans    | return value |
|ap_start                |  in |    1| ap_ctrl_hs |     kmeans    | return value |
|ap_done                 | out |    1| ap_ctrl_hs |     kmeans    | return value |
|ap_idle                 | out |    1| ap_ctrl_hs |     kmeans    | return value |
|ap_ready                | out |    1| ap_ctrl_hs |     kmeans    | return value |
|centroids_x_V_address0  | out |    1|  ap_memory | centroids_x_V |     array    |
|centroids_x_V_ce0       | out |    1|  ap_memory | centroids_x_V |     array    |
|centroids_x_V_we0       | out |    1|  ap_memory | centroids_x_V |     array    |
|centroids_x_V_d0        | out |   17|  ap_memory | centroids_x_V |     array    |
|centroids_x_V_q0        |  in |   17|  ap_memory | centroids_x_V |     array    |
|centroids_x_V_address1  | out |    1|  ap_memory | centroids_x_V |     array    |
|centroids_x_V_ce1       | out |    1|  ap_memory | centroids_x_V |     array    |
|centroids_x_V_we1       | out |    1|  ap_memory | centroids_x_V |     array    |
|centroids_x_V_d1        | out |   17|  ap_memory | centroids_x_V |     array    |
|centroids_x_V_q1        |  in |   17|  ap_memory | centroids_x_V |     array    |
|centroids_y_V_address0  | out |    1|  ap_memory | centroids_y_V |     array    |
|centroids_y_V_ce0       | out |    1|  ap_memory | centroids_y_V |     array    |
|centroids_y_V_we0       | out |    1|  ap_memory | centroids_y_V |     array    |
|centroids_y_V_d0        | out |   17|  ap_memory | centroids_y_V |     array    |
|centroids_y_V_q0        |  in |   17|  ap_memory | centroids_y_V |     array    |
|centroids_y_V_address1  | out |    1|  ap_memory | centroids_y_V |     array    |
|centroids_y_V_ce1       | out |    1|  ap_memory | centroids_y_V |     array    |
|centroids_y_V_we1       | out |    1|  ap_memory | centroids_y_V |     array    |
|centroids_y_V_d1        | out |   17|  ap_memory | centroids_y_V |     array    |
|centroids_y_V_q1        |  in |   17|  ap_memory | centroids_y_V |     array    |
+------------------------+-----+-----+------------+---------------+--------------+

