==============================================================
Vivado(TM) HLS - High-Level Synthesis from C, C++ and SystemC v2020.1 (64-bit)
Copyright 1986-2020 Xilinx, Inc. All Rights Reserved.
==============================================================
INFO: [SYN 201-201] Setting up clock 'default' with a period of 10ns.
INFO: [HLS 200-10] Setting target device to 'xc7z020-clg484-1'
INFO: [SIM 211-2] *************** CSIM start ***************
INFO: [SIM 211-4] CSIM will launch GCC as the compiler.
INFO: [SIM 211-1] CSim done with 0 errors.
INFO: [SIM 211-3] *************** CSIM finish ***************
==============================================================
Vivado(TM) HLS - High-Level Synthesis from C, C++ and SystemC v2020.1 (64-bit)
Copyright 1986-2020 Xilinx, Inc. All Rights Reserved.
==============================================================
INFO: [SYN 201-201] Setting up clock 'default' with a period of 10ns.
INFO: [HLS 200-10] Setting target device to 'xc7z020-clg484-1'
INFO: [SCHED 204-61] Option 'relax_ii_for_timing' is enabled, will increase II to preserve clock frequency constraints.
INFO: [HLS 200-10] Analyzing design file 'kmeans.cpp' ... 
INFO: [HLS 200-111] Finished Linking Time (s): cpu = 00:00:02 ; elapsed = 00:00:11 . Memory (MB): peak = 992.086 ; gain = 897.543
INFO: [HLS 200-111] Finished Checking Pragmas Time (s): cpu = 00:00:02 ; elapsed = 00:00:11 . Memory (MB): peak = 992.086 ; gain = 897.543
INFO: [HLS 200-10] Starting code transformations ...
INFO: [HLS 200-111] Finished Standard Transforms Time (s): cpu = 00:00:04 ; elapsed = 00:00:14 . Memory (MB): peak = 992.086 ; gain = 897.543
INFO: [HLS 200-10] Checking synthesizability ...
INFO: [XFORM 203-602] Inlining function 'fp_struct<double>::data' into 'fp_struct<double>::to_double' (r:/builds/2020.1/continuous/2020_05_27_2902540/src/products/hls/hls_lib/src/hls\utils/x_hls_utils.h:512) automatically.
INFO: [XFORM 203-602] Inlining function 'fp_struct<double>::to_double' into 'fp_struct<double>::to_ieee' (r:/builds/2020.1/continuous/2020_05_27_2902540/src/products/hls/hls_lib/src/hls\utils/x_hls_utils.h:526) automatically.
INFO: [XFORM 203-602] Inlining function 'pow_reduce::log_range_reduce<ap_fixed<121, 12, (ap_q_mode)5, (ap_o_mode)3, 0>, 4, 4, 71, 73>' into 'pow_reduce::pow_traits<double>::log_range_reduction<71>' (r:/builds/2020.1/continuous/2020_05_27_2902540/src/products/hls/hls_lib/hlsmath/include/FloatingPoint\hls_pow.h:225) automatically.
INFO: [XFORM 203-602] Inlining function 'pow_reduce::log_range_reduce<ap_fixed<121, 12, (ap_q_mode)5, (ap_o_mode)3, 0>, 7, 6, 73, 83>' into 'pow_reduce::pow_traits<double>::log_range_reduction<71>' (r:/builds/2020.1/continuous/2020_05_27_2902540/src/products/hls/hls_lib/hlsmath/include/FloatingPoint\hls_pow.h:227) automatically.
INFO: [XFORM 203-602] Inlining function 'pow_reduce::log_range_reduce<ap_fixed<121, 12, (ap_q_mode)5, (ap_o_mode)3, 0>, 12, 6, 83, 92>' into 'pow_reduce::pow_traits<double>::log_range_reduction<71>' (r:/builds/2020.1/continuous/2020_05_27_2902540/src/products/hls/hls_lib/hlsmath/include/FloatingPoint\hls_pow.h:229) automatically.
INFO: [XFORM 203-602] Inlining function 'pow_reduce::log_range_reduce<ap_fixed<121, 12, (ap_q_mode)5, (ap_o_mode)3, 0>, 17, 6, 92, 87>' into 'pow_reduce::pow_traits<double>::log_range_reduction<71>' (r:/builds/2020.1/continuous/2020_05_27_2902540/src/products/hls/hls_lib/hlsmath/include/FloatingPoint\hls_pow.h:231) automatically.
INFO: [XFORM 203-602] Inlining function 'pow_reduce::log_range_reduce<ap_fixed<121, 12, (ap_q_mode)5, (ap_o_mode)3, 0>, 22, 6, 87, 82>' into 'pow_reduce::pow_traits<double>::log_range_reduction<71>' (r:/builds/2020.1/continuous/2020_05_27_2902540/src/products/hls/hls_lib/hlsmath/include/FloatingPoint\hls_pow.h:233) automatically.
INFO: [XFORM 203-602] Inlining function 'pow_reduce::log_range_reduce<ap_fixed<121, 12, (ap_q_mode)5, (ap_o_mode)3, 0>, 27, 6, 82, 77>' into 'pow_reduce::pow_traits<double>::log_range_reduction<71>' (r:/builds/2020.1/continuous/2020_05_27_2902540/src/products/hls/hls_lib/hlsmath/include/FloatingPoint\hls_pow.h:235) automatically.
INFO: [XFORM 203-602] Inlining function 'pow_reduce::log_range_reduce<ap_fixed<121, 12, (ap_q_mode)5, (ap_o_mode)3, 0>, 32, 6, 77, 72>' into 'pow_reduce::pow_traits<double>::log_range_reduction<71>' (r:/builds/2020.1/continuous/2020_05_27_2902540/src/products/hls/hls_lib/hlsmath/include/FloatingPoint\hls_pow.h:237) automatically.
INFO: [XFORM 203-602] Inlining function 'fp_struct<double>::expv' into 'pow_reduce::pow_generic<double>' (r:/builds/2020.1/continuous/2020_05_27_2902540/src/products/hls/hls_lib/hlsmath/include/FloatingPoint\hls_pow.h:334) automatically.
INFO: [XFORM 203-602] Inlining function 'generic_isinf<double>' into 'pow_reduce::pow_generic<double>' (r:/builds/2020.1/continuous/2020_05_27_2902540/src/products/hls/hls_lib/hlsmath/include/FloatingPoint\hls_pow.h:373) automatically.
INFO: [XFORM 203-602] Inlining function 'generic_isnan<double>' into 'pow_reduce::pow_generic<double>' (r:/builds/2020.1/continuous/2020_05_27_2902540/src/products/hls/hls_lib/hlsmath/include/FloatingPoint\hls_pow.h:375) automatically.
INFO: [XFORM 203-602] Inlining function 'pow_reduce::pow_traits<double>::exp_Z1P_m_1' into 'pow_reduce::pow_generic<double>' (r:/builds/2020.1/continuous/2020_05_27_2902540/src/products/hls/hls_lib/hlsmath/include/FloatingPoint\hls_pow.h:641) automatically.
INFO: [XFORM 203-602] Inlining function 'pow' into 'kmeans' (kmeans.cpp:25) automatically.
INFO: [HLS 200-111] Finished Checking Synthesizability Time (s): cpu = 00:00:05 ; elapsed = 00:00:15 . Memory (MB): peak = 992.086 ; gain = 897.543
INFO: [XFORM 203-502] Unrolling small iteration loop 'Loop-2' (kmeans.cpp:21) in function 'kmeans' automatically.
INFO: [XFORM 203-502] Unrolling small iteration loop 'Loop-2.1.1' (kmeans.cpp:27) in function 'kmeans' automatically.
INFO: [HLS 200-489] Unrolling loop 'Loop-2' (kmeans.cpp:21) in function 'kmeans' completely with a factor of 1.
INFO: [HLS 200-489] Unrolling loop 'Loop-2.1.1' (kmeans.cpp:27) in function 'kmeans' completely with a factor of 1.
INFO: [XFORM 203-602] Inlining function 'fp_struct<double>::data' into 'fp_struct<double>::to_double' (r:/builds/2020.1/continuous/2020_05_27_2902540/src/products/hls/hls_lib/src/hls\utils/x_hls_utils.h:512) automatically.
INFO: [XFORM 203-602] Inlining function 'fp_struct<double>::to_double' into 'fp_struct<double>::to_ieee' (r:/builds/2020.1/continuous/2020_05_27_2902540/src/products/hls/hls_lib/src/hls\utils/x_hls_utils.h:526) automatically.
INFO: [XFORM 203-602] Inlining function 'pow_reduce::log_range_reduce<ap_fixed<121, 12, (ap_q_mode)5, (ap_o_mode)3, 0>, 4, 4, 71, 73>' into 'pow_reduce::pow_traits<double>::log_range_reduction<71>' (r:/builds/2020.1/continuous/2020_05_27_2902540/src/products/hls/hls_lib/hlsmath/include/FloatingPoint\hls_pow.h:225) automatically.
INFO: [XFORM 203-602] Inlining function 'pow_reduce::log_range_reduce<ap_fixed<121, 12, (ap_q_mode)5, (ap_o_mode)3, 0>, 7, 6, 73, 83>' into 'pow_reduce::pow_traits<double>::log_range_reduction<71>' (r:/builds/2020.1/continuous/2020_05_27_2902540/src/products/hls/hls_lib/hlsmath/include/FloatingPoint\hls_pow.h:227) automatically.
INFO: [XFORM 203-602] Inlining function 'pow_reduce::log_range_reduce<ap_fixed<121, 12, (ap_q_mode)5, (ap_o_mode)3, 0>, 12, 6, 83, 92>' into 'pow_reduce::pow_traits<double>::log_range_reduction<71>' (r:/builds/2020.1/continuous/2020_05_27_2902540/src/products/hls/hls_lib/hlsmath/include/FloatingPoint\hls_pow.h:229) automatically.
INFO: [XFORM 203-602] Inlining function 'pow_reduce::log_range_reduce<ap_fixed<121, 12, (ap_q_mode)5, (ap_o_mode)3, 0>, 17, 6, 92, 87>' into 'pow_reduce::pow_traits<double>::log_range_reduction<71>' (r:/builds/2020.1/continuous/2020_05_27_2902540/src/products/hls/hls_lib/hlsmath/include/FloatingPoint\hls_pow.h:231) automatically.
INFO: [XFORM 203-602] Inlining function 'pow_reduce::log_range_reduce<ap_fixed<121, 12, (ap_q_mode)5, (ap_o_mode)3, 0>, 22, 6, 87, 82>' into 'pow_reduce::pow_traits<double>::log_range_reduction<71>' (r:/builds/2020.1/continuous/2020_05_27_2902540/src/products/hls/hls_lib/hlsmath/include/FloatingPoint\hls_pow.h:233) automatically.
INFO: [XFORM 203-602] Inlining function 'pow_reduce::log_range_reduce<ap_fixed<121, 12, (ap_q_mode)5, (ap_o_mode)3, 0>, 27, 6, 82, 77>' into 'pow_reduce::pow_traits<double>::log_range_reduction<71>' (r:/builds/2020.1/continuous/2020_05_27_2902540/src/products/hls/hls_lib/hlsmath/include/FloatingPoint\hls_pow.h:235) automatically.
INFO: [XFORM 203-602] Inlining function 'pow_reduce::log_range_reduce<ap_fixed<121, 12, (ap_q_mode)5, (ap_o_mode)3, 0>, 32, 6, 77, 72>' into 'pow_reduce::pow_traits<double>::log_range_reduction<71>' (r:/builds/2020.1/continuous/2020_05_27_2902540/src/products/hls/hls_lib/hlsmath/include/FloatingPoint\hls_pow.h:237) automatically.
INFO: [XFORM 203-602] Inlining function 'fp_struct<double>::expv' into 'pow_reduce::pow_generic<double>' (r:/builds/2020.1/continuous/2020_05_27_2902540/src/products/hls/hls_lib/hlsmath/include/FloatingPoint\hls_pow.h:334) automatically.
INFO: [XFORM 203-602] Inlining function 'generic_isinf<double>' into 'pow_reduce::pow_generic<double>' (r:/builds/2020.1/continuous/2020_05_27_2902540/src/products/hls/hls_lib/hlsmath/include/FloatingPoint\hls_pow.h:373) automatically.
INFO: [XFORM 203-602] Inlining function 'generic_isnan<double>' into 'pow_reduce::pow_generic<double>' (r:/builds/2020.1/continuous/2020_05_27_2902540/src/products/hls/hls_lib/hlsmath/include/FloatingPoint\hls_pow.h:375) automatically.
INFO: [XFORM 203-602] Inlining function 'fp_struct<double>::to_ieee' into 'pow_reduce::pow_generic<double>' (r:/builds/2020.1/continuous/2020_05_27_2902540/src/products/hls/hls_lib/hlsmath/include/FloatingPoint\hls_pow.h:412) automatically.
INFO: [XFORM 203-602] Inlining function 'pow_reduce::pow_traits<double>::exp_Z1P_m_1' into 'pow_reduce::pow_generic<double>' (r:/builds/2020.1/continuous/2020_05_27_2902540/src/products/hls/hls_lib/hlsmath/include/FloatingPoint\hls_pow.h:641) automatically.
INFO: [XFORM 203-602] Inlining function 'pow' into 'kmeans' (kmeans.cpp:25) automatically.
INFO: [XFORM 203-401] Performing if-conversion on hyperblock from (r:/builds/2020.1/continuous/2020_05_27_2902540/src/products/hls/hls_lib/hlsmath/include/FloatingPoint\hls_pow.h:488:26) to (r:/builds/2020.1/continuous/2020_05_27_2902540/src/products/hls/hls_lib/hlsmath/include/FloatingPoint\hls_pow.h:657:25) in function 'pow_reduce::pow_generic<double>'... converting 7 basic blocks.
INFO: [XFORM 203-401] Performing if-conversion on hyperblock from (kmeans.cpp:44:17) to (kmeans.cpp:43:32) in function 'kmeans'... converting 3 basic blocks.
INFO: [XFORM 203-602] Inlining function 'pow_reduce::pow_traits<double>::log_range_reduction<71>' into 'pow_reduce::pow_generic<double>' (r:/builds/2020.1/continuous/2020_05_27_2902540/src/products/hls/hls_lib/hlsmath/include/FloatingPoint\hls_pow.h:548) automatically.
INFO: [XFORM 203-11] Balancing expressions in function 'pow_reduce::pow_generic<double>' (r:/builds/2020.1/continuous/2020_05_27_2902540/src/products/hls/hls_lib/hlsmath/include/FloatingPoint\hls_pow.h:320)...7 expression(s) balanced.
INFO: [HLS 200-111] Finished Pre-synthesis Time (s): cpu = 00:00:06 ; elapsed = 00:00:16 . Memory (MB): peak = 992.086 ; gain = 897.543
WARNING: [XFORM 203-631] Renaming function 'pow_reduce::pow_generic<double>' to 'pow_generic<double>' (r:/builds/2020.1/continuous/2020_05_27_2902540/src/products/hls/hls_lib/hlsmath/include/FloatingPoint\hls_pow.h:320)
INFO: [HLS 200-472] Inferring partial write operation for 'centroids_x' (kmeans.cpp:14:6)
INFO: [HLS 200-472] Inferring partial write operation for 'centroids_y' (kmeans.cpp:15:6)
INFO: [HLS 200-472] Inferring partial write operation for 'centroids_x' (kmeans.cpp:52:17)
INFO: [HLS 200-472] Inferring partial write operation for 'centroids_y' (kmeans.cpp:53:17)
INFO: [HLS 200-472] Inferring partial write operation for 'data_cluster_id' (kmeans.cpp:34:13)
INFO: [HLS 200-111] Finished Architecture Synthesis Time (s): cpu = 00:00:07 ; elapsed = 00:00:17 . Memory (MB): peak = 992.086 ; gain = 897.543
INFO: [HLS 200-10] Starting hardware synthesis ...
INFO: [HLS 200-10] Synthesizing 'kmeans' ...
WARNING: [SYN 201-103] Legalizing function name 'pow_generic<double>' to 'pow_generic_double_s'.
INFO: [HLS 200-10] ----------------------------------------------------------------
INFO: [HLS 200-42] -- Implementing module 'pow_generic_double_s' 
INFO: [HLS 200-10] ----------------------------------------------------------------
INFO: [SCHED 204-11] Starting scheduling ...
INFO: [SCHED 204-61] Pipelining function 'pow_generic<double>'.
INFO: [SCHED 204-61] Pipelining result : Target II = 1, Final II = 1, Depth = 67.
WARNING: [SCHED 204-21] Estimated clock period (9.514ns) exceeds the target (target clock period: 10ns, clock uncertainty: 1.25ns, effective delay budget: 8.75ns).
WARNING: [SCHED 204-21] The critical path in module 'pow_generic_double_s' consists of the following:
	'mul' operation of DSP[253] ('r.V', r:/builds/2020.1/continuous/2020_05_27_2902540/src/products/hls/hls_lib/hlsmath/include/FloatingPoint\hls_pow.h:592) [250]  (3.36 ns)
	'add' operation of DSP[253] ('ret.V', r:/builds/2020.1/continuous/2020_05_27_2902540/src/products/hls/hls_lib/hlsmath/include/FloatingPoint\hls_pow.h:592) [253]  (3.02 ns)
	'icmp' operation ('icmp_ln805', r:/builds/2020.1/continuous/2020_05_27_2902540/src/products/hls/hls_lib/hlsmath/include/FloatingPoint\hls_pow.h:592) [257]  (2.43 ns)
	'select' operation ('select_ln805', r:/builds/2020.1/continuous/2020_05_27_2902540/src/products/hls/hls_lib/hlsmath/include/FloatingPoint\hls_pow.h:592) [259]  (0 ns)
	'select' operation ('r_exp.V', r:/builds/2020.1/continuous/2020_05_27_2902540/src/products/hls/hls_lib/hlsmath/include/FloatingPoint\hls_pow.h:592) [260]  (0.7 ns)
INFO: [SCHED 204-11] Finished scheduling.
INFO: [HLS 200-111]  Elapsed time: 17.438 seconds; current allocated memory: 386.897 MB.
INFO: [BIND 205-100] Starting micro-architecture generation ...
INFO: [BIND 205-101] Performing variable lifetime analysis.
INFO: [BIND 205-101] Exploring resource sharing.
INFO: [BIND 205-101] Binding ...
INFO: [BIND 205-100] Finished micro-architecture generation.
INFO: [HLS 200-111]  Elapsed time: 0.333 seconds; current allocated memory: 388.264 MB.
INFO: [HLS 200-10] ----------------------------------------------------------------
INFO: [HLS 200-42] -- Implementing module 'kmeans' 
INFO: [HLS 200-10] ----------------------------------------------------------------
INFO: [SCHED 204-11] Starting scheduling ...
INFO: [SCHED 204-11] Finished scheduling.
INFO: [HLS 200-111]  Elapsed time: 0.477 seconds; current allocated memory: 389.112 MB.
INFO: [BIND 205-100] Starting micro-architecture generation ...
INFO: [BIND 205-101] Performing variable lifetime analysis.
INFO: [BIND 205-101] Exploring resource sharing.
INFO: [BIND 205-101] Binding ...
INFO: [BIND 205-100] Finished micro-architecture generation.
INFO: [HLS 200-111]  Elapsed time: 1.288 seconds; current allocated memory: 390.892 MB.
INFO: [HLS 200-10] ----------------------------------------------------------------
INFO: [HLS 200-10] -- Generating RTL for module 'pow_generic_double_s' 
INFO: [HLS 200-10] ----------------------------------------------------------------
INFO: [SYN 201-210] Renamed object name 'pow_generic_double_s_pow_reduce_anonymo_20' to 'pow_generic_doublbkb' due to the length limit 20
INFO: [SYN 201-210] Renamed object name 'pow_generic_double_s_pow_reduce_anonymo_19' to 'pow_generic_doublcud' due to the length limit 20
INFO: [SYN 201-210] Renamed object name 'pow_generic_double_s_pow_reduce_anonymo_16' to 'pow_generic_doubldEe' due to the length limit 20
INFO: [SYN 201-210] Renamed object name 'pow_generic_double_s_pow_reduce_anonymo_17' to 'pow_generic_doubleOg' due to the length limit 20
INFO: [SYN 201-210] Renamed object name 'pow_generic_double_s_pow_reduce_anonymo_9' to 'pow_generic_doublfYi' due to the length limit 20
INFO: [SYN 201-210] Renamed object name 'pow_generic_double_s_pow_reduce_anonymo_12' to 'pow_generic_doublg8j' due to the length limit 20
INFO: [SYN 201-210] Renamed object name 'pow_generic_double_s_pow_reduce_anonymo_13' to 'pow_generic_doublhbi' due to the length limit 20
INFO: [SYN 201-210] Renamed object name 'pow_generic_double_s_pow_reduce_anonymo_14' to 'pow_generic_doublibs' due to the length limit 20
INFO: [SYN 201-210] Renamed object name 'pow_generic_double_s_pow_reduce_anonymo_15' to 'pow_generic_doubljbC' due to the length limit 20
INFO: [SYN 201-210] Renamed object name 'pow_generic_double_s_pow_reduce_anonymo_18' to 'pow_generic_doublkbM' due to the length limit 20
INFO: [SYN 201-210] Renamed object name 'pow_generic_double_s_pow_reduce_anonymo' to 'pow_generic_doubllbW' due to the length limit 20
INFO: [SYN 201-210] Renamed object name 'pow_generic_double_s_pow_reduce_anonymo_21' to 'pow_generic_doublmb6' due to the length limit 20
INFO: [SYN 201-210] Renamed object name 'kmeans_mul_54s_6ns_54_2_1' to 'kmeans_mul_54s_6nncg' due to the length limit 20
INFO: [SYN 201-210] Renamed object name 'kmeans_mul_71ns_4ns_75_5_1' to 'kmeans_mul_71ns_4ocq' due to the length limit 20
INFO: [SYN 201-210] Renamed object name 'kmeans_mul_73ns_6ns_79_5_1' to 'kmeans_mul_73ns_6pcA' due to the length limit 20
INFO: [SYN 201-210] Renamed object name 'kmeans_mul_83ns_6ns_89_5_1' to 'kmeans_mul_83ns_6qcK' due to the length limit 20
INFO: [SYN 201-210] Renamed object name 'kmeans_mul_92ns_6ns_98_5_1' to 'kmeans_mul_92ns_6rcU' due to the length limit 20
INFO: [SYN 201-210] Renamed object name 'kmeans_mul_87ns_6ns_93_5_1' to 'kmeans_mul_87ns_6sc4' due to the length limit 20
INFO: [SYN 201-210] Renamed object name 'kmeans_mul_82ns_6ns_88_5_1' to 'kmeans_mul_82ns_6tde' due to the length limit 20
INFO: [SYN 201-210] Renamed object name 'kmeans_mul_77ns_6ns_83_5_1' to 'kmeans_mul_77ns_6udo' due to the length limit 20
INFO: [SYN 201-210] Renamed object name 'kmeans_mul_80ns_12s_90_5_1' to 'kmeans_mul_80ns_1vdy' due to the length limit 20
INFO: [SYN 201-210] Renamed object name 'kmeans_mul_72ns_13s_83_5_1' to 'kmeans_mul_72ns_1wdI' due to the length limit 20
INFO: [SYN 201-210] Renamed object name 'kmeans_mul_43ns_36ns_79_2_1' to 'kmeans_mul_43ns_3xdS' due to the length limit 20
INFO: [SYN 201-210] Renamed object name 'kmeans_mul_49ns_44ns_93_2_1' to 'kmeans_mul_49ns_4yd2' due to the length limit 20
INFO: [SYN 201-210] Renamed object name 'kmeans_mul_50ns_50ns_100_2_1' to 'kmeans_mul_50ns_5zec' due to the length limit 20
INFO: [SYN 201-210] Renamed object name 'kmeans_mac_muladd_16ns_16s_19s_31_1_1' to 'kmeans_mac_muladdAem' due to the length limit 20
INFO: [RTGEN 206-104] Estimated max fanout for 'pow_generic_double_s' is 11134 from HDL expression: (1'b0 == ap_block_pp0_stage0_11001)
INFO: [RTGEN 206-100] Generating core module 'kmeans_mac_muladdAem': 1 instance(s).
INFO: [RTGEN 206-100] Generating core module 'kmeans_mul_43ns_3xdS': 1 instance(s).
INFO: [RTGEN 206-100] Generating core module 'kmeans_mul_49ns_4yd2': 1 instance(s).
INFO: [RTGEN 206-100] Generating core module 'kmeans_mul_50ns_5zec': 1 instance(s).
INFO: [RTGEN 206-100] Generating core module 'kmeans_mul_54s_6nncg': 1 instance(s).
INFO: [RTGEN 206-100] Generating core module 'kmeans_mul_71ns_4ocq': 1 instance(s).
INFO: [RTGEN 206-100] Generating core module 'kmeans_mul_72ns_1wdI': 1 instance(s).
INFO: [RTGEN 206-100] Generating core module 'kmeans_mul_73ns_6pcA': 1 instance(s).
INFO: [RTGEN 206-100] Generating core module 'kmeans_mul_77ns_6udo': 1 instance(s).
INFO: [RTGEN 206-100] Generating core module 'kmeans_mul_80ns_1vdy': 1 instance(s).
INFO: [RTGEN 206-100] Generating core module 'kmeans_mul_82ns_6tde': 1 instance(s).
INFO: [RTGEN 206-100] Generating core module 'kmeans_mul_83ns_6qcK': 1 instance(s).
INFO: [RTGEN 206-100] Generating core module 'kmeans_mul_87ns_6sc4': 1 instance(s).
INFO: [RTGEN 206-100] Generating core module 'kmeans_mul_92ns_6rcU': 1 instance(s).
INFO: [RTGEN 206-100] Finished creating RTL model for 'pow_generic_double_s'.
INFO: [HLS 200-111]  Elapsed time: 1.38 seconds; current allocated memory: 395.775 MB.
INFO: [HLS 200-10] ----------------------------------------------------------------
INFO: [HLS 200-10] -- Generating RTL for module 'kmeans' 
INFO: [HLS 200-10] ----------------------------------------------------------------
INFO: [RTGEN 206-500] Setting interface mode on port 'kmeans/centroids_x' to 'ap_memory'.
INFO: [RTGEN 206-500] Setting interface mode on port 'kmeans/centroids_y' to 'ap_memory'.
INFO: [RTGEN 206-500] Setting interface mode on function 'kmeans' to 'ap_ctrl_hs'.
INFO: [SYN 201-210] Renamed object name 'kmeans_data_cluster_id' to 'kmeans_data_clustBew' due to the length limit 20
INFO: [SYN 201-210] Renamed object name 'kmeans_faddfsub_32ns_32ns_32_5_full_dsp_1' to 'kmeans_faddfsub_3CeG' due to the length limit 20
INFO: [SYN 201-210] Renamed object name 'kmeans_fsub_32ns_32ns_32_5_full_dsp_1' to 'kmeans_fsub_32ns_DeQ' due to the length limit 20
INFO: [SYN 201-210] Renamed object name 'kmeans_fdiv_32ns_32ns_32_16_1' to 'kmeans_fdiv_32ns_Ee0' due to the length limit 20
INFO: [SYN 201-210] Renamed object name 'kmeans_sitofp_32ns_32_6_1' to 'kmeans_sitofp_32nFfa' due to the length limit 20
INFO: [SYN 201-210] Renamed object name 'kmeans_fptrunc_64ns_32_2_1' to 'kmeans_fptrunc_64Gfk' due to the length limit 20
INFO: [SYN 201-210] Renamed object name 'kmeans_fpext_32ns_64_2_1' to 'kmeans_fpext_32nsHfu' due to the length limit 20
INFO: [SYN 201-210] Renamed object name 'kmeans_fcmp_32ns_32ns_1_2_1' to 'kmeans_fcmp_32ns_IfE' due to the length limit 20
INFO: [SYN 201-210] Renamed object name 'kmeans_dadd_64ns_64ns_64_5_full_dsp_1' to 'kmeans_dadd_64ns_JfO' due to the length limit 20
INFO: [RTGEN 206-100] Generating core module 'kmeans_dadd_64ns_JfO': 2 instance(s).
INFO: [RTGEN 206-100] Generating core module 'kmeans_faddfsub_3CeG': 2 instance(s).
INFO: [RTGEN 206-100] Generating core module 'kmeans_fcmp_32ns_IfE': 1 instance(s).
INFO: [RTGEN 206-100] Generating core module 'kmeans_fdiv_32ns_Ee0': 2 instance(s).
INFO: [RTGEN 206-100] Generating core module 'kmeans_fpext_32nsHfu': 4 instance(s).
INFO: [RTGEN 206-100] Generating core module 'kmeans_fptrunc_64Gfk': 2 instance(s).
INFO: [RTGEN 206-100] Generating core module 'kmeans_fsub_32ns_DeQ': 2 instance(s).
INFO: [RTGEN 206-100] Generating core module 'kmeans_sitofp_32nFfa': 1 instance(s).
INFO: [RTGEN 206-100] Finished creating RTL model for 'kmeans'.
INFO: [HLS 200-111]  Elapsed time: 1.126 seconds; current allocated memory: 402.636 MB.
INFO: [HLS 200-790] **** Loop Constraint Status: All loop constraints were satisfied.
INFO: [HLS 200-789] **** Estimated Fmax: 105.11 MHz
INFO: [RTMG 210-282] Generating pipelined core: 'kmeans_mul_54s_6nncg_MulnS_0'
INFO: [RTMG 210-282] Generating pipelined core: 'kmeans_mul_71ns_4ocq_MulnS_1'
INFO: [RTMG 210-282] Generating pipelined core: 'kmeans_mul_73ns_6pcA_MulnS_2'
INFO: [RTMG 210-282] Generating pipelined core: 'kmeans_mul_83ns_6qcK_MulnS_3'
INFO: [RTMG 210-282] Generating pipelined core: 'kmeans_mul_92ns_6rcU_MulnS_4'
INFO: [RTMG 210-282] Generating pipelined core: 'kmeans_mul_87ns_6sc4_MulnS_5'
INFO: [RTMG 210-282] Generating pipelined core: 'kmeans_mul_82ns_6tde_MulnS_6'
INFO: [RTMG 210-282] Generating pipelined core: 'kmeans_mul_77ns_6udo_MulnS_7'
INFO: [RTMG 210-282] Generating pipelined core: 'kmeans_mul_80ns_1vdy_MulnS_8'
INFO: [RTMG 210-282] Generating pipelined core: 'kmeans_mul_72ns_1wdI_MulnS_9'
INFO: [RTMG 210-282] Generating pipelined core: 'kmeans_mul_43ns_3xdS_MulnS_10'
INFO: [RTMG 210-282] Generating pipelined core: 'kmeans_mul_49ns_4yd2_MulnS_11'
INFO: [RTMG 210-282] Generating pipelined core: 'kmeans_mul_50ns_5zec_MulnS_12'
INFO: [RTMG 210-279] Implementing memory 'pow_generic_doublbkb_rom' using distributed ROMs.
INFO: [RTMG 210-279] Implementing memory 'pow_generic_doublcud_rom' using auto ROMs.
INFO: [RTMG 210-279] Implementing memory 'pow_generic_doubldEe_rom' using auto ROMs.
INFO: [RTMG 210-279] Implementing memory 'pow_generic_doubleOg_rom' using auto ROMs.
INFO: [RTMG 210-279] Implementing memory 'pow_generic_doublfYi_rom' using auto ROMs.
INFO: [RTMG 210-279] Implementing memory 'pow_generic_doublg8j_rom' using auto ROMs.
INFO: [RTMG 210-279] Implementing memory 'pow_generic_doublhbi_rom' using auto ROMs.
INFO: [RTMG 210-279] Implementing memory 'pow_generic_doublibs_rom' using auto ROMs.
INFO: [RTMG 210-279] Implementing memory 'pow_generic_doubljbC_rom' using auto ROMs.
INFO: [RTMG 210-279] Implementing memory 'pow_generic_doublkbM_rom' using auto ROMs.
INFO: [RTMG 210-279] Implementing memory 'pow_generic_doubllbW_rom' using auto ROMs.
INFO: [RTMG 210-279] Implementing memory 'pow_generic_doublmb6_rom' using auto ROMs.
INFO: [RTMG 210-279] Implementing memory 'kmeans_x_data_rom' using auto ROMs.
INFO: [RTMG 210-279] Implementing memory 'kmeans_y_data_rom' using auto ROMs.
INFO: [RTMG 210-278] Implementing memory 'kmeans_data_clustBew_ram (RAM)' using distributed RAMs.
INFO: [HLS 200-111] Finished generating all RTL models Time (s): cpu = 00:00:19 ; elapsed = 00:00:30 . Memory (MB): peak = 992.086 ; gain = 897.543
INFO: [VHDL 208-304] Generating VHDL RTL for kmeans.
INFO: [VLOG 209-307] Generating Verilog RTL for kmeans.
INFO: [HLS 200-112] Total elapsed time: 30.071 seconds; peak allocated memory: 402.636 MB.
